------------------------------------------------------------
2021-01-06 00:53:07,058 [1] - System.ArgumentOutOfRangeException: 索引超出范围。必须为非负值并小于集合大小。
参数名: index
   在 System.Collections.ArrayList.get_Item(Int32 index)
   在 System.Windows.Forms.DataGridViewRowCollection.SharedRow(Int32 rowIndex)
   在 System.Windows.Forms.DataGridViewRowCollection.get_Item(Int32 index)
   在 text.doors.Detection.WindPressureDetection.dgv_WindPressure_CellContentClick(Object sender, DataGridViewCellEventArgs e) 位置 E:\08-GitHub\jky-doors-3x-new\text.doors\Detection\WindPressureDetection.cs:行号 1210
   在 System.Windows.Forms.DataGridView.OnCellContentClick(DataGridViewCellEventArgs e)
   在 System.Windows.Forms.DataGridView.OnCommonCellContentClick(Int32 columnIndex, Int32 rowIndex, Boolean doubleClick)
   在 System.Windows.Forms.DataGridViewCell.OnMouseUpInternal(DataGridViewCellMouseEventArgs e)
   在 System.Windows.Forms.DataGridView.OnCellMouseUp(DataGridViewCellMouseEventArgs e)
   在 System.Windows.Forms.DataGridView.OnMouseUp(MouseEventArgs e)
   在 System.Windows.Forms.Control.WmMouseUp(Message& m, MouseButtons button, Int32 clicks)
   在 System.Windows.Forms.Control.WndProc(Message& m)
   在 System.Windows.Forms.DataGridView.WndProc(Message& m)
   在 System.Windows.Forms.Control.ControlNativeWindow.OnMessage(Message& m)
   在 System.Windows.Forms.Control.ControlNativeWindow.WndProc(Message& m)
   在 System.Windows.Forms.NativeWindow.Callback(IntPtr hWnd, Int32 msg, IntPtr wparam, IntPtr lparam)
------------------------------------------------------------
------------------------------------------------------------
------------------------------------------------------------
------------------------------------------------------------
2021-01-06 11:24:01,111 [4] - System.IO.IOException: 端口“COM3”不存在。
   在 System.IO.Ports.InternalResources.WinIOError(Int32 errorCode, String str)
   在 System.IO.Ports.SerialStream..ctor(String portName, Int32 baudRate, Parity parity, Int32 dataBits, StopBits stopBits, Int32 readTimeout, Int32 writeTimeout, Handshake handshake, Boolean dtrEnable, Boolean rtsEnable, Boolean discardNull, Byte parityReplace)
   在 System.IO.Ports.SerialPort.Open()
   在 text.doors.Common.SerialPortClient.SerialPortOpen() 位置 E:\08-GitHub\jky-doors-3x-new\text.doors\Common\SerialPortClient.cs:行号 76
------------------------------------------------------------
------------------------------------------------------------
------------------------------------------------------------
------------------------------------------------------------
2021-01-06 16:20:52,958 [1] - System.ArgumentException: 列“qimidangweifengchangshejizhi”不属于表 Table。
   在 System.Data.DataRow.GetDataColumn(String columnName)
   在 System.Data.DataRow.get_Item(String columnName)
   在 text.doors.Common.ExportExcel.ExportData(String outFilePath) 位置 E:\08-GitHub\jky-doors-3x-new\text.doors\Common\ExportExcel.cs:行号 98
   在 text.doors.MainForm..ctor() 位置 E:\08-GitHub\jky-doors-3x-new\text.doors\MainForm.cs:行号 74
   在 text.doors.Program.Main() 位置 E:\08-GitHub\jky-doors-3x-new\text.doors\Program.cs:行号 45
------------------------------------------------------------
2021-01-06 16:25:08,457 [1] - System.IO.IOException: 文件“E:\08-GitHub\jky-doors-3x-new\text.doors\bin\Debug\template\basedata.xls”正由另一进程使用，因此该进程无法访问此文件。
   在 System.IO.__Error.WinIOError(Int32 errorCode, String maybeFullPath)
   在 System.IO.FileStream.Init(String path, FileMode mode, FileAccess access, Int32 rights, Boolean useRights, FileShare share, Int32 bufferSize, FileOptions options, SECURITY_ATTRIBUTES secAttrs, String msgPath, Boolean bFromProxy, Boolean useLongPath, Boolean checkHost)
   在 System.IO.FileStream..ctor(String path, FileMode mode, FileAccess access)
   在 text.doors.Common.ExportExcel.ExportData(String outFilePath) 位置 E:\08-GitHub\jky-doors-3x-new\text.doors\Common\ExportExcel.cs:行号 34
   在 text.doors.MainForm..ctor() 位置 E:\08-GitHub\jky-doors-3x-new\text.doors\MainForm.cs:行号 74
   在 text.doors.Program.Main() 位置 E:\08-GitHub\jky-doors-3x-new\text.doors\Program.cs:行号 45
------------------------------------------------------------
2021-01-06 16:25:25,190 [1] - System.ArgumentException: 列“”不属于表 Table。
   在 System.Data.DataRow.GetDataColumn(String columnName)
   在 System.Data.DataRow.get_Item(String columnName)
   在 text.doors.Common.ExportExcel.ExportData(String outFilePath) 位置 E:\08-GitHub\jky-doors-3x-new\text.doors\Common\ExportExcel.cs:行号 1461
   在 text.doors.MainForm..ctor() 位置 E:\08-GitHub\jky-doors-3x-new\text.doors\MainForm.cs:行号 74
   在 text.doors.Program.Main() 位置 E:\08-GitHub\jky-doors-3x-new\text.doors\Program.cs:行号 45
------------------------------------------------------------
------------------------------------------------------------
2021-01-06 16:51:33,927 [1] - System.IO.IOException: 文件“E:\建筑外窗（门）气密、水密、抗风压性能检测报告_20201227-4.xls”正由另一进程使用，因此该进程无法访问此文件。
   在 System.IO.__Error.WinIOError(Int32 errorCode, String maybeFullPath)
   在 System.IO.FileStream.Init(String path, FileMode mode, FileAccess access, Int32 rights, Boolean useRights, FileShare share, Int32 bufferSize, FileOptions options, SECURITY_ATTRIBUTES secAttrs, String msgPath, Boolean bFromProxy, Boolean useLongPath, Boolean checkHost)
   在 System.IO.FileStream..ctor(String path, FileMode mode, FileAccess access, FileShare share)
   在 System.IO.File.OpenWrite(String path)
   在 text.doors.Common.ExportExcel.ExportData(String outFilePath) 位置 E:\08-GitHub\jky-doors-3x-new\text.doors\Common\ExportExcel.cs:行号 1554
   在 text.doors.MainForm..ctor() 位置 E:\08-GitHub\jky-doors-3x-new\text.doors\MainForm.cs:行号 74
   在 text.doors.Program.Main() 位置 E:\08-GitHub\jky-doors-3x-new\text.doors\Program.cs:行号 45
------------------------------------------------------------
------------------------------------------------------------
------------------------------------------------------------
------------------------------------------------------------
------------------------------------------------------------
------------------------------------------------------------
------------------------------------------------------------
