------------------------------------------------------------
2020-12-27 11:31:06,626 [1] - System.InvalidCastException: 指定的转换无效。
   在 text.doors.Detection.AirtightDetection.GetDatabaseLevelIndex(QM_TestCount qm_TestCount) 位置 E:\08-GitHub\jky-doors-3x-new\text.doors\Detection\AirtightDetection.cs:行号 1814
   在 text.doors.Detection.AirtightDetection.BindLevelIndex(QM_TestCount qm_TestCount) 位置 E:\08-GitHub\jky-doors-3x-new\text.doors\Detection\AirtightDetection.cs:行号 413
   在 text.doors.Detection.AirtightDetection.tabControl1_SelectedIndexChanged(Object sender, EventArgs e) 位置 E:\08-GitHub\jky-doors-3x-new\text.doors\Detection\AirtightDetection.cs:行号 2114
   在 System.Windows.Forms.TabControl.OnSelectedIndexChanged(EventArgs e)
   在 System.Windows.Forms.TabControl.WmSelChange()
   在 System.Windows.Forms.TabControl.WndProc(Message& m)
   在 System.Windows.Forms.Control.ControlNativeWindow.OnMessage(Message& m)
   在 System.Windows.Forms.Control.ControlNativeWindow.WndProc(Message& m)
   在 System.Windows.Forms.NativeWindow.Callback(IntPtr hWnd, Int32 msg, IntPtr wparam, IntPtr lparam)
------------------------------------------------------------
2020-12-27 11:39:36,983 [1] - System.ArgumentOutOfRangeException: 索引超出范围。必须为非负值并小于集合大小。
参数名: index
   在 System.Collections.ArrayList.get_Item(Int32 index)
   在 System.Windows.Forms.DataGridViewRowCollection.SharedRow(Int32 rowIndex)
   在 System.Windows.Forms.DataGridViewRowCollection.get_Item(Int32 index)
   在 text.doors.Detection.AirtightDetection.GetDatabaseLevelIndex(QM_TestCount qm_TestCount) 位置 E:\08-GitHub\jky-doors-3x-new\text.doors\Detection\AirtightDetection.cs:行号 1694
   在 text.doors.Detection.AirtightDetection.BindLevelIndex(QM_TestCount qm_TestCount) 位置 E:\08-GitHub\jky-doors-3x-new\text.doors\Detection\AirtightDetection.cs:行号 413
   在 text.doors.Detection.AirtightDetection.Init() 位置 E:\08-GitHub\jky-doors-3x-new\text.doors\Detection\AirtightDetection.cs:行号 91
   在 text.doors.Detection.AirtightDetection..ctor(SerialPortClient tcpClient, String tempCode, String tempTong) 位置 E:\08-GitHub\jky-doors-3x-new\text.doors\Detection\AirtightDetection.cs:行号 83
   在 text.doors.MainForm.ShowAirtightDetection() 位置 E:\08-GitHub\jky-doors-3x-new\text.doors\MainForm.cs:行号 270
   在 text.doors.MainForm.SelectDangHao(BottomType bt) 位置 E:\08-GitHub\jky-doors-3x-new\text.doors\MainForm.cs:行号 191
   在 text.doors.Detection.DetectionSet.btn_Ok_Click(Object sender, EventArgs e) 位置 E:\08-GitHub\jky-doors-3x-new\text.doors\Detection\DetectionSet.cs:行号 71
------------------------------------------------------------
