------------------------------------------------------------
2020-12-08 11:47:31,368 [1] - 气密开始
2020-12-08 11:47:32,692 [1] - 水密开始
2020-12-08 11:47:33,028 [1] - 水密开始
2020-12-08 11:47:33,318 [1] - 水密开始
2020-12-08 11:47:33,632 [1] - 水密开始
2020-12-08 11:47:33,943 [1] - 水密开始
2020-12-08 11:47:34,257 [1] - 水密开始
2020-12-08 11:47:34,568 [1] - 水密开始
2020-12-08 11:47:34,883 [1] - 水密开始
2020-12-08 11:47:35,242 [1] - 水密开始
2020-12-08 11:47:37,515 [1] - 气密开始
2020-12-08 11:47:39,507 [1] - 气密开始
2020-12-08 11:47:39,976 [1] - 水密开始
2020-12-08 11:47:40,287 [1] - 水密开始
2020-12-08 11:47:40,599 [1] - 水密开始
2020-12-08 11:47:40,913 [1] - 水密开始
2020-12-08 11:47:41,225 [1] - 水密开始
2020-12-08 11:47:41,538 [1] - 水密开始
2020-12-08 11:47:41,894 [1] - 水密开始
2020-12-08 11:47:42,163 [1] - 水密开始
2020-12-08 11:47:42,478 [1] - 水密开始
2020-12-08 11:47:42,788 [1] - 水密开始
2020-12-08 11:47:43,101 [1] - 水密开始
2020-12-08 11:47:43,411 [1] - 水密开始
2020-12-08 11:47:43,727 [1] - 水密开始
2020-12-08 11:47:44,040 [1] - 水密开始
2020-12-08 11:47:44,349 [1] - 水密开始
2020-12-08 11:47:44,665 [1] - 水密开始
2020-12-08 11:47:44,977 [1] - 水密开始
2020-12-08 11:47:45,290 [1] - 水密开始
2020-12-08 11:47:47,496 [1] - 气密开始
2020-12-08 11:47:49,492 [1] - 气密开始
2020-12-08 11:47:50,336 [1] - 水密开始
2020-12-08 11:47:50,647 [1] - 水密开始
2020-12-08 11:47:50,958 [1] - 水密开始
2020-12-08 11:47:51,272 [1] - 水密开始
2020-12-08 11:47:51,583 [1] - 水密开始
2020-12-08 11:47:51,896 [1] - 水密开始
2020-12-08 11:47:52,209 [1] - 水密开始
------------------------------------------------------------
------------------------------------------------------------
------------------------------------------------------------
2020-12-08 13:37:20,654 [1] - 获取-84
2020-12-08 13:37:21,107 [1] - 获取-129
2020-12-08 13:37:21,243 [1] - 获取-169
2020-12-08 13:37:21,924 [1] - 获取-237
2020-12-08 13:37:22,968 [1] - 获取-323
2020-12-08 13:37:23,921 [1] - 获取-413
2020-12-08 13:37:24,976 [1] - 获取-509
2020-12-08 13:37:25,930 [1] - 获取-594
2020-12-08 13:37:26,974 [1] - 获取-683
2020-12-08 13:37:27,926 [1] - 获取-774
2020-12-08 13:37:28,971 [1] - 获取-866
2020-12-08 13:37:29,923 [1] - 获取-953
2020-12-08 13:37:30,967 [1] - 获取-1042
2020-12-08 13:37:31,921 [1] - 获取-1131
2020-12-08 13:37:32,987 [1] - 获取-1220
2020-12-08 13:37:33,929 [1] - 获取-1312
2020-12-08 13:37:34,973 [1] - 获取-1403
------------------------------------------------------------
2020-12-08 13:37:54,181 [1] - 获取-3058
2020-12-08 13:37:55,286 [1] - 获取-3203
2020-12-08 13:37:55,377 [1] - 获取-3246
2020-12-08 13:37:56,251 [1] - 获取-3323
2020-12-08 13:37:57,249 [1] - 获取-3413
2020-12-08 13:37:58,248 [1] - 获取-3503
2020-12-08 13:38:07,296 [1] - 获取-115
2020-12-08 13:38:08,295 [1] - 获取-200
2020-12-08 13:38:09,248 [1] - 获取-289
2020-12-08 13:38:10,293 [1] - 获取-379
2020-12-08 13:38:11,302 [1] - 获取-473
2020-12-08 13:38:12,302 [1] - 获取-561
2020-12-08 13:38:13,300 [1] - 获取-650
2020-12-08 13:38:14,310 [1] - 获取-744
2020-12-08 13:38:15,297 [1] - 获取-835
2020-12-08 13:38:16,296 [1] - 获取-919
2020-12-08 13:38:17,295 [1] - 获取-1008
2020-12-08 13:38:18,293 [1] - 获取-1098
2020-12-08 13:38:19,304 [1] - 获取-1189
2020-12-08 13:38:20,302 [1] - 获取-1279
2020-12-08 13:38:21,300 [1] - 获取-1369
2020-12-08 13:38:22,299 [1] - 获取-1459
2020-12-08 13:38:23,297 [1] - 获取-1548
2020-12-08 13:38:24,296 [1] - 获取-1637
2020-12-08 13:38:25,249 [1] - 获取-1728
2020-12-08 13:38:26,293 [1] - 获取-1818
2020-12-08 13:38:27,303 [1] - 获取-1907
2020-12-08 13:38:28,303 [1] - 获取-1998
2020-12-08 13:38:29,335 [1] - 获取-2087
2020-12-08 13:38:30,299 [1] - 获取-2181
2020-12-08 13:38:31,297 [1] - 获取-2266
2020-12-08 13:38:32,296 [1] - 获取-2361
2020-12-08 13:38:33,249 [1] - 获取-2446
2020-12-08 13:38:34,305 [1] - 获取-2541
2020-12-08 13:38:35,303 [1] - 获取-2631
2020-12-08 13:38:36,302 [1] - 获取-2717
2020-12-08 13:38:37,300 [1] - 获取-2807
2020-12-08 13:38:38,300 [1] - 获取-2900
2020-12-08 13:38:39,298 [1] - 获取-2989
2020-12-08 13:38:40,297 [1] - 获取-3075
2020-12-08 13:38:41,295 [1] - 获取-3165
2020-12-08 13:38:42,294 [1] - 获取-3255
2020-12-08 13:38:43,303 [1] - 获取-3346
2020-12-08 13:38:44,313 [1] - 获取-3437
2020-12-08 13:38:45,301 [1] - 获取-3527
2020-12-08 13:38:46,300 [1] - 获取-3616
2020-12-08 13:38:47,298 [1] - 获取-3707
2020-12-08 13:38:48,297 [1] - 获取-3801
2020-12-08 13:38:49,296 [1] - 获取-3886
2020-12-08 13:38:50,249 [1] - 获取-3977
2020-12-08 13:38:51,305 [1] - 获取-4067
2020-12-08 13:38:52,303 [1] - 获取-4157
2020-12-08 13:38:53,302 [1] - 获取-4246
2020-12-08 13:38:54,289 [1] - 获取-4339
2020-12-08 13:38:55,299 [1] - 获取-4427
2020-12-08 13:38:56,298 [1] - 获取-4515
2020-12-08 13:38:57,297 [1] - 获取-4605
2020-12-08 13:38:58,296 [1] - 获取-4695
2020-12-08 13:38:59,294 [1] - 获取-4786
2020-12-08 13:39:00,293 [1] - 获取-4876
2020-12-08 13:39:01,304 [1] - 获取-4971
2020-12-08 13:39:02,301 [1] - 获取-5057
2020-12-08 13:39:03,300 [1] - 获取-5148
2020-12-08 13:39:04,299 [1] - 获取-5237
2020-12-08 13:39:05,298 [1] - 获取-5327
2020-12-08 13:39:06,296 [1] - 获取-5418
2020-12-08 13:39:07,295 [1] - 获取-5511
2020-12-08 13:39:08,294 [1] - 获取-5597
2020-12-08 13:39:09,304 [1] - 获取-5687
2020-12-08 13:39:10,382 [1] - 获取-5778
2020-12-08 13:39:11,302 [1] - 获取-5868
2020-12-08 13:39:12,300 [1] - 获取-5958
2020-12-08 13:39:13,299 [1] - 获取-6046
2020-12-08 13:39:14,326 [1] - 获取-6142
2020-12-08 13:39:15,297 [1] - 获取-6223
2020-12-08 13:39:16,295 [1] - 获取-6293
2020-12-08 13:39:17,305 [1] - 获取-6335
2020-12-08 13:39:18,304 [1] - 获取-6349
2020-12-08 13:39:19,303 [1] - 获取-6343
2020-12-08 13:39:20,302 [1] - 获取-6324
2020-12-08 13:39:21,391 [1] - 获取-6301
2020-12-08 13:39:22,390 [1] - 获取-6287
2020-12-08 13:39:23,389 [1] - 获取-6278
2020-12-08 13:39:24,298 [1] - 获取-6276
2020-12-08 13:39:25,250 [1] - 获取-6278
2020-12-08 13:39:26,295 [1] - 获取-6285
2020-12-08 13:39:27,295 [1] - 获取-6297
2020-12-08 13:39:28,304 [1] - 获取-6312
2020-12-08 13:39:29,324 [1] - 获取-6327
2020-12-08 13:39:30,302 [1] - 获取-6333
2020-12-08 13:39:31,301 [1] - 获取-6334
2020-12-08 13:39:32,300 [1] - 获取-6524
2020-12-08 13:39:33,299 [1] - 获取-6627
2020-12-08 13:39:34,297 [1] - 获取-6659
2020-12-08 13:39:35,297 [1] - 获取-6645
2020-12-08 13:39:36,295 [1] - 获取-6606
2020-12-08 13:39:37,293 [1] - 获取-6574
2020-12-08 13:39:38,304 [1] - 获取-6546
2020-12-08 13:39:39,303 [1] - 获取-6537
2020-12-08 13:39:40,303 [1] - 获取-6541
2020-12-08 13:39:41,301 [1] - 获取-6550
2020-12-08 13:39:42,300 [1] - 获取-6557
2020-12-08 13:39:43,298 [1] - 获取-6565
2020-12-08 13:39:44,433 [1] - 获取-6568
2020-12-08 13:39:45,388 [1] - 获取-6574
2020-12-08 13:39:46,295 [1] - 获取-6577
2020-12-08 13:39:47,306 [1] - 获取-6583
2020-12-08 13:39:48,293 [1] - 获取-6592
2020-12-08 13:39:49,304 [1] - 获取-6726
2020-12-08 13:39:50,302 [1] - 获取-6831
2020-12-08 13:39:51,302 [1] - 获取-6850
2020-12-08 13:39:52,300 [1] - 获取-6828
2020-12-08 13:39:53,299 [1] - 获取-6809
2020-12-08 13:39:54,298 [1] - 获取-6791
2020-12-08 13:39:55,297 [1] - 获取-6792
2020-12-08 13:39:56,296 [1] - 获取-6794
2020-12-08 13:39:57,413 [1] - 获取-6799
2020-12-08 13:39:58,385 [1] - 获取-6802
2020-12-08 13:39:59,416 [1] - 获取-6801
2020-12-08 13:40:00,304 [1] - 获取-6801
2020-12-08 13:40:01,302 [1] - 获取-6809
2020-12-08 13:40:02,302 [1] - 获取-6811
2020-12-08 13:40:03,301 [1] - 获取-6805
2020-12-08 13:40:04,300 [1] - 获取-6982
2020-12-08 13:40:05,299 [1] - 获取-7024
2020-12-08 13:40:06,298 [1] - 获取-7014
2020-12-08 13:40:07,297 [1] - 获取-6988
2020-12-08 13:40:08,296 [1] - 获取-6980
2020-12-08 13:40:09,295 [1] - 获取-6970
2020-12-08 13:40:10,397 [1] - 获取-6973
2020-12-08 13:40:11,396 [1] - 获取-6981
2020-12-08 13:40:12,305 [1] - 获取-6996
2020-12-08 13:40:13,303 [1] - 获取-6993
2020-12-08 13:40:14,303 [1] - 获取-7003
2020-12-08 13:40:15,302 [1] - 获取-6998
2020-12-08 13:40:16,301 [1] - 获取-7220
2020-12-08 13:40:17,301 [1] - 获取-7275
2020-12-08 13:40:18,299 [1] - 获取-7245
2020-12-08 13:40:19,298 [1] - 获取-7234
2020-12-08 13:40:20,297 [1] - 获取-7231
2020-12-08 13:40:21,296 [1] - 获取-7224
2020-12-08 13:40:22,398 [1] - 获取-7239
2020-12-08 13:40:23,387 [1] - 获取-7243
2020-12-08 13:40:24,306 [1] - 获取-7241
2020-12-08 13:40:25,294 [1] - 获取-7245
2020-12-08 13:40:26,248 [1] - 获取-7252
2020-12-08 13:40:27,304 [1] - 获取-7252
2020-12-08 13:40:28,303 [1] - 获取-7611
2020-12-08 13:40:29,302 [1] - 获取-7667
2020-12-08 13:40:30,301 [1] - 获取-7621
2020-12-08 13:40:31,301 [1] - 获取-7606
2020-12-08 13:40:32,300 [1] - 获取-7579
2020-12-08 13:40:33,299 [1] - 获取-7580
2020-12-08 13:40:34,390 [1] - 获取-7586
2020-12-08 13:40:35,390 [1] - 获取-7578
2020-12-08 13:40:36,298 [1] - 获取-7587
2020-12-08 13:40:37,297 [1] - 获取-7583
2020-12-08 13:40:38,297 [1] - 获取-7585
2020-12-08 13:40:39,296 [1] - 获取-7588
2020-12-08 13:40:40,295 [1] - 获取-7209
2020-12-08 13:40:41,306 [1] - 获取-7166
2020-12-08 13:40:42,306 [1] - 获取-7205
2020-12-08 13:40:43,304 [1] - 获取-7242
2020-12-08 13:40:44,304 [1] - 获取-7265
2020-12-08 13:40:45,305 [1] - 获取-7268
2020-12-08 13:40:46,394 [1] - 获取-7258
2020-12-08 13:40:47,393 [1] - 获取-7256
2020-12-08 13:40:48,302 [1] - 获取-7245
2020-12-08 13:40:49,301 [1] - 获取-7253
2020-12-08 13:40:50,301 [1] - 获取-7251
2020-12-08 13:40:51,299 [1] - 获取-7257
2020-12-08 13:40:52,299 [1] - 获取-7266
2020-12-08 13:40:53,298 [1] - 获取-7276
2020-12-08 13:40:54,297 [1] - 获取-7045
2020-12-08 13:40:55,296 [1] - 获取-6993
2020-12-08 13:40:56,295 [1] - 获取-7011
2020-12-08 13:40:57,295 [1] - 获取-7046
2020-12-08 13:40:58,306 [1] - 获取-7068
2020-12-08 13:40:59,293 [1] - 获取-7078
2020-12-08 13:41:00,395 [1] - 获取-7083
2020-12-08 13:41:01,395 [1] - 获取-7075
2020-12-08 13:41:02,303 [1] - 获取-7080
2020-12-08 13:41:03,302 [1] - 获取-7069
2020-12-08 13:41:04,301 [1] - 获取-7073
2020-12-08 13:41:05,301 [1] - 获取-7079
2020-12-08 13:41:06,301 [1] - 获取-6905
2020-12-08 13:41:07,299 [1] - 获取-6876
2020-12-08 13:41:08,299 [1] - 获取-6872
2020-12-08 13:41:09,298 [1] - 获取-6880
2020-12-08 13:41:10,297 [1] - 获取-6890
2020-12-08 13:41:11,297 [1] - 获取-6895
2020-12-08 13:41:12,387 [1] - 获取-6898
2020-12-08 13:41:13,386 [1] - 获取-6905
2020-12-08 13:41:14,295 [1] - 获取-6903
2020-12-08 13:41:15,316 [1] - 获取-6910
2020-12-08 13:41:16,305 [1] - 获取-6913
2020-12-08 13:41:17,304 [1] - 获取-6914
2020-12-08 13:41:18,304 [1] - 获取-6707
2020-12-08 13:41:19,302 [1] - 获取-6658
2020-12-08 13:41:20,301 [1] - 获取-6647
2020-12-08 13:41:21,300 [1] - 获取-6657
2020-12-08 13:41:22,300 [1] - 获取-6669
2020-12-08 13:41:23,298 [1] - 获取-6681
2020-12-08 13:41:24,389 [1] - 获取-6688
2020-12-08 13:41:25,388 [1] - 获取-6699
2020-12-08 13:41:26,296 [1] - 获取-6699
2020-12-08 13:41:27,296 [1] - 获取-6699
2020-12-08 13:41:28,306 [1] - 获取-6695
2020-12-08 13:41:29,294 [1] - 获取-6699
2020-12-08 13:41:30,362 [1] - 获取-6561
2020-12-08 13:41:31,304 [1] - 获取-6462
2020-12-08 13:41:32,303 [1] - 获取-6407
2020-12-08 13:41:33,302 [1] - 获取-6391
2020-12-08 13:41:34,301 [1] - 获取-6394
2020-12-08 13:41:35,300 [1] - 获取-6412
2020-12-08 13:41:36,299 [1] - 获取-6432
2020-12-08 13:41:37,298 [1] - 获取-6449
2020-12-08 13:41:38,297 [1] - 获取-6463
2020-12-08 13:41:39,297 [1] - 获取-6473
2020-12-08 13:41:40,249 [1] - 获取-6478
2020-12-08 13:41:41,397 [1] - 获取-6474
2020-12-08 13:41:42,385 [1] - 获取-6471
2020-12-08 13:41:43,396 [1] - 获取-6467
2020-12-08 13:41:44,292 [1] - 获取-6465
2020-12-08 13:41:45,303 [1] - 获取-6463
2020-12-08 13:41:46,303 [1] - 获取-6463
2020-12-08 13:43:28,304 [1] - 获取-130
2020-12-08 13:43:29,302 [1] - 获取-220
2020-12-08 13:43:30,301 [1] - 获取-314
2020-12-08 13:43:31,299 [1] - 获取-401
2020-12-08 13:43:32,298 [1] - 获取-491
2020-12-08 13:43:33,297 [1] - 获取-586
2020-12-08 13:43:34,294 [1] - 获取-676
2020-12-08 13:43:35,293 [1] - 获取-762
2020-12-08 13:43:36,292 [1] - 获取-853
2020-12-08 13:43:37,301 [1] - 获取-944
2020-12-08 13:43:38,300 [1] - 获取-1034
2020-12-08 13:43:39,298 [1] - 获取-1123
2020-12-08 13:43:40,298 [1] - 获取-1215
2020-12-08 13:43:41,295 [1] - 获取-1305
2020-12-08 13:43:42,294 [1] - 获取-1398
2020-12-08 13:43:43,247 [1] - 获取-1485
2020-12-08 13:43:44,303 [1] - 获取-1577
2020-12-08 13:43:45,301 [1] - 获取-1666
2020-12-08 13:43:46,299 [1] - 获取-1761
2020-12-08 13:43:47,298 [1] - 获取-1847
2020-12-08 13:43:48,296 [1] - 获取-1936
2020-12-08 13:43:49,307 [1] - 获取-2028
2020-12-08 13:43:50,306 [1] - 获取-2123
2020-12-08 13:43:51,304 [1] - 获取-2209
2020-12-08 13:43:52,302 [1] - 获取-2299
2020-12-08 13:43:53,301 [1] - 获取-2390
2020-12-08 13:43:54,299 [1] - 获取-2479
2020-12-08 13:43:55,297 [1] - 获取-2569
2020-12-08 13:43:56,296 [1] - 获取-2660
2020-12-08 13:43:57,295 [1] - 获取-2750
2020-12-08 13:43:58,247 [1] - 获取-2841
2020-12-08 13:43:59,304 [1] - 获取-2932
2020-12-08 13:44:00,302 [1] - 获取-3023
2020-12-08 13:44:01,311 [1] - 获取-3113
2020-12-08 13:44:02,299 [1] - 获取-3202
2020-12-08 13:44:03,297 [1] - 获取-3296
2020-12-08 13:44:04,295 [1] - 获取-3385
2020-12-08 13:44:05,305 [1] - 获取-3478
2020-12-08 13:44:06,292 [1] - 获取-3562
2020-12-08 13:44:07,303 [1] - 获取-3654
2020-12-08 13:44:08,301 [1] - 获取-3743
2020-12-08 13:44:09,299 [1] - 获取-3834
2020-12-08 13:44:10,298 [1] - 获取-3923
2020-12-08 13:44:11,297 [1] - 获取-4013
2020-12-08 13:44:12,295 [1] - 获取-4104
2020-12-08 13:44:13,304 [1] - 获取-4200
2020-12-08 13:44:14,303 [1] - 获取-4285
2020-12-08 13:44:15,302 [1] - 获取-4376
2020-12-08 13:44:16,312 [1] - 获取-4467
2020-12-08 13:44:17,299 [1] - 获取-4557
2020-12-08 13:44:18,297 [1] - 获取-4647
2020-12-08 13:44:19,296 [1] - 获取-4737
2020-12-08 13:44:20,295 [1] - 获取-4831
2020-12-08 13:44:21,305 [1] - 获取-4918
2020-12-08 13:44:22,304 [1] - 获取-5012
2020-12-08 13:44:23,301 [1] - 获取-5103
2020-12-08 13:44:24,300 [1] - 获取-5190
2020-12-08 13:44:25,299 [1] - 获取-5280
2020-12-08 13:44:26,297 [1] - 获取-5369
2020-12-08 13:44:27,295 [1] - 获取-5459
2020-12-08 13:44:28,294 [1] - 获取-5550
2020-12-08 13:44:29,293 [1] - 获取-5640
2020-12-08 13:44:30,302 [1] - 获取-5732
2020-12-08 13:44:31,313 [1] - 获取-5822
2020-12-08 13:44:32,300 [1] - 获取-5912
2020-12-08 13:44:33,298 [1] - 获取-6002
2020-12-08 13:44:34,296 [1] - 获取-6093
2020-12-08 13:44:35,295 [1] - 获取-6181
2020-12-08 13:44:36,305 [1] - 获取-6258
2020-12-08 13:44:37,304 [1] - 获取-6311
2020-12-08 13:44:38,302 [1] - 获取-6337
2020-12-08 13:44:39,301 [1] - 获取-6340
2020-12-08 13:44:40,300 [1] - 获取-6331
2020-12-08 13:44:41,298 [1] - 获取-6311
2020-12-08 13:44:42,297 [1] - 获取-6293
2020-12-08 13:44:43,296 [1] - 获取-6285
2020-12-08 13:44:44,295 [1] - 获取-6287
2020-12-08 13:44:45,399 [1] - 获取-6293
2020-12-08 13:44:46,417 [1] - 获取-6303
2020-12-08 13:44:47,394 [1] - 获取-6308
2020-12-08 13:44:48,302 [1] - 获取-6313
2020-12-08 13:44:49,300 [1] - 获取-6316
2020-12-08 13:44:50,299 [1] - 获取-6317
2020-12-08 13:44:51,298 [1] - 获取-6317
2020-12-08 13:44:52,297 [1] - 获取-6462
2020-12-08 13:44:53,296 [1] - 获取-6591
2020-12-08 13:44:54,306 [1] - 获取-6650
2020-12-08 13:44:55,305 [1] - 获取-6643
2020-12-08 13:44:56,304 [1] - 获取-6612
2020-12-08 13:44:57,302 [1] - 获取-6587
2020-12-08 13:44:58,301 [1] - 获取-6564
2020-12-08 13:44:59,299 [1] - 获取-6560
2020-12-08 13:45:00,298 [1] - 获取-6562
2020-12-08 13:45:01,422 [1] - 获取-6564
2020-12-08 13:45:02,387 [1] - 获取-6570
2020-12-08 13:45:03,388 [1] - 获取-6577
2020-12-08 13:45:04,305 [1] - 获取-6586
2020-12-08 13:45:05,305 [1] - 获取-6591
2020-12-08 13:45:06,293 [1] - 获取-6591
2020-12-08 13:45:07,303 [1] - 获取-6589
2020-12-08 13:45:08,302 [1] - 获取-6590
2020-12-08 13:45:09,301 [1] - 获取-6810
2020-12-08 13:45:10,299 [1] - 获取-6851
2020-12-08 13:45:11,298 [1] - 获取-6834
2020-12-08 13:45:12,297 [1] - 获取-6810
2020-12-08 13:45:13,296 [1] - 获取-6792
2020-12-08 13:45:14,295 [1] - 获取-6792
2020-12-08 13:45:15,398 [1] - 获取-6798
2020-12-08 13:45:16,283 [1] - 获取-6810
2020-12-08 13:45:17,292 [1] - 获取-6817
2020-12-08 13:45:18,303 [1] - 获取-6817
2020-12-08 13:45:19,302 [1] - 获取-6816
2020-12-08 13:45:20,301 [1] - 获取-6812
2020-12-08 13:45:21,300 [1] - 获取-6818
2020-12-08 13:45:22,299 [1] - 获取-6822
2020-12-08 13:45:23,298 [1] - 获取-7009
2020-12-08 13:45:24,297 [1] - 获取-7049
2020-12-08 13:45:25,307 [1] - 获取-7037
2020-12-08 13:45:26,295 [1] - 获取-7029
2020-12-08 13:45:27,294 [1] - 获取-7014
2020-12-08 13:45:28,304 [1] - 获取-7017
2020-12-08 13:45:29,395 [1] - 获取-7013
2020-12-08 13:45:30,395 [1] - 获取-7015
2020-12-08 13:45:31,303 [1] - 获取-7031
2020-12-08 13:45:32,302 [1] - 获取-7039
2020-12-08 13:45:33,302 [1] - 获取-7043
2020-12-08 13:45:34,301 [1] - 获取-7047
2020-12-08 13:45:35,299 [1] - 获取-7236
2020-12-08 13:45:36,298 [1] - 获取-7317
2020-12-08 13:45:37,297 [1] - 获取-7299
2020-12-08 13:45:38,297 [1] - 获取-7272
2020-12-08 13:45:39,296 [1] - 获取-7252
2020-12-08 13:45:40,296 [1] - 获取-7243
2020-12-08 13:45:41,296 [1] - 获取-7253
2020-12-08 13:45:42,294 [1] - 获取-7257
2020-12-08 13:45:43,396 [1] - 获取-7261
2020-12-08 13:45:44,293 [1] - 获取-7267
2020-12-08 13:45:45,304 [1] - 获取-7269
2020-12-08 13:45:46,348 [1] - 获取-7269
2020-12-08 13:45:47,302 [1] - 获取-7580
2020-12-08 13:45:48,301 [1] - 获取-7710
2020-12-08 13:45:49,300 [1] - 获取-7685
2020-12-08 13:45:50,299 [1] - 获取-7658
2020-12-08 13:45:51,298 [1] - 获取-7632
2020-12-08 13:45:52,298 [1] - 获取-7643
2020-12-08 13:45:53,298 [1] - 获取-7639
2020-12-08 13:45:54,388 [1] - 获取-7648
2020-12-08 13:45:55,387 [1] - 获取-7635
2020-12-08 13:45:56,297 [1] - 获取-7653
2020-12-08 13:45:57,307 [1] - 获取-7641
2020-12-08 13:45:58,295 [1] - 获取-7636
2020-12-08 13:45:59,305 [1] - 获取-7352
2020-12-08 13:46:00,305 [1] - 获取-7208
2020-12-08 13:46:01,316 [1] - 获取-7210
2020-12-08 13:46:02,305 [1] - 获取-7252
2020-12-08 13:46:03,302 [1] - 获取-7285
2020-12-08 13:46:04,392 [1] - 获取-7297
2020-12-08 13:46:05,393 [1] - 获取-7293
2020-12-08 13:46:06,301 [1] - 获取-7300
2020-12-08 13:46:07,300 [1] - 获取-7294
2020-12-08 13:46:08,299 [1] - 获取-7289
2020-12-08 13:46:09,299 [1] - 获取-7298
2020-12-08 13:46:10,298 [1] - 获取-7301
2020-12-08 13:46:11,298 [1] - 获取-7302
2020-12-08 13:46:12,297 [1] - 获取-7116
2020-12-08 13:46:13,296 [1] - 获取-7026
2020-12-08 13:46:14,295 [1] - 获取-7029
2020-12-08 13:46:15,294 [1] - 获取-7063
2020-12-08 13:46:16,328 [1] - 获取-7095
2020-12-08 13:46:17,304 [1] - 获取-7116
2020-12-08 13:46:18,395 [1] - 获取-7115
2020-12-08 13:46:19,394 [1] - 获取-7118
2020-12-08 13:46:20,303 [1] - 获取-7111
2020-12-08 13:46:21,302 [1] - 获取-7108
2020-12-08 13:46:22,303 [1] - 获取-7112
2020-12-08 13:46:23,301 [1] - 获取-7112
2020-12-08 13:46:24,300 [1] - 获取-6952
2020-12-08 13:46:25,299 [1] - 获取-6893
2020-12-08 13:46:26,298 [1] - 获取-6877
2020-12-08 13:46:27,297 [1] - 获取-6873
2020-12-08 13:46:28,297 [1] - 获取-6883
2020-12-08 13:46:29,297 [1] - 获取-6891
2020-12-08 13:46:30,387 [1] - 获取-6894
2020-12-08 13:46:31,397 [1] - 获取-6899
2020-12-08 13:46:32,306 [1] - 获取-6905
2020-12-08 13:46:33,306 [1] - 获取-6910
2020-12-08 13:46:34,259 [1] - 获取-6918
2020-12-08 13:46:35,304 [1] - 获取-6926
2020-12-08 13:46:36,303 [1] - 获取-6784
2020-12-08 13:46:37,302 [1] - 获取-6681
2020-12-08 13:46:38,302 [1] - 获取-6651
2020-12-08 13:46:39,301 [1] - 获取-6653
2020-12-08 13:46:40,300 [1] - 获取-6665
2020-12-08 13:46:41,299 [1] - 获取-6681
2020-12-08 13:46:42,389 [1] - 获取-6694
2020-12-08 13:46:43,388 [1] - 获取-6702
2020-12-08 13:46:44,297 [1] - 获取-6702
2020-12-08 13:46:45,296 [1] - 获取-6700
2020-12-08 13:46:46,320 [1] - 获取-6701
2020-12-08 13:46:47,306 [1] - 获取-6699
2020-12-08 13:46:48,293 [1] - 获取-6700
2020-12-08 13:46:49,304 [1] - 获取-6701
2020-12-08 13:46:50,304 [1] - 获取-6701
2020-12-08 13:46:51,302 [1] - 获取-6697
2020-12-08 13:46:52,303 [1] - 获取-6695
2020-12-08 13:46:53,301 [1] - 获取-6478
2020-12-08 13:46:54,301 [1] - 获取-6405
2020-12-08 13:46:55,299 [1] - 获取-6376
2020-12-08 13:46:56,297 [1] - 获取-6370
2020-12-08 13:46:57,297 [1] - 获取-6378
2020-12-08 13:46:58,250 [1] - 获取-6396
2020-12-08 13:46:59,295 [1] - 获取-6414
2020-12-08 13:47:00,397 [1] - 获取-6431
2020-12-08 13:47:01,430 [1] - 获取-6440
2020-12-08 13:47:02,294 [1] - 获取-6445
2020-12-08 13:47:03,304 [1] - 获取-6448
2020-12-08 13:47:04,302 [1] - 获取-6450
2020-12-08 13:47:05,303 [1] - 获取-6453
2020-12-08 13:47:06,300 [1] - 获取-6454
2020-12-08 13:47:07,300 [1] - 获取-6456
2020-12-08 13:47:08,298 [1] - 获取-6457
2020-12-08 13:47:09,297 [1] - 获取-6459
2020-12-08 13:48:13,298 [1] - 获取-123
2020-12-08 13:48:14,297 [1] - 获取-209
2020-12-08 13:48:15,295 [1] - 获取-294
2020-12-08 13:48:16,248 [1] - 获取-379
2020-12-08 13:48:17,338 [1] - 获取-468
2020-12-08 13:48:18,303 [1] - 获取-551
2020-12-08 13:48:19,301 [1] - 获取-637
2020-12-08 13:48:20,300 [1] - 获取-721
2020-12-08 13:48:21,298 [1] - 获取-807
2020-12-08 13:48:22,297 [1] - 获取-892
2020-12-08 13:48:23,295 [1] - 获取-977
2020-12-08 13:48:24,294 [1] - 获取-1062
2020-12-08 13:48:25,304 [1] - 获取-1149
2020-12-08 13:48:26,303 [1] - 获取-1234
2020-12-08 13:48:27,301 [1] - 获取-1320
2020-12-08 13:48:28,300 [1] - 获取-1406
2020-12-08 13:48:29,298 [1] - 获取-1491
2020-12-08 13:48:30,297 [1] - 获取-1577
2020-12-08 13:48:31,250 [1] - 获取-1663
2020-12-08 13:48:32,306 [1] - 获取-1748
2020-12-08 13:48:33,304 [1] - 获取-1834
2020-12-08 13:48:34,303 [1] - 获取-1919
2020-12-08 13:48:35,302 [1] - 获取-2005
2020-12-08 13:48:36,300 [1] - 获取-2090
2020-12-08 13:48:37,299 [1] - 获取-2175
2020-12-08 13:48:38,297 [1] - 获取-2261
2020-12-08 13:48:39,296 [1] - 获取-2346
2020-12-08 13:48:40,294 [1] - 获取-2432
2020-12-08 13:48:41,294 [1] - 获取-2518
2020-12-08 13:48:42,303 [1] - 获取-2603
2020-12-08 13:48:43,302 [1] - 获取-2689
2020-12-08 13:48:44,301 [1] - 获取-2774
2020-12-08 13:48:45,299 [1] - 获取-2860
2020-12-08 13:48:46,297 [1] - 获取-2945
2020-12-08 13:48:47,307 [1] - 获取-3031
2020-12-08 13:48:48,295 [1] - 获取-3116
2020-12-08 13:48:49,305 [1] - 获取-3203
2020-12-08 13:48:50,292 [1] - 获取-3287
2020-12-08 13:48:51,302 [1] - 获取-3374
2020-12-08 13:48:52,301 [1] - 获取-3459
2020-12-08 13:48:53,299 [1] - 获取-3546
2020-12-08 13:48:54,298 [1] - 获取-3631
2020-12-08 13:48:55,296 [1] - 获取-3716
2020-12-08 13:48:56,295 [1] - 获取-3802
2020-12-08 13:48:57,294 [1] - 获取-3888
2020-12-08 13:48:58,304 [1] - 获取-3974
2020-12-08 13:48:59,303 [1] - 获取-4060
2020-12-08 13:49:00,301 [1] - 获取-4143
2020-12-08 13:49:01,300 [1] - 获取-4230
2020-12-08 13:49:02,299 [1] - 获取-4314
2020-12-08 13:49:03,297 [1] - 获取-4399
2020-12-08 13:49:04,296 [1] - 获取-4485
2020-12-08 13:49:05,294 [1] - 获取-4571
2020-12-08 13:49:06,305 [1] - 获取-4657
2020-12-08 13:49:07,303 [1] - 获取-4742
2020-12-08 13:49:08,302 [1] - 获取-4828
2020-12-08 13:49:09,300 [1] - 获取-4914
2020-12-08 13:49:10,299 [1] - 获取-4999
2020-12-08 13:49:11,297 [1] - 获取-5084
2020-12-08 13:49:12,307 [1] - 获取-5170
2020-12-08 13:49:13,306 [1] - 获取-5256
2020-12-08 13:49:14,305 [1] - 获取-5341
2020-12-08 13:49:15,303 [1] - 获取-5426
2020-12-08 13:49:16,302 [1] - 获取-5512
2020-12-08 13:49:17,391 [1] - 获取-5605
2020-12-08 13:49:18,299 [1] - 获取-5682
2020-12-08 13:49:19,297 [1] - 获取-5768
2020-12-08 13:49:20,296 [1] - 获取-5854
2020-12-08 13:49:21,295 [1] - 获取-5939
2020-12-08 13:49:22,305 [1] - 获取-6026
2020-12-08 13:49:23,304 [1] - 获取-6111
2020-12-08 13:49:24,303 [1] - 获取-6196
2020-12-08 13:49:25,302 [1] - 获取-6275
2020-12-08 13:49:26,300 [1] - 获取-6333
2020-12-08 13:49:27,298 [1] - 获取-6366
2020-12-08 13:49:28,298 [1] - 获取-6372
2020-12-08 13:49:29,296 [1] - 获取-6356
2020-12-08 13:49:30,295 [1] - 获取-6336
2020-12-08 13:49:31,305 [1] - 获取-6315
2020-12-08 13:49:32,372 [1] - 获取-6297
2020-12-08 13:49:33,302 [1] - 获取-6294
2020-12-08 13:49:34,303 [1] - 获取-6296
2020-12-08 13:49:35,392 [1] - 获取-6305
2020-12-08 13:49:36,390 [1] - 获取-6313
2020-12-08 13:49:37,389 [1] - 获取-6321
2020-12-08 13:49:38,298 [1] - 获取-6328
2020-12-08 13:49:39,297 [1] - 获取-6334
2020-12-08 13:49:40,296 [1] - 获取-6341
2020-12-08 13:49:41,295 [1] - 获取-6350
2020-12-08 13:49:42,305 [1] - 获取-6356
2020-12-08 13:49:43,304 [1] - 获取-6603
2020-12-08 13:49:44,304 [1] - 获取-6680
2020-12-08 13:49:45,301 [1] - 获取-6694
2020-12-08 13:49:46,300 [1] - 获取-6665
2020-12-08 13:49:47,299 [1] - 获取-6626
2020-12-08 13:49:48,298 [1] - 获取-6601
2020-12-08 13:49:49,296 [1] - 获取-6586
2020-12-08 13:49:50,296 [1] - 获取-6587
2020-12-08 13:49:51,249 [1] - 获取-6595
2020-12-08 13:49:52,294 [1] - 获取-6597
2020-12-08 13:49:53,247 [1] - 获取-6601
2020-12-08 13:49:54,383 [1] - 获取-6606
2020-12-08 13:49:55,394 [1] - 获取-6606
2020-12-08 13:49:56,303 [1] - 获取-6610
2020-12-08 13:49:57,301 [1] - 获取-6614
2020-12-08 13:49:58,289 [1] - 获取-6614
2020-12-08 13:49:59,299 [1] - 获取-6748
2020-12-08 13:50:00,298 [1] - 获取-6856
2020-12-08 13:50:01,298 [1] - 获取-6879
2020-12-08 13:50:02,308 [1] - 获取-6870
2020-12-08 13:50:03,295 [1] - 获取-6854
2020-12-08 13:50:04,249 [1] - 获取-6841
2020-12-08 13:50:05,294 [1] - 获取-6844
2020-12-08 13:50:06,396 [1] - 获取-6845
2020-12-08 13:50:07,395 [1] - 获取-6854
2020-12-08 13:50:08,303 [1] - 获取-6868
2020-12-08 13:50:09,302 [1] - 获取-6879
2020-12-08 13:50:10,301 [1] - 获取-6882
2020-12-08 13:50:11,300 [1] - 获取-6886
2020-12-08 13:50:12,299 [1] - 获取-7026
2020-12-08 13:50:13,298 [1] - 获取-7103
2020-12-08 13:50:14,297 [1] - 获取-7107
2020-12-08 13:50:15,296 [1] - 获取-7087
2020-12-08 13:50:16,295 [1] - 获取-7066
2020-12-08 13:50:17,397 [1] - 获取-7060
2020-12-08 13:50:18,396 [1] - 获取-7059
2020-12-08 13:50:19,396 [1] - 获取-7067
2020-12-08 13:50:20,293 [1] - 获取-7074
2020-12-08 13:50:21,303 [1] - 获取-7076
2020-12-08 13:50:22,303 [1] - 获取-7078
2020-12-08 13:50:23,301 [1] - 获取-7077
2020-12-08 13:50:24,300 [1] - 获取-7084
2020-12-08 13:50:25,300 [1] - 获取-7331
2020-12-08 13:50:26,299 [1] - 获取-7354
2020-12-08 13:50:27,298 [1] - 获取-7325
2020-12-08 13:50:28,297 [1] - 获取-7298
2020-12-08 13:50:29,297 [1] - 获取-7293
2020-12-08 13:50:30,387 [1] - 获取-7295
2020-12-08 13:50:31,387 [1] - 获取-7296
2020-12-08 13:50:32,319 [1] - 获取-7298
2020-12-08 13:50:33,294 [1] - 获取-7303
2020-12-08 13:50:34,294 [1] - 获取-7294
2020-12-08 13:50:35,304 [1] - 获取-7297
2020-12-08 13:50:36,303 [1] - 获取-7299
2020-12-08 13:50:37,304 [1] - 获取-7677
2020-12-08 13:50:38,304 [1] - 获取-7736
2020-12-08 13:50:39,303 [1] - 获取-7678
2020-12-08 13:50:40,301 [1] - 获取-7644
2020-12-08 13:50:41,391 [1] - 获取-7642
2020-12-08 13:50:42,392 [1] - 获取-7640
2020-12-08 13:50:43,390 [1] - 获取-7640
2020-12-08 13:50:44,299 [1] - 获取-7635
2020-12-08 13:50:45,299 [1] - 获取-7633
2020-12-08 13:50:46,298 [1] - 获取-7662
2020-12-08 13:50:47,298 [1] - 获取-7669
2020-12-08 13:50:48,296 [1] - 获取-7662
2020-12-08 13:50:49,296 [1] - 获取-7284
2020-12-08 13:50:50,295 [1] - 获取-7200
2020-12-08 13:50:51,295 [1] - 获取-7243
2020-12-08 13:50:52,294 [1] - 获取-7277
2020-12-08 13:50:53,294 [1] - 获取-7296
2020-12-08 13:50:54,384 [1] - 获取-7313
2020-12-08 13:50:55,395 [1] - 获取-7305
2020-12-08 13:50:56,293 [1] - 获取-7307
2020-12-08 13:50:57,303 [1] - 获取-7301
2020-12-08 13:50:58,304 [1] - 获取-7306
2020-12-08 13:50:59,301 [1] - 获取-7301
2020-12-08 13:51:00,301 [1] - 获取-7298
2020-12-08 13:51:01,301 [1] - 获取-7051
2020-12-08 13:51:02,300 [1] - 获取-6990
2020-12-08 13:51:03,300 [1] - 获取-7006
2020-12-08 13:51:04,299 [1] - 获取-7042
2020-12-08 13:51:05,298 [1] - 获取-7074
2020-12-08 13:51:06,388 [1] - 获取-7087
2020-12-08 13:51:07,387 [1] - 获取-7100
2020-12-08 13:51:08,297 [1] - 获取-7100
2020-12-08 13:51:09,295 [1] - 获取-7106
2020-12-08 13:51:10,295 [1] - 获取-7098
2020-12-08 13:51:11,294 [1] - 获取-7095
2020-12-08 13:51:12,305 [1] - 获取-7094
2020-12-08 13:51:13,293 [1] - 获取-6902
2020-12-08 13:51:14,303 [1] - 获取-6866
2020-12-08 13:51:15,303 [1] - 获取-6868
2020-12-08 13:51:16,302 [1] - 获取-6886
2020-12-08 13:51:17,316 [1] - 获取-6901
2020-12-08 13:51:18,392 [1] - 获取-6905
2020-12-08 13:51:19,392 [1] - 获取-6913
2020-12-08 13:51:20,300 [1] - 获取-6919
2020-12-08 13:51:21,299 [1] - 获取-6926
2020-12-08 13:51:22,298 [1] - 获取-6934
2020-12-08 13:51:23,298 [1] - 获取-6935
2020-12-08 13:51:24,297 [1] - 获取-6939
2020-12-08 13:51:25,297 [1] - 获取-6759
2020-12-08 13:51:26,296 [1] - 获取-6675
2020-12-08 13:51:27,306 [1] - 获取-6648
2020-12-08 13:51:28,294 [1] - 获取-6655
2020-12-08 13:51:29,305 [1] - 获取-6673
2020-12-08 13:51:30,303 [1] - 获取-6693
2020-12-08 13:51:31,303 [1] - 获取-6706
2020-12-08 13:51:32,321 [1] - 获取-6715
2020-12-08 13:51:33,301 [1] - 获取-6716
2020-12-08 13:51:34,391 [1] - 获取-6709
2020-12-08 13:51:35,391 [1] - 获取-6708
2020-12-08 13:51:36,299 [1] - 获取-6710
2020-12-08 13:51:37,298 [1] - 获取-6711
2020-12-08 13:51:38,298 [1] - 获取-6711
2020-12-08 13:51:39,297 [1] - 获取-6713
2020-12-08 13:51:40,296 [1] - 获取-6714
2020-12-08 13:51:41,295 [1] - 获取-6568
2020-12-08 13:51:42,295 [1] - 获取-6459
2020-12-08 13:51:43,293 [1] - 获取-6407
2020-12-08 13:51:44,293 [1] - 获取-6390
2020-12-08 13:51:45,303 [1] - 获取-6398
2020-12-08 13:51:46,302 [1] - 获取-6419
2020-12-08 13:51:47,302 [1] - 获取-6443
2020-12-08 13:51:48,391 [1] - 获取-6464
2020-12-08 13:51:49,391 [1] - 获取-6484
2020-12-08 13:51:50,299 [1] - 获取-6495
2020-12-08 13:51:51,299 [1] - 获取-6498
2020-12-08 13:51:52,298 [1] - 获取-6496
2020-12-08 13:51:53,297 [1] - 获取-6491
2020-12-08 13:51:54,295 [1] - 获取-6487
2020-12-08 13:51:55,295 [1] - 获取-6484
2020-12-08 13:51:56,305 [1] - 获取-6483
2020-12-08 13:51:57,304 [1] - 获取-6483
2020-12-08 13:51:58,304 [1] - 获取-6485
2020-12-08 13:51:59,303 [1] - 获取-6487
2020-12-08 13:52:08,301 [1] - 获取-122
2020-12-08 13:52:09,300 [1] - 获取-206
2020-12-08 13:52:10,299 [1] - 获取-292
2020-12-08 13:52:11,297 [1] - 获取-377
2020-12-08 13:52:12,295 [1] - 获取-461
2020-12-08 13:52:13,294 [1] - 获取-546
2020-12-08 13:52:14,304 [1] - 获取-632
2020-12-08 13:52:15,303 [1] - 获取-717
2020-12-08 13:52:16,301 [1] - 获取-802
2020-12-08 13:52:17,300 [1] - 获取-887
2020-12-08 13:52:18,299 [1] - 获取-972
2020-12-08 13:52:19,297 [1] - 获取-1056
2020-12-08 13:52:20,296 [1] - 获取-1142
2020-12-08 13:52:21,295 [1] - 获取-1227
2020-12-08 13:52:22,305 [1] - 获取-1313
2020-12-08 13:52:23,303 [1] - 获取-1399
2020-12-08 13:52:24,302 [1] - 获取-1484
2020-12-08 13:52:25,300 [1] - 获取-1567
2020-12-08 13:52:26,298 [1] - 获取-1653
2020-12-08 13:52:27,297 [1] - 获取-1737
2020-12-08 13:52:28,295 [1] - 获取-1823
2020-12-08 13:52:29,294 [1] - 获取-1909
2020-12-08 13:52:30,293 [1] - 获取-1993
2020-12-08 13:52:31,303 [1] - 获取-2079
2020-12-08 13:52:32,302 [1] - 获取-2164
2020-12-08 13:52:33,311 [1] - 获取-2249
2020-12-08 13:52:34,299 [1] - 获取-2334
2020-12-08 13:52:35,297 [1] - 获取-2419
2020-12-08 13:52:36,296 [1] - 获取-2504
2020-12-08 13:52:37,295 [1] - 获取-2588
2020-12-08 13:52:38,305 [1] - 获取-2674
2020-12-08 13:52:39,304 [1] - 获取-2762
2020-12-08 13:52:40,302 [1] - 获取-2844
2020-12-08 13:52:41,301 [1] - 获取-2929
2020-12-08 13:52:42,299 [1] - 获取-3014
2020-12-08 13:52:43,298 [1] - 获取-3098
2020-12-08 13:52:44,296 [1] - 获取-3184
2020-12-08 13:52:45,295 [1] - 获取-3269
2020-12-08 13:52:46,293 [1] - 获取-3353
2020-12-08 13:52:47,304 [1] - 获取-3439
2020-12-08 13:52:48,279 [1] - 获取-3527
2020-12-08 13:52:49,301 [1] - 获取-3609
2020-12-08 13:52:50,299 [1] - 获取-3694
2020-12-08 13:52:51,297 [1] - 获取-3779
2020-12-08 13:52:52,297 [1] - 获取-3865
2020-12-08 13:52:53,306 [1] - 获取-3951
2020-12-08 13:52:54,304 [1] - 获取-4035
2020-12-08 13:52:55,303 [1] - 获取-4120
2020-12-08 13:52:56,302 [1] - 获取-4210
2020-12-08 13:52:57,300 [1] - 获取-4291
2020-12-08 13:52:58,300 [1] - 获取-4376
2020-12-08 13:52:59,298 [1] - 获取-4463
2020-12-08 13:53:00,296 [1] - 获取-4547
2020-12-08 13:53:01,295 [1] - 获取-4631
2020-12-08 13:53:02,305 [1] - 获取-4718
2020-12-08 13:53:03,326 [1] - 获取-4805
2020-12-08 13:53:04,303 [1] - 获取-4888
2020-12-08 13:53:05,301 [1] - 获取-4973
2020-12-08 13:53:06,299 [1] - 获取-5058
2020-12-08 13:53:07,298 [1] - 获取-5147
2020-12-08 13:53:08,296 [1] - 获取-5227
2020-12-08 13:53:09,295 [1] - 获取-5312
2020-12-08 13:53:10,248 [1] - 获取-5397
2020-12-08 13:53:11,303 [1] - 获取-5483
2020-12-08 13:53:12,302 [1] - 获取-5568
2020-12-08 13:53:13,301 [1] - 获取-5654
2020-12-08 13:53:14,299 [1] - 获取-5739
2020-12-08 13:53:15,297 [1] - 获取-5824
2020-12-08 13:53:16,296 [1] - 获取-5909
2020-12-08 13:53:17,306 [1] - 获取-5994
2020-12-08 13:53:18,305 [1] - 获取-6079
2020-12-08 13:53:19,303 [1] - 获取-6165
2020-12-08 13:53:20,302 [1] - 获取-6249
2020-12-08 13:53:21,300 [1] - 获取-6333
2020-12-08 13:53:22,299 [1] - 获取-6405
2020-12-08 13:53:23,298 [1] - 获取-6452
2020-12-08 13:53:24,296 [1] - 获取-6470
2020-12-08 13:53:25,295 [1] - 获取-6463
2020-12-08 13:53:26,294 [1] - 获取-6443
2020-12-08 13:53:27,304 [1] - 获取-6417
2020-12-08 13:53:28,394 [1] - 获取-6396
2020-12-08 13:53:29,393 [1] - 获取-6381
2020-12-08 13:53:30,301 [1] - 获取-6375
2020-12-08 13:53:31,299 [1] - 获取-6375
2020-12-08 13:53:32,299 [1] - 获取-6379
2020-12-08 13:53:33,263 [1] - 获取-6388
2020-12-08 13:53:34,296 [1] - 获取-6398
2020-12-08 13:53:35,294 [1] - 获取-6410
2020-12-08 13:53:36,293 [1] - 获取-6422
2020-12-08 13:53:37,304 [1] - 获取-6433
2020-12-08 13:53:38,303 [1] - 获取-6442
2020-12-08 13:53:39,302 [1] - 获取-6560
2020-12-08 13:53:40,300 [1] - 获取-6699
2020-12-08 13:53:41,299 [1] - 获取-6765
2020-12-08 13:53:42,298 [1] - 获取-6766
2020-12-08 13:53:43,296 [1] - 获取-6737
2020-12-08 13:53:44,295 [1] - 获取-6700
2020-12-08 13:53:45,294 [1] - 获取-6676
2020-12-08 13:53:46,304 [1] - 获取-6657
2020-12-08 13:53:47,304 [1] - 获取-6654
2020-12-08 13:53:48,325 [1] - 获取-6659
2020-12-08 13:53:49,302 [1] - 获取-6669
2020-12-08 13:53:50,392 [1] - 获取-6675
2020-12-08 13:53:51,391 [1] - 获取-6680
2020-12-08 13:53:52,299 [1] - 获取-6683
2020-12-08 13:53:53,297 [1] - 获取-6685
2020-12-08 13:53:54,297 [1] - 获取-6689
2020-12-08 13:53:55,296 [1] - 获取-6696
2020-12-08 13:53:56,306 [1] - 获取-6700
2020-12-08 13:53:57,294 [1] - 获取-6917
2020-12-08 13:53:58,304 [1] - 获取-6952
2020-12-08 13:53:59,304 [1] - 获取-6940
2020-12-08 13:54:00,302 [1] - 获取-6920
2020-12-08 13:54:01,392 [1] - 获取-6911
2020-12-08 13:54:02,392 [1] - 获取-6902
2020-12-08 13:54:03,414 [1] - 获取-6898
2020-12-08 13:54:04,299 [1] - 获取-6898
2020-12-08 13:54:05,299 [1] - 获取-6901
2020-12-08 13:54:06,298 [1] - 获取-6906
2020-12-08 13:54:07,296 [1] - 获取-6915
2020-12-08 13:54:08,296 [1] - 获取-6916
2020-12-08 13:54:09,295 [1] - 获取-7061
2020-12-08 13:54:10,306 [1] - 获取-7140
2020-12-08 13:54:11,304 [1] - 获取-7143
2020-12-08 13:54:12,292 [1] - 获取-7138
2020-12-08 13:54:13,303 [1] - 获取-7115
2020-12-08 13:54:14,302 [1] - 获取-7104
2020-12-08 13:54:15,392 [1] - 获取-7108
2020-12-08 13:54:16,391 [1] - 获取-7107
2020-12-08 13:54:17,391 [1] - 获取-7111
2020-12-08 13:54:18,311 [1] - 获取-7111
2020-12-08 13:54:19,299 [1] - 获取-7111
2020-12-08 13:54:20,297 [1] - 获取-7108
2020-12-08 13:54:21,298 [1] - 获取-7108
2020-12-08 13:54:22,297 [1] - 获取-7331
2020-12-08 13:54:23,295 [1] - 获取-7391
2020-12-08 13:54:24,294 [1] - 获取-7368
2020-12-08 13:54:25,306 [1] - 获取-7329
2020-12-08 13:54:26,305 [1] - 获取-7307
2020-12-08 13:54:27,304 [1] - 获取-7309
2020-12-08 13:54:28,394 [1] - 获取-7294
2020-12-08 13:54:29,395 [1] - 获取-7302
2020-12-08 13:54:30,303 [1] - 获取-7308
2020-12-08 13:54:31,302 [1] - 获取-7300
2020-12-08 13:54:32,302 [1] - 获取-7305
2020-12-08 13:54:33,358 [1] - 获取-7308
2020-12-08 13:54:34,300 [1] - 获取-7637
2020-12-08 13:54:35,300 [1] - 获取-7735
2020-12-08 13:54:36,298 [1] - 获取-7691
2020-12-08 13:54:37,297 [1] - 获取-7649
2020-12-08 13:54:38,298 [1] - 获取-7634
2020-12-08 13:54:39,297 [1] - 获取-7641
2020-12-08 13:54:40,387 [1] - 获取-7641
2020-12-08 13:54:41,388 [1] - 获取-7643
2020-12-08 13:54:42,296 [1] - 获取-7645
2020-12-08 13:54:43,296 [1] - 获取-7640
2020-12-08 13:54:44,295 [1] - 获取-7636
2020-12-08 13:54:45,295 [1] - 获取-7636
2020-12-08 13:54:46,294 [1] - 获取-7316
2020-12-08 13:54:47,304 [1] - 获取-7176
2020-12-08 13:54:48,304 [1] - 获取-7189
2020-12-08 13:54:49,303 [1] - 获取-7241
2020-12-08 13:54:50,302 [1] - 获取-7276
2020-12-08 13:54:51,306 [1] - 获取-7295
2020-12-08 13:54:52,303 [1] - 获取-7300
2020-12-08 13:54:53,392 [1] - 获取-7303
2020-12-08 13:54:54,391 [1] - 获取-7291
2020-12-08 13:54:55,391 [1] - 获取-7299
2020-12-08 13:54:56,300 [1] - 获取-7291
2020-12-08 13:54:57,300 [1] - 获取-7291
2020-12-08 13:54:58,298 [1] - 获取-7284
2020-12-08 13:54:59,297 [1] - 获取-7287
2020-12-08 13:55:00,297 [1] - 获取-7122
2020-12-08 13:55:01,297 [1] - 获取-7007
2020-12-08 13:55:02,296 [1] - 获取-6994
2020-12-08 13:55:03,295 [1] - 获取-7029
2020-12-08 13:55:04,294 [1] - 获取-7072
2020-12-08 13:55:05,396 [1] - 获取-7099
2020-12-08 13:55:06,384 [1] - 获取-7111
2020-12-08 13:55:07,395 [1] - 获取-7110
2020-12-08 13:55:08,303 [1] - 获取-7106
2020-12-08 13:55:09,304 [1] - 获取-7105
2020-12-08 13:55:10,302 [1] - 获取-7094
2020-12-08 13:55:11,302 [1] - 获取-7105
2020-12-08 13:55:12,301 [1] - 获取-7109
2020-12-08 13:55:13,301 [1] - 获取-7108
2020-12-08 13:55:14,300 [1] - 获取-6946
2020-12-08 13:55:15,299 [1] - 获取-6879
2020-12-08 13:55:16,299 [1] - 获取-6871
2020-12-08 13:55:17,298 [1] - 获取-6888
2020-12-08 13:55:18,320 [1] - 获取-6915
2020-12-08 13:55:19,297 [1] - 获取-6935
2020-12-08 13:55:20,387 [1] - 获取-6954
2020-12-08 13:55:21,387 [1] - 获取-6957
2020-12-08 13:55:22,295 [1] - 获取-6956
2020-12-08 13:55:23,294 [1] - 获取-6947
2020-12-08 13:55:24,294 [1] - 获取-6944
2020-12-08 13:55:25,305 [1] - 获取-6946
2020-12-08 13:55:26,292 [1] - 获取-6945
2020-12-08 13:55:27,303 [1] - 获取-6947
2020-12-08 13:55:28,302 [1] - 获取-6947
2020-12-08 13:55:29,302 [1] - 获取-6793
2020-12-08 13:55:30,302 [1] - 获取-6708
2020-12-08 13:55:31,300 [1] - 获取-6669
2020-12-08 13:55:32,299 [1] - 获取-6677
2020-12-08 13:55:33,321 [1] - 获取-6704
2020-12-08 13:55:34,297 [1] - 获取-6732
2020-12-08 13:55:35,297 [1] - 获取-6753
2020-12-08 13:55:36,296 [1] - 获取-6766
2020-12-08 13:55:37,306 [1] - 获取-6769
2020-12-08 13:55:38,295 [1] - 获取-6763
2020-12-08 13:55:39,294 [1] - 获取-6760
2020-12-08 13:55:40,395 [1] - 获取-6758
2020-12-08 13:55:41,396 [1] - 获取-6756
2020-12-08 13:55:42,303 [1] - 获取-6755
2020-12-08 13:55:43,303 [1] - 获取-6754
2020-12-08 13:55:44,303 [1] - 获取-6756
2020-12-08 13:55:45,301 [1] - 获取-6757
2020-12-08 13:55:46,301 [1] - 获取-6585
2020-12-08 13:55:47,301 [1] - 获取-6487
2020-12-08 13:55:48,310 [1] - 获取-6437
2020-12-08 13:55:49,299 [1] - 获取-6427
2020-12-08 13:55:50,298 [1] - 获取-6436
2020-12-08 13:55:51,296 [1] - 获取-6457
2020-12-08 13:55:52,296 [1] - 获取-6483
2020-12-08 13:55:53,295 [1] - 获取-6507
2020-12-08 13:55:54,294 [1] - 获取-6524
2020-12-08 13:55:55,304 [1] - 获取-6536
2020-12-08 13:55:56,304 [1] - 获取-6541
2020-12-08 13:55:57,303 [1] - 获取-6540
2020-12-08 13:55:58,393 [1] - 获取-6537
2020-12-08 13:55:59,392 [1] - 获取-6532
2020-12-08 13:56:00,301 [1] - 获取-6530
2020-12-08 13:56:01,301 [1] - 获取-6531
2020-12-08 13:56:02,299 [1] - 获取-6531
2020-12-08 13:56:03,309 [1] - 获取-6530
2020-12-08 13:56:04,298 [1] - 获取-6530
------------------------------------------------------------
2020-12-08 14:32:58,535 [1] - System.Data.SQLite.SQLiteException (0x80004005): SQLite error
near ")": syntax error
   在 System.Data.SQLite.SQLite3.Prepare(String strSql, SQLiteStatement previous, String& strRemain)
   在 System.Data.SQLite.SQLiteCommand.BuildNextCommand()
   在 System.Data.SQLite.SQLiteCommand.GetStatement(Int32 index)
   在 System.Data.SQLite.SQLiteCommand.ExecuteNonQuery()
   在 Young.Core.SQLite.SQLiteHelper.ExecuteNonQuery(String cmdText, Object[] p) 位置 E:\08-GitHub\jky-doors-3x-new\Young.Core\SQLite\SQLiteHelper.cs:行号 72
   在 text.doors.dal.DAL_dt_qm_Info.Add(Model_dt_qm_Info model) 位置 E:\08-GitHub\jky-doors-3x-new\text.doors\Service\DAL_dt_qm_Info.cs:行号 127
   在 text.doors.Detection.AirtightDetection.AddQMResult(QM_TestCount qm_TestCount) 位置 E:\08-GitHub\jky-doors-3x-new\text.doors\Detection\AirtightDetection.cs:行号 1518
   在 text.doors.Detection.AirtightDetection.btn_datadispose_Click(Object sender, EventArgs e) 位置 E:\08-GitHub\jky-doors-3x-new\text.doors\Detection\AirtightDetection.cs:行号 1307
   在 System.Windows.Forms.Control.OnClick(EventArgs e)
   在 System.Windows.Forms.Button.OnClick(EventArgs e)
   在 System.Windows.Forms.Button.OnMouseUp(MouseEventArgs mevent)
   在 System.Windows.Forms.Control.WmMouseUp(Message& m, MouseButtons button, Int32 clicks)
   在 System.Windows.Forms.Control.WndProc(Message& m)
   在 System.Windows.Forms.ButtonBase.WndProc(Message& m)
   在 System.Windows.Forms.Button.WndProc(Message& m)
   在 System.Windows.Forms.Control.ControlNativeWindow.OnMessage(Message& m)
   在 System.Windows.Forms.Control.ControlNativeWindow.WndProc(Message& m)
   在 System.Windows.Forms.NativeWindow.Callback(IntPtr hWnd, Int32 msg, IntPtr wparam, IntPtr lparam)
2020-12-08 14:33:19,486 [1] - System.Data.SQLite.SQLiteException (0x80004005): SQLite error
near ")": syntax error
   在 System.Data.SQLite.SQLite3.Prepare(String strSql, SQLiteStatement previous, String& strRemain)
   在 System.Data.SQLite.SQLiteCommand.BuildNextCommand()
   在 System.Data.SQLite.SQLiteCommand.GetStatement(Int32 index)
   在 System.Data.SQLite.SQLiteCommand.ExecuteNonQuery()
   在 Young.Core.SQLite.SQLiteHelper.ExecuteNonQuery(String cmdText, Object[] p) 位置 E:\08-GitHub\jky-doors-3x-new\Young.Core\SQLite\SQLiteHelper.cs:行号 72
   在 text.doors.dal.DAL_dt_qm_Info.Add(Model_dt_qm_Info model) 位置 E:\08-GitHub\jky-doors-3x-new\text.doors\Service\DAL_dt_qm_Info.cs:行号 127
   在 text.doors.Detection.AirtightDetection.AddQMResult(QM_TestCount qm_TestCount) 位置 E:\08-GitHub\jky-doors-3x-new\text.doors\Detection\AirtightDetection.cs:行号 1518
   在 text.doors.Detection.AirtightDetection.btn_datadispose_Click(Object sender, EventArgs e) 位置 E:\08-GitHub\jky-doors-3x-new\text.doors\Detection\AirtightDetection.cs:行号 1307
   在 System.Windows.Forms.Control.OnClick(EventArgs e)
   在 System.Windows.Forms.Button.OnClick(EventArgs e)
   在 System.Windows.Forms.Button.OnMouseUp(MouseEventArgs mevent)
   在 System.Windows.Forms.Control.WmMouseUp(Message& m, MouseButtons button, Int32 clicks)
   在 System.Windows.Forms.Control.WndProc(Message& m)
   在 System.Windows.Forms.ButtonBase.WndProc(Message& m)
   在 System.Windows.Forms.Button.WndProc(Message& m)
   在 System.Windows.Forms.Control.ControlNativeWindow.OnMessage(Message& m)
   在 System.Windows.Forms.Control.ControlNativeWindow.WndProc(Message& m)
   在 System.Windows.Forms.NativeWindow.Callback(IntPtr hWnd, Int32 msg, IntPtr wparam, IntPtr lparam)
2020-12-08 14:33:47,797 [1] - System.Data.SQLite.SQLiteException (0x80004005): SQLite error
near ")": syntax error
   在 System.Data.SQLite.SQLite3.Prepare(String strSql, SQLiteStatement previous, String& strRemain)
   在 System.Data.SQLite.SQLiteCommand.BuildNextCommand()
   在 System.Data.SQLite.SQLiteCommand.GetStatement(Int32 index)
   在 System.Data.SQLite.SQLiteCommand.ExecuteNonQuery()
   在 Young.Core.SQLite.SQLiteHelper.ExecuteNonQuery(String cmdText, Object[] p) 位置 E:\08-GitHub\jky-doors-3x-new\Young.Core\SQLite\SQLiteHelper.cs:行号 72
   在 text.doors.dal.DAL_dt_qm_Info.Add(Model_dt_qm_Info model) 位置 E:\08-GitHub\jky-doors-3x-new\text.doors\Service\DAL_dt_qm_Info.cs:行号 127
   在 text.doors.Detection.AirtightDetection.AddQMResult(QM_TestCount qm_TestCount) 位置 E:\08-GitHub\jky-doors-3x-new\text.doors\Detection\AirtightDetection.cs:行号 1518
   在 text.doors.Detection.AirtightDetection.btn_datadispose_Click(Object sender, EventArgs e) 位置 E:\08-GitHub\jky-doors-3x-new\text.doors\Detection\AirtightDetection.cs:行号 1307
   在 System.Windows.Forms.Control.OnClick(EventArgs e)
   在 System.Windows.Forms.Button.OnClick(EventArgs e)
   在 System.Windows.Forms.Button.OnMouseUp(MouseEventArgs mevent)
   在 System.Windows.Forms.Control.WmMouseUp(Message& m, MouseButtons button, Int32 clicks)
   在 System.Windows.Forms.Control.WndProc(Message& m)
   在 System.Windows.Forms.ButtonBase.WndProc(Message& m)
   在 System.Windows.Forms.Button.WndProc(Message& m)
   在 System.Windows.Forms.Control.ControlNativeWindow.OnMessage(Message& m)
   在 System.Windows.Forms.Control.ControlNativeWindow.WndProc(Message& m)
   在 System.Windows.Forms.NativeWindow.Callback(IntPtr hWnd, Int32 msg, IntPtr wparam, IntPtr lparam)
------------------------------------------------------------
------------------------------------------------------------
------------------------------------------------------------
------------------------------------------------------------
------------------------------------------------------------
------------------------------------------------------------
------------------------------------------------------------
------------------------------------------------------------
------------------------------------------------------------
------------------------------------------------------------
------------------------------------------------------------
------------------------------------------------------------
2020-12-08 15:13:30,171 [1] - 获取-8902
2020-12-08 15:13:31,170 [1] - 获取-32000
2020-12-08 15:13:32,167 [1] - 获取-32000
2020-12-08 15:13:33,176 [1] - 获取-32000
2020-12-08 15:13:34,186 [1] - 获取-32000
2020-12-08 15:13:35,172 [1] - 获取-32000
2020-12-08 15:13:36,170 [1] - 获取-32000
2020-12-08 15:13:37,179 [1] - 获取-32000
2020-12-08 15:13:38,166 [1] - 获取-32000
2020-12-08 15:13:39,175 [1] - 获取-32000
2020-12-08 15:13:40,173 [1] - 获取-32000
2020-12-08 15:13:41,170 [1] - 获取-32000
2020-12-08 15:13:42,264 [1] - 获取-32000
2020-12-08 15:14:21,178 [1] - 获取-132
2020-12-08 15:14:22,176 [1] - 获取-218
2020-12-08 15:14:23,164 [1] - 获取-305
2020-12-08 15:14:24,162 [1] - 获取-392
------------------------------------------------------------
2020-12-08 15:14:33,858 [1] - 获取-1170
2020-12-08 15:14:34,897 [1] - 获取-1306
2020-12-08 15:14:34,988 [1] - 获取-1346
------------------------------------------------------------
2020-12-08 15:49:21,709 [1] - 获取-3635
2020-12-08 15:49:21,714 [1] - 获取-4034
2020-12-08 15:49:30,933 [1] - 获取-4433
2020-12-08 15:49:33,964 [1] - 获取-32000
2020-12-08 15:49:33,965 [1] - 获取-32000
2020-12-08 15:49:34,475 [1] - 获取-32000
2020-12-08 15:49:34,976 [1] - 获取-32000
2020-12-08 15:50:14,888 [1] - 获取-384
2020-12-08 15:50:15,889 [1] - 获取-623
2020-12-08 15:50:16,841 [1] - 获取-883
2020-12-08 15:50:17,794 [1] - 获取-1144
2020-12-08 15:50:18,886 [1] - 获取-1405
2020-12-08 15:50:19,884 [1] - 获取-1666
2020-12-08 15:50:20,793 [1] - 获取-1927
2020-12-08 15:50:21,793 [1] - 获取-2187
2020-12-08 15:50:22,793 [1] - 获取-2448
2020-12-08 15:50:23,790 [1] - 获取-2710
2020-12-08 15:50:41,607 [1] - 获取-6176
2020-12-08 15:50:44,380 [1] - 获取-6605
2020-12-08 15:50:44,826 [1] - 获取-6485
2020-12-08 15:50:47,169 [1] - 获取-6497
2020-12-08 15:50:47,169 [1] - 获取-6502
2020-12-08 15:50:47,799 [1] - 获取-6510
------------------------------------------------------------
2020-12-08 15:53:55,596 [1] - 获取-277
2020-12-08 15:53:56,594 [1] - 获取-624
2020-12-08 15:53:57,502 [1] - 获取-973
2020-12-08 15:53:58,502 [1] - 获取-1320
2020-12-08 15:53:59,512 [1] - 获取-1673
2020-12-08 15:54:00,499 [1] - 获取-2017
2020-12-08 15:54:01,591 [1] - 获取-2365
2020-12-08 15:54:02,545 [1] - 获取-2713
2020-12-08 15:54:03,498 [1] - 获取-3061
2020-12-08 15:54:04,508 [1] - 获取-3413
2020-12-08 15:54:05,507 [1] - 获取-3762
2020-12-08 15:54:06,506 [1] - 获取-4109
2020-12-08 15:54:07,598 [1] - 获取-4458
2020-12-08 15:54:08,618 [1] - 获取-4814
2020-12-08 15:54:09,494 [1] - 获取-5150
2020-12-08 15:54:10,504 [1] - 获取-5502
2020-12-08 15:54:11,503 [1] - 获取-5849
2020-12-08 15:54:12,502 [1] - 获取-6197
2020-12-08 15:54:13,593 [1] - 获取-6536
2020-12-08 15:54:14,603 [1] - 获取-6768
2020-12-08 15:54:15,501 [1] - 获取-6826
2020-12-08 15:54:16,500 [1] - 获取-6765
2020-12-08 15:54:17,511 [1] - 获取-6675
2020-12-08 15:54:18,498 [1] - 获取-6608
2020-12-08 15:54:19,602 [1] - 获取-6576
2020-12-08 15:54:20,589 [1] - 获取-6563
2020-12-08 15:54:21,511 [1] - 获取-6578
2020-12-08 15:54:22,497 [1] - 获取-6591
2020-12-08 15:54:23,519 [1] - 获取-6607
2020-12-08 15:54:24,495 [1] - 获取-6622
2020-12-08 15:54:45,580 [1] - 获取-486
2020-12-08 15:55:02,186 [1] - 获取-6805
2020-12-08 15:55:03,299 [1] - 获取-6770
2020-12-08 15:55:03,823 [1] - 获取-6668
2020-12-08 15:55:06,217 [1] - 获取-6616
2020-12-08 15:55:06,921 [1] - 获取-6549
2020-12-08 15:55:07,535 [1] - 获取-6558
2020-12-08 15:55:08,568 [1] - 获取-6576
2020-12-08 15:55:09,499 [1] - 获取-6595
2020-12-08 15:55:10,499 [1] - 获取-6613
2020-12-08 15:55:11,591 [1] - 获取-6625
------------------------------------------------------------
2020-12-08 15:57:59,528 [1] - 获取-265
2020-12-08 15:58:00,539 [1] - 获取-528
2020-12-08 15:58:01,583 [1] - 获取-788
2020-12-08 15:58:02,526 [1] - 获取-1044
2020-12-08 15:58:03,582 [1] - 获取-1307
2020-12-08 15:58:04,524 [1] - 获取-1563
2020-12-08 15:58:05,580 [1] - 获取-1827
2020-12-08 15:58:06,533 [1] - 获取-2086
2020-12-08 15:58:07,578 [1] - 获取-2345
2020-12-08 15:58:08,588 [1] - 获取-2620
2020-12-08 15:58:09,587 [1] - 获取-2867
2020-12-08 15:58:10,530 [1] - 获取-3124
2020-12-08 15:58:11,574 [1] - 获取-3384
2020-12-08 15:58:12,529 [1] - 获取-3643
2020-12-08 15:58:13,573 [1] - 获取-3904
2020-12-08 15:58:14,527 [1] - 获取-4163
2020-12-08 15:58:15,583 [1] - 获取-4426
2020-12-08 15:58:16,537 [1] - 获取-4687
2020-12-08 15:58:17,592 [1] - 获取-4949
2020-12-08 15:58:18,535 [1] - 获取-5206
2020-12-08 15:58:19,606 [1] - 获取-5468
2020-12-08 15:58:20,534 [1] - 获取-5726
2020-12-08 15:58:21,578 [1] - 获取-5985
2020-12-08 15:58:22,533 [1] - 获取-6245
2020-12-08 15:58:23,588 [1] - 获取-6490
2020-12-08 15:58:24,542 [1] - 获取-6648
2020-12-08 15:58:25,575 [1] - 获取-6688
2020-12-08 15:58:26,529 [1] - 获取-6643
2020-12-08 15:58:27,529 [1] - 获取-6569
2020-12-08 15:58:36,921 [1] - 获取-6516
2020-12-08 15:58:54,527 [1] - 获取-574
2020-12-08 15:58:55,572 [1] - 获取-1010
2020-12-08 15:58:56,526 [1] - 获取-1445
2020-12-08 15:58:57,582 [1] - 获取-1886
2020-12-08 15:58:58,524 [1] - 获取-2317
2020-12-08 15:58:59,581 [1] - 获取-2758
2020-12-08 15:59:00,534 [1] - 获取-3194
2020-12-08 15:59:01,579 [1] - 获取-3630
2020-12-08 15:59:02,533 [1] - 获取-4065
2020-12-08 15:59:03,577 [1] - 获取-4501
2020-12-08 15:59:04,531 [1] - 获取-4937
2020-12-08 15:59:05,576 [1] - 获取-5372
2020-12-08 15:59:06,540 [1] - 获取-5813
2020-12-08 15:59:07,540 [1] - 获取-6249
2020-12-08 15:59:08,528 [1] - 获取-6669
2020-12-08 15:59:09,585 [1] - 获取-6959
2020-12-08 15:59:10,526 [1] - 获取-7006
2020-12-08 15:59:11,582 [1] - 获取-6921
2020-12-08 16:04:28,967 [1] - 获取-6812
------------------------------------------------------------
2020-12-08 16:04:51,546 [1] - 获取-410
2020-12-08 16:04:52,591 [1] - 获取-845
2020-12-08 16:04:53,544 [1] - 获取-1280
2020-12-08 16:04:54,600 [1] - 获取-1720
2020-12-08 16:04:55,542 [1] - 获取-2151
2020-12-08 16:04:56,598 [1] - 获取-2590
2020-12-08 16:04:57,553 [1] - 获取-3025
2020-12-08 16:04:58,551 [1] - 获取-3461
2020-12-08 16:04:59,551 [1] - 获取-3896
2020-12-08 16:05:00,596 [1] - 获取-4330
2020-12-08 16:05:01,548 [1] - 获取-4767
2020-12-08 16:05:02,593 [1] - 获取-5201
2020-12-08 16:05:03,547 [1] - 获取-5635
2020-12-08 16:05:04,546 [1] - 获取-6087
2020-12-08 16:05:05,545 [1] - 获取-6503
2020-12-08 16:05:06,591 [1] - 获取-6832
2020-12-08 16:05:07,543 [1] - 获取-6991
2020-12-08 16:05:08,589 [1] - 获取-6962
2020-12-08 16:05:11,506 [1] - 获取-6880
2020-12-08 16:05:13,732 [1] - 获取-6752
2020-12-08 16:05:46,206 [1] - 获取-6771
2020-12-08 16:05:51,551 [1] - 获取-499
2020-12-08 16:05:52,596 [1] - 获取-934
2020-12-08 16:05:53,551 [1] - 获取-1370
2020-12-08 16:05:54,595 [1] - 获取-1804
2020-12-08 16:05:55,549 [1] - 获取-2239
2020-12-08 16:05:56,592 [1] - 获取-2675
2020-12-08 16:05:57,547 [1] - 获取-3110
2020-12-08 16:05:58,591 [1] - 获取-3546
2020-12-08 16:05:59,545 [1] - 获取-3980
2020-12-08 16:06:00,589 [1] - 获取-4417
2020-12-08 16:06:01,543 [1] - 获取-4852
2020-12-08 16:06:02,588 [1] - 获取-5307
2020-12-08 16:06:03,542 [1] - 获取-5722
2020-12-08 16:06:04,541 [1] - 获取-6158
2020-12-08 16:06:05,552 [1] - 获取-6595
2020-12-08 16:06:06,597 [1] - 获取-6937
2020-12-08 16:06:07,550 [1] - 获取-7070
2020-12-08 16:06:08,595 [1] - 获取-7039
2020-12-08 16:06:09,640 [1] - 获取-6960
2020-12-08 16:06:17,210 [1] - 获取-6890
------------------------------------------------------------
2020-12-08 16:07:16,494 [1] - 获取-623
2020-12-08 16:07:17,550 [1] - 获取-1063
2020-12-08 16:07:18,504 [1] - 获取-1498
2020-12-08 16:07:19,548 [1] - 获取-1933
2020-12-08 16:07:20,502 [1] - 获取-2368
2020-12-08 16:07:21,502 [1] - 获取-2804
2020-12-08 16:07:22,501 [1] - 获取-3239
2020-12-08 16:07:23,500 [1] - 获取-3673
2020-12-08 16:07:24,499 [1] - 获取-4108
2020-12-08 16:07:25,499 [1] - 获取-4543
2020-12-08 16:07:26,498 [1] - 获取-4978
2020-12-08 16:07:27,497 [1] - 获取-5413
2020-12-08 16:07:28,496 [1] - 获取-5848
2020-12-08 16:07:29,553 [1] - 获取-6288
2020-12-08 16:07:30,495 [1] - 获取-6707
2020-12-08 16:07:31,506 [1] - 获取-7008
2020-12-08 16:07:32,504 [1] - 获取-7099
2020-12-08 16:07:33,504 [1] - 获取-7049
2020-12-08 16:07:34,640 [1] - 获取-6974
2020-12-08 16:07:35,596 [1] - 获取-6906
2020-12-08 16:07:41,123 [1] - 获取-6910
2020-12-08 16:07:41,666 [1] - 获取-6919
2020-12-08 16:07:42,496 [1] - 获取-6925
------------------------------------------------------------
2020-12-08 16:08:17,429 [1] - 获取-564
2020-12-08 16:08:18,370 [1] - 获取-1082
2020-12-08 16:08:19,426 [1] - 获取-1610
2020-12-08 16:08:20,379 [1] - 获取-2133
2020-12-08 16:08:21,424 [1] - 获取-2656
2020-12-08 16:08:22,377 [1] - 获取-3203
2020-12-08 16:08:23,422 [1] - 获取-3702
2020-12-08 16:08:24,377 [1] - 获取-4225
2020-12-08 16:08:25,421 [1] - 获取-4747
2020-12-08 16:08:26,375 [1] - 获取-5271
2020-12-08 16:08:27,419 [1] - 获取-5794
2020-12-08 16:08:28,374 [1] - 获取-6317
2020-12-08 16:08:29,441 [1] - 获取-6850
2020-12-08 16:08:30,372 [1] - 获取-7140
2020-12-08 16:08:31,428 [1] - 获取-7193
2020-12-08 16:08:32,371 [1] - 获取-7119
2020-12-08 16:08:33,427 [1] - 获取-7029
2020-12-08 16:08:34,473 [1] - 获取-6982
2020-12-08 16:08:35,472 [1] - 获取-6960
2020-12-08 16:08:36,381 [1] - 获取-6965
2020-12-08 16:08:37,379 [1] - 获取-6976
2020-12-08 16:08:38,380 [1] - 获取-6988
2020-12-08 16:08:39,424 [1] - 获取-7005
2020-12-08 16:08:40,379 [1] - 获取-7013
2020-12-08 16:08:58,406 [1] - 获取-665
2020-12-08 16:08:59,417 [1] - 获取-1182
2020-12-08 16:09:00,370 [1] - 获取-1705
2020-12-08 16:09:01,415 [1] - 获取-2228
2020-12-08 16:09:02,380 [1] - 获取-2756
2020-12-08 16:09:03,425 [1] - 获取-3280
2020-12-08 16:09:04,378 [1] - 获取-3827
2020-12-08 16:09:05,423 [1] - 获取-4326
2020-12-08 16:09:06,378 [1] - 获取-4849
2020-12-08 16:09:07,422 [1] - 获取-5371
2020-12-08 16:09:08,387 [1] - 获取-5901
2020-12-08 16:09:09,431 [1] - 获取-6424
2020-12-08 16:09:10,374 [1] - 获取-6914
2020-12-08 16:09:11,419 [1] - 获取-7211
2020-12-08 16:09:12,372 [1] - 获取-7243
2020-12-08 16:09:13,429 [1] - 获取-7169
2020-12-08 16:09:14,475 [1] - 获取-7101
2020-12-08 16:09:15,463 [1] - 获取-7048
2020-12-08 16:09:16,370 [1] - 获取-7032
2020-12-08 16:09:17,371 [1] - 获取-7035
2020-12-08 16:09:18,382 [1] - 获取-7047
2020-12-08 16:09:19,426 [1] - 获取-7067
2020-12-08 16:09:20,472 [1] - 获取-7075
2020-12-08 16:09:21,461 [1] - 获取-7081
------------------------------------------------------------
2020-12-08 16:18:21,178 [1] - 获取-866
2020-12-08 16:18:22,186 [1] - 获取-1723
2020-12-08 16:18:23,174 [1] - 获取-2600
2020-12-08 16:18:24,138 [1] - 获取-3497
2020-12-08 16:18:24,956 [1] - 获取-4384
2020-12-08 16:18:26,182 [1] - 获取-5272
2020-12-08 16:18:27,202 [1] - 获取-6179
2020-12-08 16:18:28,020 [1] - 获取-7066
2020-12-08 16:18:29,132 [1] - 获取-7928
2020-12-08 16:18:30,097 [1] - 获取-8820
2020-12-08 16:18:31,220 [1] - 获取-9729
2020-12-08 16:18:32,174 [1] - 获取-10565
2020-12-08 16:18:33,003 [1] - 获取-11449
2020-12-08 16:18:34,159 [1] - 获取-12343
2020-12-08 16:18:35,204 [1] - 获取-13201
2020-12-08 16:18:36,179 [1] - 获取-14061
2020-12-08 16:18:37,099 [1] - 获取-14938
2020-12-08 16:18:38,087 [1] - 获取-15793
2020-12-08 16:18:47,142 [1] - 获取-1189
2020-12-08 16:18:48,210 [1] - 获取-2097
2020-12-08 16:18:49,197 [1] - 获取-2975
2020-12-08 16:18:50,060 [1] - 获取-3904
2020-12-08 16:18:51,137 [1] - 获取-4781
2020-12-08 16:18:52,182 [1] - 获取-5628
2020-12-08 16:18:53,181 [1] - 获取-6516
2020-12-08 16:18:54,100 [1] - 获取-7388
2020-12-08 16:18:55,167 [1] - 获取-8086
2020-12-08 16:18:56,188 [1] - 获取-8534
2020-12-08 16:18:57,176 [1] - 获取-8824
2020-12-08 16:18:58,175 [1] - 获取-9021
2020-12-08 16:19:07,950 [1] - 获取-235
2020-12-08 16:19:08,961 [1] - 获取-413
2020-12-08 16:19:09,994 [1] - 获取-594
2020-12-08 16:19:11,020 [1] - 获取-781
2020-12-08 16:19:11,959 [1] - 获取-965
2020-12-08 16:19:12,946 [1] - 获取-1146
2020-12-08 16:19:14,002 [1] - 获取-1331
2020-12-08 16:19:15,001 [1] - 获取-1515
2020-12-08 16:19:15,955 [1] - 获取-1699
------------------------------------------------------------
------------------------------------------------------------
------------------------------------------------------------
------------------------------------------------------------
------------------------------------------------------------
2020-12-08 18:02:13,520 [1] - 获取-350
2020-12-08 18:02:15,303 [1] - 获取-1048
2020-12-08 18:02:16,982 [1] - 获取-1754
2020-12-08 18:02:16,983 [1] - 获取-2478
2020-12-08 18:02:18,117 [1] - 获取-3154
2020-12-08 18:02:19,763 [1] - 获取-3752
2020-12-08 18:02:21,081 [1] - 获取-4483
2020-12-08 18:02:23,124 [1] - 获取-5182
2020-12-08 18:02:23,124 [1] - 获取-5831
2020-12-08 18:02:24,532 [1] - 获取-6579
2020-12-08 18:02:26,076 [1] - 获取-7194
2020-12-08 18:02:27,847 [1] - 获取-7648
2020-12-08 18:02:29,527 [1] - 获取-7909
2020-12-08 18:02:29,527 [1] - 获取-8063
2020-12-08 18:02:30,935 [1] - 获取-8148
2020-12-08 18:02:32,479 [1] - 获取-8207
2020-12-08 18:02:34,250 [1] - 获取-8251
2020-12-08 18:02:35,952 [1] - 获取-8284
2020-12-08 18:02:35,952 [1] - 获取-8302
2020-12-08 18:02:37,496 [1] - 获取-8319
2020-12-08 18:02:38,950 [1] - 获取-8337
2020-12-08 18:02:40,948 [1] - 获取-8351
2020-12-08 18:02:40,948 [1] - 获取-8360
2020-12-08 18:02:42,310 [1] - 获取-8364
2020-12-08 18:02:43,900 [1] - 获取-8374
2020-12-08 18:02:45,761 [1] - 获取-8379
2020-12-08 18:02:45,761 [1] - 获取-8393
2020-12-08 18:02:47,351 [1] - 获取-8401
2020-12-08 18:02:48,760 [1] - 获取-8408
2020-12-08 18:02:50,349 [1] - 获取-8412
2020-12-08 18:02:52,393 [1] - 获取-8412
2020-12-08 18:02:52,393 [1] - 获取-8864
2020-12-08 18:02:53,800 [1] - 获取-9308
2020-12-08 18:02:55,390 [1] - 获取-9567
2020-12-08 18:02:56,798 [1] - 获取-9733
2020-12-08 18:02:58,841 [1] - 获取-9839
2020-12-08 18:02:58,841 [1] - 获取-9910
2020-12-08 18:03:00,249 [1] - 获取-9955
2020-12-08 18:03:01,838 [1] - 获取-9974
2020-12-08 18:03:03,700 [1] - 获取-9997
2020-12-08 18:03:03,700 [1] - 获取-10012
2020-12-08 18:03:05,357 [1] - 获取-10023
2020-12-08 18:03:07,083 [1] - 获取-10023
2020-12-08 18:03:08,491 [1] - 获取-10027
2020-12-08 18:03:10,444 [1] - 获取-10019
2020-12-08 18:03:10,444 [1] - 获取-10027
2020-12-08 18:03:12,170 [1] - 获取-10031
2020-12-08 18:03:13,896 [1] - 获取-10024
2020-12-08 18:03:15,803 [1] - 获取-10019
2020-12-08 18:03:15,803 [1] - 获取-10714
2020-12-08 18:03:17,528 [1] - 获取-11040
2020-12-08 18:03:18,937 [1] - 获取-11265
2020-12-08 18:03:20,526 [1] - 获取-11402
2020-12-08 18:03:33,369 [1] - 获取-11505
2020-12-08 18:03:33,369 [1] - 获取-11712
2020-12-08 18:03:34,868 [1] - 获取-11727
2020-12-08 18:03:36,640 [1] - 获取-11724
2020-12-08 18:03:38,865 [1] - 获取-11720
2020-12-08 18:03:38,865 [1] - 获取-11722
2020-12-08 18:03:40,364 [1] - 获取-12440
2020-12-08 18:03:42,044 [1] - 获取-12783
------------------------------------------------------------
2020-12-08 18:03:48,572 [1] - 获取-13390
2020-12-08 18:03:50,810 [1] - 获取-13423
2020-12-08 18:03:51,725 [1] - 获取-13429
2020-12-08 18:03:52,722 [1] - 获取-13453
2020-12-08 18:03:53,733 [1] - 获取-13446
2020-12-08 18:03:54,732 [1] - 获取-13462
2020-12-08 18:04:52,483 [1] - 获取-324
2020-12-08 18:04:53,845 [1] - 获取-998
2020-12-08 18:04:55,911 [1] - 获取-1696
2020-12-08 18:04:55,911 [1] - 获取-2382
2020-12-08 18:04:57,273 [1] - 获取-3081
2020-12-08 18:04:58,909 [1] - 获取-3780
2020-12-08 18:05:00,225 [1] - 获取-4453
2020-12-08 18:05:02,132 [1] - 获取-5177
2020-12-08 18:05:02,133 [1] - 获取-5874
2020-12-08 18:05:03,494 [1] - 获取-6475
2020-12-08 18:05:05,130 [1] - 获取-7168
2020-12-08 18:05:06,446 [1] - 获取-7664
2020-12-08 18:05:08,490 [1] - 获取-7985
2020-12-08 18:05:08,490 [1] - 获取-8181
2020-12-08 18:05:09,853 [1] - 获取-8284
2020-12-08 18:05:11,272 [1] - 获取-8354
2020-12-08 18:05:13,133 [1] - 获取-8394
2020-12-08 18:05:14,632 [1] - 获取-8422
2020-12-08 18:05:14,632 [1] - 获取-8441
2020-12-08 18:05:15,949 [1] - 获取-8453
2020-12-08 18:05:17,539 [1] - 获取-8457
2020-12-08 18:05:18,902 [1] - 获取-8456
2020-12-08 18:05:20,628 [1] - 获取-8458
2020-12-08 18:05:20,628 [1] - 获取-8460
2020-12-08 18:05:21,944 [1] - 获取-8463
2020-12-08 18:05:23,443 [1] - 获取-9027
2020-12-08 18:05:24,760 [1] - 获取-9379
2020-12-08 18:05:26,701 [1] - 获取-9641
2020-12-08 18:05:26,701 [1] - 获取-9811
2020-12-08 18:05:28,110 [1] - 获取-9918
2020-12-08 18:05:29,564 [1] - 获取-9980
------------------------------------------------------------
2020-12-08 18:05:38,864 [1] - 获取-10134
2020-12-08 18:05:39,913 [1] - 获取-10148
2020-12-08 18:05:40,004 [1] - 获取-10147
------------------------------------------------------------
2020-12-08 18:08:19,152 [1] - 获取-8368
2020-12-08 18:08:19,605 [1] - 获取-8385
2020-12-08 18:08:20,786 [1] - 获取-8406
2020-12-08 18:08:21,741 [1] - 获取-8420
2020-12-08 18:08:22,693 [1] - 获取-8431
2020-12-08 18:08:23,647 [1] - 获取-8439
2020-12-08 18:08:24,601 [1] - 获取-8447
2020-12-08 18:08:25,771 [1] - 获取-8451
2020-12-08 18:08:26,724 [1] - 获取-8460
2020-12-08 18:08:27,678 [1] - 获取-8457
2020-12-08 18:08:28,631 [1] - 获取-8459
2020-12-08 18:08:29,585 [1] - 获取-9096
2020-12-08 18:08:30,573 [1] - 获取-9396
2020-12-08 18:08:31,583 [1] - 获取-9588
2020-12-08 18:08:32,571 [1] - 获取-9725
2020-12-08 18:08:33,570 [1] - 获取-9835
2020-12-08 18:08:34,341 [1] - 获取-9907
2020-12-08 18:08:35,568 [1] - 获取-9961
2020-12-08 18:08:36,567 [1] - 获取-10005
------------------------------------------------------------
2020-12-08 18:11:04,913 [1] - 获取-617
2020-12-08 18:11:05,923 [1] - 获取-1174
2020-12-08 18:11:06,921 [1] - 获取-1746
2020-12-08 18:11:07,921 [1] - 获取-2272
2020-12-08 18:11:08,930 [1] - 获取-2828
2020-12-08 18:11:09,929 [1] - 获取-3378
2020-12-08 18:11:10,917 [1] - 获取-3920
2020-12-08 18:11:11,916 [1] - 获取-4469
2020-12-08 18:11:12,948 [1] - 获取-5024
2020-12-08 18:11:13,924 [1] - 获取-5573
2020-12-08 18:11:14,922 [1] - 获取-6122
2020-12-08 18:11:15,921 [1] - 获取-6670
2020-12-08 18:11:16,943 [1] - 获取-7224
2020-12-08 18:11:17,919 [1] - 获取-7615
2020-12-08 18:11:18,929 [1] - 获取-7917
2020-12-08 18:11:19,916 [1] - 获取-8114
2020-12-08 18:11:20,915 [1] - 获取-8241
2020-12-08 18:11:46,972 [1] - 获取-705
2020-12-08 18:11:47,925 [1] - 获取-1229
2020-12-08 18:11:48,924 [1] - 获取-1778
2020-12-08 18:11:49,911 [1] - 获取-2346
2020-12-08 18:11:50,921 [1] - 获取-2877
2020-12-08 18:11:51,920 [1] - 获取-3426
2020-12-08 18:11:52,919 [1] - 获取-3976
2020-12-08 18:11:53,951 [1] - 获取-4569
2020-12-08 18:11:54,916 [1] - 获取-5074
2020-12-08 18:11:55,915 [1] - 获取-5624
2020-12-08 18:11:56,924 [1] - 获取-6180
2020-12-08 18:11:57,923 [1] - 获取-6729
2020-12-08 18:11:58,922 [1] - 获取-7248
2020-12-08 18:11:59,921 [1] - 获取-7661
2020-12-08 18:12:00,920 [1] - 获取-7956
2020-12-08 18:12:01,918 [1] - 获取-8150
2020-12-08 18:12:02,917 [1] - 获取-8284
2020-12-08 18:12:03,915 [1] - 获取-8360
2020-12-08 18:12:04,914 [1] - 获取-8421
2020-12-08 18:12:05,913 [1] - 获取-8464
2020-12-08 18:12:06,911 [1] - 获取-8499
2020-12-08 18:12:07,921 [1] - 获取-8524
2020-12-08 18:12:08,921 [1] - 获取-8542
2020-12-08 18:12:09,919 [1] - 获取-8552
2020-12-08 18:12:10,919 [1] - 获取-8569
2020-12-08 18:12:11,928 [1] - 获取-8576
2020-12-08 18:12:12,916 [1] - 获取-8586
2020-12-08 18:12:13,915 [1] - 获取-8591
2020-12-08 18:12:14,913 [1] - 获取-8609
2020-12-08 18:12:15,924 [1] - 获取-8619
2020-12-08 18:12:16,922 [1] - 获取-8943
2020-12-08 18:12:17,922 [1] - 获取-9336
2020-12-08 18:12:18,920 [1] - 获取-9626
2020-12-08 18:12:19,919 [1] - 获取-9818
2020-12-08 18:12:20,918 [1] - 获取-9962
------------------------------------------------------------
------------------------------------------------------------
2020-12-08 18:16:31,771 [1] - 获取-331
2020-12-08 18:16:32,815 [1] - 获取-905
2020-12-08 18:16:33,905 [1] - 获取-1504
2020-12-08 18:16:34,949 [1] - 获取-2053
2020-12-08 18:16:36,039 [1] - 获取-2654
2020-12-08 18:16:37,140 [1] - 获取-3259
2020-12-08 18:16:38,185 [1] - 获取-3809
2020-12-08 18:16:39,230 [1] - 获取-4382
2020-12-08 18:16:40,228 [1] - 获取-4932
2020-12-08 18:16:41,273 [1] - 获取-5481
2020-12-08 18:16:42,226 [1] - 获取-6081
2020-12-08 18:16:43,135 [1] - 获取-6605
2020-12-08 18:16:44,043 [1] - 获取-7084
2020-12-08 18:16:45,042 [1] - 获取-7493
2020-12-08 18:16:46,007 [1] - 获取-7848
2020-12-08 18:16:46,961 [1] - 获取-8025
2020-12-08 18:16:47,869 [1] - 获取-8184
2020-12-08 18:16:48,595 [1] - 获取-8257
2020-12-08 18:16:49,934 [1] - 获取-8337
2020-12-08 18:16:50,979 [1] - 获取-8386
2020-12-08 18:16:52,046 [1] - 获取-8420
2020-12-08 18:16:53,136 [1] - 获取-8455
2020-12-08 18:16:54,180 [1] - 获取-8475
2020-12-08 18:16:55,180 [1] - 获取-8490
2020-12-08 18:16:56,225 [1] - 获取-8529
2020-12-08 18:16:57,315 [1] - 获取-8563
2020-12-08 18:16:58,404 [1] - 获取-8584
2020-12-08 18:16:59,403 [1] - 获取-8608
2020-12-08 18:17:00,504 [1] - 获取-8623
2020-12-08 18:17:01,822 [1] - 获取-8642
2020-12-08 18:17:01,822 [1] - 获取-8647
2020-12-08 18:17:03,412 [1] - 获取-8665
2020-12-08 18:17:04,911 [1] - 获取-8676
2020-12-08 18:17:06,001 [1] - 获取-8679
2020-12-08 18:17:09,629 [1] - 获取-9007
2020-12-08 18:17:09,629 [1] - 获取-9979
2020-12-08 18:17:13,019 [1] - 获取-10073
2020-12-08 18:17:13,019 [1] - 获取-10265
2020-12-08 18:17:14,767 [1] - 获取-10309
2020-12-08 18:17:15,448 [1] - 获取-10330
2020-12-08 18:17:17,038 [1] - 获取-10351
2020-12-08 18:17:17,038 [1] - 获取-10375
2020-12-08 18:17:18,127 [1] - 获取-10388
2020-12-08 18:17:19,263 [1] - 获取-10401
2020-12-08 18:17:20,398 [1] - 获取-10412
2020-12-08 18:17:21,534 [1] - 获取-10419
2020-12-08 18:17:22,850 [1] - 获取-10425
2020-12-08 18:17:24,032 [1] - 获取-10427
2020-12-08 18:17:25,212 [1] - 获取-10426
------------------------------------------------------------
2020-12-08 18:17:32,916 [1] - 获取-11689
2020-12-08 18:17:33,954 [1] - 获取-11877
2020-12-08 18:17:34,044 [1] - 获取-11906
2020-12-08 18:18:19,512 [1] - 获取-931
2020-12-08 18:18:20,602 [1] - 获取-1481
2020-12-08 18:18:21,646 [1] - 获取-2031
2020-12-08 18:18:22,600 [1] - 获取-2632
2020-12-08 18:18:23,599 [1] - 获取-3133
2020-12-08 18:18:24,599 [1] - 获取-3710
2020-12-08 18:18:25,599 [1] - 获取-4233
2020-12-08 18:18:26,642 [1] - 获取-4785
2020-12-08 18:18:27,686 [1] - 获取-5360
2020-12-08 18:18:28,730 [1] - 获取-5936
2020-12-08 18:18:29,821 [1] - 获取-6537
2020-12-08 18:18:30,911 [1] - 获取-7101
2020-12-08 18:18:32,000 [1] - 获取-7592
2020-12-08 18:18:33,044 [1] - 获取-7948
2020-12-08 18:18:34,134 [1] - 获取-8177
2020-12-08 18:18:35,496 [1] - 获取-8324
2020-12-08 18:18:36,540 [1] - 获取-8415
2020-12-08 18:18:37,585 [1] - 获取-8484
2020-12-08 18:18:38,767 [1] - 获取-8526
2020-12-08 18:18:38,767 [1] - 获取-8553
2020-12-08 18:18:39,811 [1] - 获取-8580
2020-12-08 18:18:40,901 [1] - 获取-8588
2020-12-08 18:18:41,945 [1] - 获取-8604
2020-12-08 18:18:43,106 [1] - 获取-8615
2020-12-08 18:18:44,193 [1] - 获取-8626
2020-12-08 18:18:45,146 [1] - 获取-8632
2020-12-08 18:18:46,100 [1] - 获取-8638
2020-12-08 18:18:47,145 [1] - 获取-8644
2020-12-08 18:18:48,190 [1] - 获取-8646
2020-12-08 18:18:49,233 [1] - 获取-9254
2020-12-08 18:18:50,187 [1] - 获取-9591
2020-12-08 18:18:51,551 [1] - 获取-9810
2020-12-08 18:18:52,640 [1] - 获取-9968
2020-12-08 18:18:53,729 [1] - 获取-10082
2020-12-08 18:18:54,865 [1] - 获取-10172
2020-12-08 18:18:55,956 [1] - 获取-10218
2020-12-08 18:18:57,090 [1] - 获取-10258
2020-12-08 18:18:58,247 [1] - 获取-10293
2020-12-08 18:18:59,928 [1] - 获取-10318
2020-12-08 18:18:59,928 [1] - 获取-10327
------------------------------------------------------------
2020-12-08 18:19:09,056 [1] - 获取-10384
2020-12-08 18:19:09,827 [1] - 获取-10863
------------------------------------------------------------
2020-12-08 18:22:13,221 [1] - 获取-569
2020-12-08 18:22:14,196 [1] - 获取-1107
2020-12-08 18:22:15,002 [1] - 获取-1653
2020-12-08 18:22:16,183 [1] - 获取-2230
2020-12-08 18:22:17,181 [1] - 获取-2780
2020-12-08 18:22:17,998 [1] - 获取-3306
2020-12-08 18:22:18,998 [1] - 获取-3857
2020-12-08 18:22:20,212 [1] - 获取-4428
2020-12-08 18:22:21,199 [1] - 获取-4972
2020-12-08 18:22:22,142 [1] - 获取-5516
2020-12-08 18:22:23,185 [1] - 获取-6068
2020-12-08 18:22:24,093 [1] - 获取-6618
2020-12-08 18:22:25,137 [1] - 获取-7153
2020-12-08 18:22:26,000 [1] - 获取-7604
2020-12-08 18:22:27,203 [1] - 获取-7934
2020-12-08 18:22:28,202 [1] - 获取-8148
2020-12-08 18:22:29,132 [1] - 获取-8287
2020-12-08 18:22:30,040 [1] - 获取-8378
2020-12-08 18:22:31,187 [1] - 获取-8434
2020-12-08 18:22:32,219 [1] - 获取-8478
2020-12-08 18:22:33,139 [1] - 获取-8509
2020-12-08 18:22:34,206 [1] - 获取-8530
2020-12-08 18:22:35,148 [1] - 获取-8543
2020-12-08 18:22:36,181 [1] - 获取-8560
2020-12-08 18:22:37,180 [1] - 获取-8571
2020-12-08 18:22:38,088 [1] - 获取-8577
2020-12-08 18:22:39,133 [1] - 获取-8586
2020-12-08 18:22:39,996 [1] - 获取-8589
2020-12-08 18:22:41,164 [1] - 获取-8593
2020-12-08 18:22:42,198 [1] - 获取-8604
2020-12-08 18:22:43,174 [1] - 获取-8612
2020-12-08 18:22:44,230 [1] - 获取-9231
2020-12-08 18:22:45,228 [1] - 获取-9554
2020-12-08 18:22:46,227 [1] - 获取-9775
2020-12-08 18:22:47,272 [1] - 获取-9928
2020-12-08 18:22:48,271 [1] - 获取-10032
2020-12-08 18:22:49,225 [1] - 获取-10109
2020-12-08 18:22:50,224 [1] - 获取-10170
------------------------------------------------------------
2020-12-08 18:24:09,958 [1] - 获取-537
2020-12-08 18:24:10,899 [1] - 获取-1081
2020-12-08 18:24:11,977 [1] - 获取-1650
2020-12-08 18:24:12,965 [1] - 获取-2196
2020-12-08 18:24:14,042 [1] - 获取-2815
2020-12-08 18:24:14,951 [1] - 获取-3316
2020-12-08 18:24:15,949 [1] - 获取-3841
2020-12-08 18:24:16,948 [1] - 获取-4392
2020-12-08 18:24:17,902 [1] - 获取-4941
2020-12-08 18:24:18,980 [1] - 获取-5512
2020-12-08 18:24:19,959 [1] - 获取-6049
2020-12-08 18:24:20,956 [1] - 获取-6601
2020-12-08 18:24:21,897 [1] - 获取-7133
2020-12-08 18:24:22,953 [1] - 获取-7598
2020-12-08 18:24:23,952 [1] - 获取-7932
2020-12-08 18:24:24,868 [1] - 获取-8155
2020-12-08 18:24:25,927 [1] - 获取-8304
2020-12-08 18:24:26,959 [1] - 获取-8396
2020-12-08 18:24:27,946 [1] - 获取-8464
2020-12-08 18:24:28,855 [1] - 获取-8512
2020-12-08 18:24:29,898 [1] - 获取-8545
2020-12-08 18:24:30,955 [1] - 获取-8573
2020-12-08 18:24:31,851 [1] - 获取-8591
2020-12-08 18:24:32,974 [1] - 获取-8607
2020-12-08 18:24:33,963 [1] - 获取-8619
2020-12-08 18:24:34,905 [1] - 获取-8630
2020-12-08 18:24:35,949 [1] - 获取-8648
2020-12-08 18:24:36,902 [1] - 获取-8653
2020-12-08 18:24:37,946 [1] - 获取-8665
2020-12-08 18:24:38,901 [1] - 获取-8672
2020-12-08 18:24:40,670 [1] - 获取-8999
2020-12-08 18:24:45,090 [1] - 获取-9527
2020-12-08 18:24:46,883 [1] - 获取-10154
2020-12-08 18:24:50,169 [1] - 获取-10226
2020-12-08 18:24:53,422 [1] - 获取-10340
2020-12-08 18:24:57,198 [1] - 获取-10346
2020-12-08 18:24:57,198 [1] - 获取-10368
------------------------------------------------------------
2020-12-08 18:25:21,220 [1] - 获取-12061
2020-12-08 18:25:22,302 [1] - 获取-12067
2020-12-08 18:25:22,302 [1] - 获取-12062
2020-12-08 18:28:36,099 [1] - 获取-657
2020-12-08 18:28:37,279 [1] - 获取-1209
2020-12-08 18:28:38,278 [1] - 获取-1760
2020-12-08 18:28:39,276 [1] - 获取-2310
2020-12-08 18:28:40,230 [1] - 获取-2863
2020-12-08 18:28:41,308 [1] - 获取-3459
2020-12-08 18:28:42,285 [1] - 获取-3999
2020-12-08 18:28:43,272 [1] - 获取-4519
2020-12-08 18:28:44,272 [1] - 获取-5070
2020-12-08 18:28:45,280 [1] - 获取-5652
2020-12-08 18:28:46,280 [1] - 获取-6177
2020-12-08 18:28:47,097 [1] - 获取-6727
2020-12-08 18:28:48,255 [1] - 获取-7254
2020-12-08 18:28:49,152 [1] - 获取-7681
2020-12-08 18:28:50,275 [1] - 获取-7955
2020-12-08 18:28:51,194 [1] - 获取-8147
2020-12-08 18:28:52,232 [1] - 获取-8267
2020-12-08 18:28:53,270 [1] - 获取-8352
2020-12-08 18:28:56,695 [1] - 获取-8479
2020-12-08 18:28:57,694 [1] - 获取-8500
2020-12-08 18:28:58,694 [1] - 获取-8511
2020-12-08 18:28:59,692 [1] - 获取-8514
2020-12-08 18:29:01,010 [1] - 获取-8513
------------------------------------------------------------
2020-12-08 18:31:25,666 [1] - 获取-320
2020-12-08 18:31:26,540 [1] - 获取-803
2020-12-08 18:31:27,539 [1] - 获取-1354
2020-12-08 18:31:28,571 [1] - 获取-1926
2020-12-08 18:31:29,560 [1] - 获取-2472
2020-12-08 18:31:30,411 [1] - 获取-3018
2020-12-08 18:31:31,500 [1] - 获取-3570
2020-12-08 18:31:32,544 [1] - 获取-4147
2020-12-08 18:31:33,588 [1] - 获取-4697
2020-12-08 18:31:34,542 [1] - 获取-5226
2020-12-08 18:31:35,575 [1] - 获取-5795
2020-12-08 18:31:36,562 [1] - 获取-6342
2020-12-08 18:31:37,550 [1] - 获取-6882
2020-12-08 18:31:38,548 [1] - 获取-7395
2020-12-08 18:31:39,548 [1] - 获取-7751
2020-12-08 18:31:40,546 [1] - 获取-8003
2020-12-08 18:31:41,545 [1] - 获取-8168
------------------------------------------------------------
2020-12-08 18:32:03,315 [1] - 获取-790
2020-12-08 18:32:04,347 [1] - 获取-1361
2020-12-08 18:32:05,334 [1] - 获取-1905
2020-12-08 18:32:06,322 [1] - 获取-2451
2020-12-08 18:32:07,321 [1] - 获取-3001
2020-12-08 18:32:08,274 [1] - 获取-3553
2020-12-08 18:32:09,319 [1] - 获取-4105
2020-12-08 18:32:10,317 [1] - 获取-4680
2020-12-08 18:32:11,351 [1] - 获取-5227
2020-12-08 18:32:12,338 [1] - 获取-5770
2020-12-08 18:32:13,235 [1] - 获取-6343
2020-12-08 18:32:14,324 [1] - 获取-6867
2020-12-08 18:32:15,322 [1] - 获取-7365
2020-12-08 18:32:16,276 [1] - 获取-7759
2020-12-08 18:32:17,286 [1] - 获取-8002
2020-12-08 18:32:18,353 [1] - 获取-8167
2020-12-08 18:32:19,329 [1] - 获取-8267
2020-12-08 18:32:20,328 [1] - 获取-8336
2020-12-08 18:32:21,327 [1] - 获取-8383
2020-12-08 18:32:22,372 [1] - 获取-8413
2020-12-08 18:32:23,268 [1] - 获取-8441
2020-12-08 18:32:24,370 [1] - 获取-8458
2020-12-08 18:32:25,414 [1] - 获取-8467
2020-12-08 18:32:26,414 [1] - 获取-8476
2020-12-08 18:32:28,003 [1] - 获取-8482
2020-12-08 18:32:31,730 [1] - 获取-8502
------------------------------------------------------------
2020-12-08 18:33:00,683 [1] - 获取-668
2020-12-08 18:33:01,773 [1] - 获取-1153
2020-12-08 18:33:02,624 [1] - 获取-1610
2020-12-08 18:33:03,748 [1] - 获取-2069
2020-12-08 18:33:04,724 [1] - 获取-2523
2020-12-08 18:33:05,756 [1] - 获取-3002
2020-12-08 18:33:06,733 [1] - 获取-3454
2020-12-08 18:33:07,731 [1] - 获取-3918
2020-12-08 18:33:08,730 [1] - 获取-4382
2020-12-08 18:33:09,763 [1] - 获取-4862
2020-12-08 18:33:10,739 [1] - 获取-5315
2020-12-08 18:33:11,728 [1] - 获取-5774
2020-12-08 18:33:12,691 [1] - 获取-6241
2020-12-08 18:33:13,736 [1] - 获取-6706
2020-12-08 18:33:14,724 [1] - 获取-7137
2020-12-08 18:33:15,587 [1] - 获取-7498
2020-12-08 18:33:16,756 [1] - 获取-7762
2020-12-08 18:33:17,743 [1] - 获取-7927
2020-12-08 18:33:18,731 [1] - 获取-8036
2020-12-08 18:33:19,729 [1] - 获取-8108
2020-12-08 18:33:20,728 [1] - 获取-8163
2020-12-08 18:33:21,648 [1] - 获取-8196
2020-12-08 18:33:22,771 [1] - 获取-8230
2020-12-08 18:33:23,759 [1] - 获取-8247
2020-12-08 18:33:24,735 [1] - 获取-8268
2020-12-08 18:33:25,722 [1] - 获取-8279
2020-12-08 18:33:26,732 [1] - 获取-8292
2020-12-08 18:33:27,732 [1] - 获取-8299
2020-12-08 18:33:28,731 [1] - 获取-8305
2020-12-08 18:33:29,639 [1] - 获取-8311
2020-12-08 18:33:30,615 [1] - 获取-8324
2020-12-08 18:33:31,750 [1] - 获取-8331
2020-12-08 18:33:32,726 [1] - 获取-8778
2020-12-08 18:33:33,691 [1] - 获取-9075
2020-12-08 18:33:34,599 [1] - 获取-9273
2020-12-08 18:33:35,745 [1] - 获取-9410
2020-12-08 18:33:36,778 [1] - 获取-9491
2020-12-08 18:33:37,754 [1] - 获取-9551
2020-12-08 18:33:38,606 [1] - 获取-9603
2020-12-08 18:33:39,729 [1] - 获取-9623
2020-12-08 18:33:40,727 [1] - 获取-9653
2020-12-08 18:33:41,727 [1] - 获取-9672
2020-12-08 18:33:42,726 [1] - 获取-9687
2020-12-08 18:33:43,736 [1] - 获取-9697
2020-12-08 18:33:44,757 [1] - 获取-9699
2020-12-08 18:33:45,791 [1] - 获取-9708
2020-12-08 18:33:46,699 [1] - 获取-9712
------------------------------------------------------------
2020-12-08 18:40:33,587 [1] - 获取-644
2020-12-08 18:40:34,609 [1] - 获取-1094
2020-12-08 18:40:35,620 [1] - 获取-1538
2020-12-08 18:40:36,609 [1] - 获取-1972
2020-12-08 18:40:37,586 [1] - 获取-2402
2020-12-08 18:40:38,551 [1] - 获取-2847
2020-12-08 18:40:39,586 [1] - 获取-3300
2020-12-08 18:40:40,608 [1] - 获取-3721
2020-12-08 18:40:41,585 [1] - 获取-4161
2020-12-08 18:40:42,620 [1] - 获取-4636
2020-12-08 18:40:43,608 [1] - 获取-5049
2020-12-08 18:40:44,585 [1] - 获取-5480
2020-12-08 18:40:45,550 [1] - 获取-5924
2020-12-08 18:40:46,538 [1] - 获取-6359
2020-12-08 18:40:47,584 [1] - 获取-6795
2020-12-08 18:40:48,594 [1] - 获取-7195
2020-12-08 18:40:49,617 [1] - 获取-7514
2020-12-08 18:40:50,605 [1] - 获取-7738
2020-12-08 18:40:51,595 [1] - 获取-7871
2020-12-08 18:40:52,503 [1] - 获取-7965
2020-12-08 18:40:53,582 [1] - 获取-8025
2020-12-08 18:40:54,593 [1] - 获取-8068
2020-12-08 18:40:55,593 [1] - 获取-8096
2020-12-08 18:40:56,616 [1] - 获取-8115
2020-12-08 18:40:57,650 [1] - 获取-8136
2020-12-08 18:40:58,650 [1] - 获取-8146
2020-12-08 18:40:59,605 [1] - 获取-8160
2020-12-08 18:41:00,582 [1] - 获取-8172
2020-12-08 18:41:01,628 [1] - 获取-8177
2020-12-08 18:41:02,661 [1] - 获取-8186
2020-12-08 18:41:04,072 [1] - 获取-8198
2020-12-08 18:41:05,435 [1] - 获取-8204
2020-12-08 18:41:11,233 [1] - 获取-8991
2020-12-08 18:41:11,234 [1] - 获取-9146
2020-12-08 18:41:11,961 [1] - 获取-9267
2020-12-08 18:41:13,279 [1] - 获取-9373
2020-12-08 18:41:14,142 [1] - 获取-9440
2020-12-08 18:41:14,966 [1] - 获取-9503
2020-12-08 18:41:15,688 [1] - 获取-9538
2020-12-08 18:41:16,586 [1] - 获取-9571
2020-12-08 18:41:17,619 [1] - 获取-9595
2020-12-08 18:41:18,642 [1] - 获取-9617
2020-12-08 18:41:19,642 [1] - 获取-9622
2020-12-08 18:41:20,596 [1] - 获取-9633
2020-12-08 18:41:21,540 [1] - 获取-9635
2020-12-08 18:41:22,540 [1] - 获取-9646
2020-12-08 18:41:23,631 [1] - 获取-9651
2020-12-08 18:41:24,995 [1] - 获取-9656
2020-12-08 18:41:26,313 [1] - 获取-9672
2020-12-08 18:41:27,223 [1] - 获取-9673
2020-12-08 18:41:28,313 [1] - 获取-9671
2020-12-08 18:41:29,223 [1] - 获取-9673
2020-12-08 18:41:30,224 [1] - 获取-9679
2020-12-08 18:41:31,177 [1] - 获取-9672
2020-12-08 18:41:32,041 [1] - 获取-9674
2020-12-08 18:41:32,723 [1] - 获取-9676
2020-12-08 18:41:33,586 [1] - 获取-9679
2020-12-08 18:41:34,496 [1] - 获取-9684
2020-12-08 18:41:35,598 [1] - 获取-9689
2020-12-08 18:41:36,644 [1] - 获取-9693
2020-12-08 18:41:37,632 [1] - 获取-10139
2020-12-08 18:41:38,620 [1] - 获取-10397
2020-12-08 18:41:39,598 [1] - 获取-10598
2020-12-08 18:41:40,586 [1] - 获取-10727
2020-12-08 18:41:41,551 [1] - 获取-10824
2020-12-08 18:41:42,541 [1] - 获取-10890
2020-12-08 18:41:43,586 [1] - 获取-10948
2020-12-08 18:41:44,630 [1] - 获取-10991
2020-12-08 18:41:45,619 [1] - 获取-11019
2020-12-08 18:41:46,596 [1] - 获取-11038
2020-12-08 18:41:47,677 [1] - 获取-11057
2020-12-08 18:41:48,631 [1] - 获取-11071
2020-12-08 18:41:49,585 [1] - 获取-11079
2020-12-08 18:41:50,586 [1] - 获取-11079
2020-12-08 18:41:51,585 [1] - 获取-11088
2020-12-08 18:41:52,631 [1] - 获取-11092
2020-12-08 18:41:53,677 [1] - 获取-11099
2020-12-08 18:41:55,177 [1] - 获取-11103
2020-12-08 18:41:56,177 [1] - 获取-11116
2020-12-08 18:41:57,132 [1] - 获取-11116
2020-12-08 18:41:58,132 [1] - 获取-11121
2020-12-08 18:41:59,132 [1] - 获取-11119
2020-12-08 18:42:00,086 [1] - 获取-11118
2020-12-08 18:42:01,087 [1] - 获取-11126
2020-12-08 18:42:02,133 [1] - 获取-11127
2020-12-08 18:42:03,326 [1] - 获取-11128
2020-12-08 18:42:04,054 [1] - 获取-11127
2020-12-08 18:42:04,736 [1] - 获取-11128
2020-12-08 18:42:05,599 [1] - 获取-11130
2020-12-08 18:42:06,611 [1] - 获取-11121
2020-12-08 18:42:07,599 [1] - 获取-11119
2020-12-08 18:42:08,588 [1] - 获取-11419
2020-12-08 18:42:09,588 [1] - 获取-11709
2020-12-08 18:42:10,543 [1] - 获取-11942
2020-12-08 18:42:11,588 [1] - 获取-12095
2020-12-08 18:42:12,587 [1] - 获取-12229
2020-12-08 18:42:13,621 [1] - 获取-12308
2020-12-08 18:42:28,607 [1] - 获取-682
2020-12-08 18:42:29,596 [1] - 获取-1229
2020-12-08 18:42:30,550 [1] - 获取-1732
2020-12-08 18:42:31,550 [1] - 获取-2261
2020-12-08 18:42:32,595 [1] - 获取-2788
2020-12-08 18:42:33,594 [1] - 获取-3340
2020-12-08 18:42:34,617 [1] - 获取-3856
2020-12-08 18:42:35,606 [1] - 获取-4377
2020-12-08 18:42:36,594 [1] - 获取-4898
2020-12-08 18:42:37,549 [1] - 获取-5427
2020-12-08 18:42:38,548 [1] - 获取-5955
2020-12-08 18:42:39,593 [1] - 获取-6482
2020-12-08 18:42:40,548 [1] - 获取-7005
2020-12-08 18:42:41,616 [1] - 获取-7505
2020-12-08 18:42:42,604 [1] - 获取-7848
2020-12-08 18:42:43,581 [1] - 获取-8077
2020-12-08 18:42:44,592 [1] - 获取-8230
2020-12-08 18:42:45,592 [1] - 获取-8321
2020-12-08 18:42:46,580 [1] - 获取-8389
2020-12-08 18:42:47,546 [1] - 获取-8431
2020-12-08 18:42:48,614 [1] - 获取-8465
2020-12-08 18:42:49,603 [1] - 获取-8481
2020-12-08 18:42:50,636 [1] - 获取-8500
2020-12-08 18:42:51,637 [1] - 获取-8509
2020-12-08 18:42:52,546 [1] - 获取-8519
2020-12-08 18:42:53,591 [1] - 获取-8523
2020-12-08 18:42:54,591 [1] - 获取-8527
2020-12-08 18:42:55,660 [1] - 获取-8530
2020-12-08 18:42:56,978 [1] - 获取-8535
2020-12-08 18:42:58,387 [1] - 获取-8537
2020-12-08 18:42:59,297 [1] - 获取-8543
2020-12-08 18:43:00,160 [1] - 获取-8547
2020-12-08 18:43:01,069 [1] - 获取-8546
2020-12-08 18:43:01,888 [1] - 获取-8552
2020-12-08 18:43:02,797 [1] - 获取-9223
2020-12-08 18:43:03,660 [1] - 获取-9494
2020-12-08 18:43:04,593 [1] - 获取-9691
2020-12-08 18:43:05,592 [1] - 获取-9845
2020-12-08 18:43:06,592 [1] - 获取-9939
2020-12-08 18:43:07,591 [1] - 获取-10028
2020-12-08 18:43:08,568 [1] - 获取-10090
2020-12-08 18:43:09,614 [1] - 获取-10121
2020-12-08 18:43:10,602 [1] - 获取-10154
2020-12-08 18:43:11,592 [1] - 获取-10174
2020-12-08 18:43:12,614 [1] - 获取-10193
2020-12-08 18:43:13,614 [1] - 获取-10212
2020-12-08 18:43:14,614 [1] - 获取-10224
2020-12-08 18:43:15,614 [1] - 获取-10223
2020-12-08 18:43:16,705 [1] - 获取-10226
2020-12-08 18:43:17,751 [1] - 获取-10236
2020-12-08 18:43:18,887 [1] - 获取-10236
2020-12-08 18:43:20,251 [1] - 获取-10241
2020-12-08 18:43:21,422 [1] - 获取-10240
2020-12-08 18:43:22,286 [1] - 获取-10253
2020-12-08 18:43:23,194 [1] - 获取-10247
2020-12-08 18:43:24,127 [1] - 获取-10254
2020-12-08 18:43:24,899 [1] - 获取-10262
2020-12-08 18:43:25,809 [1] - 获取-10260
2020-12-08 18:43:26,717 [1] - 获取-10261
------------------------------------------------------------
------------------------------------------------------------
2020-12-08 19:02:06,801 [1] - 获取-249
2020-12-08 19:02:07,799 [1] - 获取-424
2020-12-08 19:02:08,798 [1] - 获取-600
2020-12-08 19:02:09,797 [1] - 获取-778
2020-12-08 19:02:10,796 [1] - 获取-953
2020-12-08 19:02:11,795 [1] - 获取-1130
2020-12-08 19:02:12,794 [1] - 获取-1306
2020-12-08 19:02:13,829 [1] - 获取-1484
2020-12-08 19:02:14,814 [1] - 获取-1662
2020-12-08 19:02:15,801 [1] - 获取-1837
2020-12-08 19:02:16,800 [1] - 获取-2013
2020-12-08 19:02:17,892 [1] - 获取-2190
------------------------------------------------------------
------------------------------------------------------------
------------------------------------------------------------
------------------------------------------------------------
