------------------------------------------------------------
2021-01-07 03:21:08,001 [9] - System.ObjectDisposedException: 无法访问已释放的对象。
对象名:“Label”。
   在 System.Windows.Forms.Control.MarshaledInvoke(Control caller, Delegate method, Object[] args, Boolean synchronous)
   在 System.Windows.Forms.Control.Invoke(Delegate method, Object[] args)
   在 text.doors.Detection.WindPressureDetection.BindFromInput() 位置 E:\08-GitHub\jky-doors-3x-new\text.doors\Detection\WindPressureDetection.cs:行号 100
   在 System.Threading.ThreadHelper.ThreadStart_Context(Object state)
   在 System.Threading.ExecutionContext.RunInternal(ExecutionContext executionContext, ContextCallback callback, Object state, Boolean preserveSyncCtx)
   在 System.Threading.ExecutionContext.Run(ExecutionContext executionContext, ContextCallback callback, Object state, Boolean preserveSyncCtx)
   在 System.Threading.ExecutionContext.Run(ExecutionContext executionContext, ContextCallback callback, Object state)
   在 System.Threading.ThreadHelper.ThreadStart()
------------------------------------------------------------
2021-01-07 03:23:27,479 [9] - System.ObjectDisposedException: 无法访问已释放的对象。
对象名:“Label”。
   在 System.Windows.Forms.Control.MarshaledInvoke(Control caller, Delegate method, Object[] args, Boolean synchronous)
   在 System.Windows.Forms.Control.Invoke(Delegate method, Object[] args)
   在 text.doors.Detection.WindPressureDetection.BindFromInput() 位置 E:\08-GitHub\jky-doors-3x-new\text.doors\Detection\WindPressureDetection.cs:行号 106
   在 System.Threading.ThreadHelper.ThreadStart_Context(Object state)
   在 System.Threading.ExecutionContext.RunInternal(ExecutionContext executionContext, ContextCallback callback, Object state, Boolean preserveSyncCtx)
   在 System.Threading.ExecutionContext.Run(ExecutionContext executionContext, ContextCallback callback, Object state, Boolean preserveSyncCtx)
   在 System.Threading.ExecutionContext.Run(ExecutionContext executionContext, ContextCallback callback, Object state)
   在 System.Threading.ThreadHelper.ThreadStart()
------------------------------------------------------------
------------------------------------------------------------
2021-01-07 03:27:49,182 [10] - System.ObjectDisposedException: 无法访问已释放的对象。
对象名:“Label”。
   在 System.Windows.Forms.Control.MarshaledInvoke(Control caller, Delegate method, Object[] args, Boolean synchronous)
   在 System.Windows.Forms.Control.Invoke(Delegate method, Object[] args)
   在 text.doors.Detection.WindPressureDetection.BindFromInput() 位置 E:\08-GitHub\jky-doors-3x-new\text.doors\Detection\WindPressureDetection.cs:行号 110
   在 System.Threading.ThreadHelper.ThreadStart_Context(Object state)
   在 System.Threading.ExecutionContext.RunInternal(ExecutionContext executionContext, ContextCallback callback, Object state, Boolean preserveSyncCtx)
   在 System.Threading.ExecutionContext.Run(ExecutionContext executionContext, ContextCallback callback, Object state, Boolean preserveSyncCtx)
   在 System.Threading.ExecutionContext.Run(ExecutionContext executionContext, ContextCallback callback, Object state)
   在 System.Threading.ThreadHelper.ThreadStart()
------------------------------------------------------------
------------------------------------------------------------
2021-01-07 03:40:10,255 [10] - System.ObjectDisposedException: 无法访问已释放的对象。
对象名:“Label”。
   在 System.Windows.Forms.Control.MarshaledInvoke(Control caller, Delegate method, Object[] args, Boolean synchronous)
   在 System.Windows.Forms.Control.Invoke(Delegate method, Object[] args)
   在 text.doors.Detection.WindPressureDetection.BindFromInput() 位置 E:\08-GitHub\jky-doors-3x-new\text.doors\Detection\WindPressureDetection.cs:行号 105
   在 System.Threading.ThreadHelper.ThreadStart_Context(Object state)
   在 System.Threading.ExecutionContext.RunInternal(ExecutionContext executionContext, ContextCallback callback, Object state, Boolean preserveSyncCtx)
   在 System.Threading.ExecutionContext.Run(ExecutionContext executionContext, ContextCallback callback, Object state, Boolean preserveSyncCtx)
   在 System.Threading.ExecutionContext.Run(ExecutionContext executionContext, ContextCallback callback, Object state)
   在 System.Threading.ThreadHelper.ThreadStart()
------------------------------------------------------------
------------------------------------------------------------
------------------------------------------------------------
2021-01-07 03:48:57,162 [9] - System.ObjectDisposedException: 无法访问已释放的对象。
对象名:“Label”。
   在 System.Windows.Forms.Control.MarshaledInvoke(Control caller, Delegate method, Object[] args, Boolean synchronous)
   在 System.Windows.Forms.Control.Invoke(Delegate method, Object[] args)
   在 text.doors.Detection.WindPressureDetection.BindFromInput() 位置 E:\08-GitHub\jky-doors-3x-new\text.doors\Detection\WindPressureDetection.cs:行号 113
   在 System.Threading.ThreadHelper.ThreadStart_Context(Object state)
   在 System.Threading.ExecutionContext.RunInternal(ExecutionContext executionContext, ContextCallback callback, Object state, Boolean preserveSyncCtx)
   在 System.Threading.ExecutionContext.Run(ExecutionContext executionContext, ContextCallback callback, Object state, Boolean preserveSyncCtx)
   在 System.Threading.ExecutionContext.Run(ExecutionContext executionContext, ContextCallback callback, Object state)
   在 System.Threading.ThreadHelper.ThreadStart()
------------------------------------------------------------
2021-01-07 03:53:20,824 [9] - System.ComponentModel.InvalidAsynchronousStateException: 调用方法时发生错误。  目标线程不再存在。
   在 System.Windows.Forms.Control.WaitForWaitHandle(WaitHandle waitHandle)
   在 System.Windows.Forms.Control.MarshaledInvoke(Control caller, Delegate method, Object[] args, Boolean synchronous)
   在 System.Windows.Forms.Control.Invoke(Delegate method, Object[] args)
   在 text.doors.Detection.WindPressureDetection.BindFromInput() 位置 E:\08-GitHub\jky-doors-3x-new\text.doors\Detection\WindPressureDetection.cs:行号 104
   在 System.Threading.ThreadHelper.ThreadStart_Context(Object state)
   在 System.Threading.ExecutionContext.RunInternal(ExecutionContext executionContext, ContextCallback callback, Object state, Boolean preserveSyncCtx)
   在 System.Threading.ExecutionContext.Run(ExecutionContext executionContext, ContextCallback callback, Object state, Boolean preserveSyncCtx)
   在 System.Threading.ExecutionContext.Run(ExecutionContext executionContext, ContextCallback callback, Object state)
   在 System.Threading.ThreadHelper.ThreadStart()
------------------------------------------------------------
------------------------------------------------------------
------------------------------------------------------------
------------------------------------------------------------
------------------------------------------------------------
------------------------------------------------------------
------------------------------------------------------------
