------------------------------------------------------------
------------------------------------------------------------
2021-06-10 17:43:45,757 [1] - 正压[a]:0.00287885714285714
2021-06-10 17:43:45,762 [1] - 正压[b]:-0.180666666666667
2021-06-10 17:43:45,762 [1] - 负压[a]:0.00282285714285714
2021-06-10 17:43:45,762 [1] - 负压[b]:-0.0633333333333335
------------------------------------------------------------
2021-06-10 17:43:57,743 [1] - 正压[a]:0.00287885714285714
2021-06-10 17:43:57,747 [1] - 正压[b]:-0.180666666666667
2021-06-10 17:43:57,747 [1] - 负压[a]:0.00282285714285714
2021-06-10 17:43:57,747 [1] - 负压[b]:-0.0633333333333335
------------------------------------------------------------
2021-06-10 17:48:58,809 [1] - 正压[a]:0.00287885714285714
2021-06-10 17:48:58,813 [1] - 正压[b]:-0.180666666666667
2021-06-10 17:48:58,813 [1] - 负压[a]:0.00282285714285714
2021-06-10 17:48:58,813 [1] - 负压[b]:-0.0633333333333335
2021-06-10 17:49:12,803 [1] - 正压[a]:0.00287885714285714
2021-06-10 17:49:12,803 [1] - 正压[b]:-0.180666666666667
2021-06-10 17:49:12,803 [1] - 负压[a]:0.00282285714285714
2021-06-10 17:49:12,803 [1] - 负压[b]:-0.0633333333333335
2021-06-10 17:49:13,256 [1] - 正压[a]:0.00287885714285714
2021-06-10 17:49:13,256 [1] - 正压[b]:-0.180666666666667
2021-06-10 17:49:13,256 [1] - 负压[a]:0.00282285714285714
2021-06-10 17:49:13,256 [1] - 负压[b]:-0.0633333333333335
2021-06-10 17:49:13,429 [1] - 正压[a]:0.00287885714285714
2021-06-10 17:49:13,429 [1] - 正压[b]:-0.180666666666667
2021-06-10 17:49:13,429 [1] - 负压[a]:0.00282285714285714
2021-06-10 17:49:13,429 [1] - 负压[b]:-0.0633333333333335
2021-06-10 17:49:13,600 [1] - 正压[a]:0.00287885714285714
2021-06-10 17:49:13,600 [1] - 正压[b]:-0.180666666666667
2021-06-10 17:49:13,600 [1] - 负压[a]:0.00282285714285714
2021-06-10 17:49:13,600 [1] - 负压[b]:-0.0633333333333335
------------------------------------------------------------
2021-06-10 17:55:08,810 [1] - 正压[a]:0.0029
2021-06-10 17:55:08,815 [1] - 正压[b]:-0.1807
2021-06-10 17:55:08,816 [1] - 负压[a]:0.0028
2021-06-10 17:55:08,816 [1] - 负压[b]:-0.0633
------------------------------------------------------------
2021-06-10 17:57:06,515 [1] - 正压[a]:0.0029
2021-06-10 17:57:06,522 [1] - 正压[b]:-0.1992
2021-06-10 17:57:06,523 [1] - 负压[a]:0.0028
2021-06-10 17:57:06,523 [1] - 负压[b]:-0.0433
2021-06-10 17:57:10,230 [1] - 正压[a]:0.0029
2021-06-10 17:57:10,230 [1] - 正压[b]:-0.1992
2021-06-10 17:57:10,230 [1] - 负压[a]:0.0028
2021-06-10 17:57:10,230 [1] - 负压[b]:-0.0433
