------------------------------------------------------------
2020-12-06 21:32:59,018 [1] - System.TimeoutException: 操作已超时。
   在 System.IO.Ports.SerialStream.Read(Byte[] array, Int32 offset, Int32 count, Int32 timeout)
   在 System.IO.Ports.SerialStream.Read(Byte[] array, Int32 offset, Int32 count)
   在 System.IO.Ports.SerialPort.Read(Byte[] buffer, Int32 offset, Int32 count)
   在 Modbus.IO.SerialPortAdapter.Read(Byte[] buffer, Int32 offset, Int32 count)
   在 Modbus.IO.ModbusIpTransport.ReadRequestResponse(IStreamResource streamResource)
   在 Modbus.IO.ModbusIpTransport.ReadResponse[T]()
   在 Modbus.IO.ModbusTransport.UnicastMessage[T](IModbusMessage message)
   在 Modbus.Device.ModbusMaster.ReadRegisters(Byte functionCode, Byte slaveAddress, UInt16 startAddress, UInt16 numberOfPoints)
   在 Modbus.Device.ModbusMaster.ReadHoldingRegisters(Byte slaveAddress, UInt16 startAddress, UInt16 numberOfPoints)
   在 text.doors.Common.SerialPortClient.GetWDXS(Boolean& IsSuccess) 位置 E:\08-GitHub\jky-doors-3x-new\text.doors\Common\SerialPortClient.cs:行号 1681
------------------------------------------------------------
2020-12-06 21:33:38,592 [1] - System.TimeoutException: 操作已超时。
   在 System.IO.Ports.SerialStream.Read(Byte[] array, Int32 offset, Int32 count, Int32 timeout)
   在 System.IO.Ports.SerialStream.Read(Byte[] array, Int32 offset, Int32 count)
   在 System.IO.Ports.SerialPort.Read(Byte[] buffer, Int32 offset, Int32 count)
   在 Modbus.IO.SerialPortAdapter.Read(Byte[] buffer, Int32 offset, Int32 count)
   在 Modbus.IO.ModbusIpTransport.ReadRequestResponse(IStreamResource streamResource)
   在 Modbus.IO.ModbusIpTransport.ReadResponse[T]()
   在 Modbus.IO.ModbusTransport.UnicastMessage[T](IModbusMessage message)
   在 Modbus.Device.ModbusMaster.ReadRegisters(Byte functionCode, Byte slaveAddress, UInt16 startAddress, UInt16 numberOfPoints)
   在 Modbus.Device.ModbusMaster.ReadHoldingRegisters(Byte slaveAddress, UInt16 startAddress, UInt16 numberOfPoints)
   在 text.doors.Common.SerialPortClient.GetWDXS(Boolean& IsSuccess) 位置 E:\08-GitHub\jky-doors-3x-new\text.doors\Common\SerialPortClient.cs:行号 1684
2020-12-06 21:33:43,553 [1] - System.TimeoutException: 操作已超时。
   在 System.IO.Ports.SerialStream.Read(Byte[] array, Int32 offset, Int32 count, Int32 timeout)
   在 System.IO.Ports.SerialStream.Read(Byte[] array, Int32 offset, Int32 count)
   在 System.IO.Ports.SerialPort.Read(Byte[] buffer, Int32 offset, Int32 count)
   在 Modbus.IO.SerialPortAdapter.Read(Byte[] buffer, Int32 offset, Int32 count)
   在 Modbus.IO.ModbusIpTransport.ReadRequestResponse(IStreamResource streamResource)
   在 Modbus.IO.ModbusIpTransport.ReadResponse[T]()
   在 Modbus.IO.ModbusTransport.UnicastMessage[T](IModbusMessage message)
   在 Modbus.Device.ModbusMaster.ReadRegisters(Byte functionCode, Byte slaveAddress, UInt16 startAddress, UInt16 numberOfPoints)
   在 Modbus.Device.ModbusMaster.ReadHoldingRegisters(Byte slaveAddress, UInt16 startAddress, UInt16 numberOfPoints)
   在 text.doors.Common.SerialPortClient.GetWDXS(Boolean& IsSuccess) 位置 E:\08-GitHub\jky-doors-3x-new\text.doors\Common\SerialPortClient.cs:行号 1684
------------------------------------------------------------
2020-12-06 21:35:38,214 [1] - System.TimeoutException: 操作已超时。
   在 System.IO.Ports.SerialStream.Read(Byte[] array, Int32 offset, Int32 count, Int32 timeout)
   在 System.IO.Ports.SerialStream.Read(Byte[] array, Int32 offset, Int32 count)
   在 System.IO.Ports.SerialPort.Read(Byte[] buffer, Int32 offset, Int32 count)
   在 Modbus.IO.SerialPortAdapter.Read(Byte[] buffer, Int32 offset, Int32 count)
   在 Modbus.IO.ModbusIpTransport.ReadRequestResponse(IStreamResource streamResource)
   在 Modbus.IO.ModbusIpTransport.ReadResponse[T]()
   在 Modbus.IO.ModbusTransport.UnicastMessage[T](IModbusMessage message)
   在 Modbus.Device.ModbusMaster.ReadDiscretes(Byte functionCode, Byte slaveAddress, UInt16 startAddress, UInt16 numberOfPoints)
   在 Modbus.Device.ModbusMaster.ReadCoils(Byte slaveAddress, UInt16 startAddress, UInt16 numberOfPoints)
   在 text.doors.Common.SerialPortClient.SendGYBD(Boolean logon) 位置 E:\08-GitHub\jky-doors-3x-new\text.doors\Common\SerialPortClient.cs:行号 1590
------------------------------------------------------------
2020-12-06 21:36:11,533 [1] - System.TimeoutException: 操作已超时。
   在 System.IO.Ports.SerialStream.Read(Byte[] array, Int32 offset, Int32 count, Int32 timeout)
   在 System.IO.Ports.SerialStream.Read(Byte[] array, Int32 offset, Int32 count)
   在 System.IO.Ports.SerialPort.Read(Byte[] buffer, Int32 offset, Int32 count)
   在 Modbus.IO.SerialPortAdapter.Read(Byte[] buffer, Int32 offset, Int32 count)
   在 Modbus.IO.ModbusIpTransport.ReadRequestResponse(IStreamResource streamResource)
   在 Modbus.IO.ModbusIpTransport.ReadResponse[T]()
   在 Modbus.IO.ModbusTransport.UnicastMessage[T](IModbusMessage message)
   在 Modbus.Device.ModbusMaster.ReadDiscretes(Byte functionCode, Byte slaveAddress, UInt16 startAddress, UInt16 numberOfPoints)
   在 Modbus.Device.ModbusMaster.ReadCoils(Byte slaveAddress, UInt16 startAddress, UInt16 numberOfPoints)
   在 text.doors.Common.SerialPortClient.SendGYBD(Boolean logon) 位置 E:\08-GitHub\jky-doors-3x-new\text.doors\Common\SerialPortClient.cs:行号 1590
------------------------------------------------------------
2020-12-06 21:41:15,429 [1] - System.TimeoutException: 操作已超时。
   在 System.IO.Ports.SerialStream.Read(Byte[] array, Int32 offset, Int32 count, Int32 timeout)
   在 System.IO.Ports.SerialStream.Read(Byte[] array, Int32 offset, Int32 count)
   在 System.IO.Ports.SerialPort.Read(Byte[] buffer, Int32 offset, Int32 count)
   在 Modbus.IO.SerialPortAdapter.Read(Byte[] buffer, Int32 offset, Int32 count)
   在 Modbus.IO.ModbusIpTransport.ReadRequestResponse(IStreamResource streamResource)
   在 Modbus.IO.ModbusIpTransport.ReadResponse[T]()
   在 Modbus.IO.ModbusTransport.UnicastMessage[T](IModbusMessage message)
   在 Modbus.Device.ModbusMaster.ReadDiscretes(Byte functionCode, Byte slaveAddress, UInt16 startAddress, UInt16 numberOfPoints)
   在 Modbus.Device.ModbusMaster.ReadCoils(Byte slaveAddress, UInt16 startAddress, UInt16 numberOfPoints)
   在 text.doors.Common.SerialPortClient.SendGYBD(Boolean logon) 位置 E:\08-GitHub\jky-doors-3x-new\text.doors\Common\SerialPortClient.cs:行号 1588
------------------------------------------------------------
2020-12-06 21:44:29,893 [1] - System.TimeoutException: 操作已超时。
   在 System.IO.Ports.SerialStream.Read(Byte[] array, Int32 offset, Int32 count, Int32 timeout)
   在 System.IO.Ports.SerialStream.Read(Byte[] array, Int32 offset, Int32 count)
   在 System.IO.Ports.SerialPort.Read(Byte[] buffer, Int32 offset, Int32 count)
   在 Modbus.IO.SerialPortAdapter.Read(Byte[] buffer, Int32 offset, Int32 count)
   在 Modbus.IO.ModbusIpTransport.ReadRequestResponse(IStreamResource streamResource)
   在 Modbus.IO.ModbusIpTransport.ReadResponse[T]()
   在 Modbus.IO.ModbusTransport.UnicastMessage[T](IModbusMessage message)
   在 Modbus.Device.ModbusMaster.ReadDiscretes(Byte functionCode, Byte slaveAddress, UInt16 startAddress, UInt16 numberOfPoints)
   在 Modbus.Device.ModbusMaster.ReadCoils(Byte slaveAddress, UInt16 startAddress, UInt16 numberOfPoints)
   在 text.doors.Common.SerialPortClient.SendGYBD(Boolean logon) 位置 E:\08-GitHub\jky-doors-3x-new\text.doors\Common\SerialPortClient.cs:行号 1588
------------------------------------------------------------
2020-12-06 21:45:29,138 [1] - System.TimeoutException: 操作已超时。
   在 System.IO.Ports.SerialStream.Read(Byte[] array, Int32 offset, Int32 count, Int32 timeout)
   在 System.IO.Ports.SerialStream.Read(Byte[] array, Int32 offset, Int32 count)
   在 System.IO.Ports.SerialPort.Read(Byte[] buffer, Int32 offset, Int32 count)
   在 Modbus.IO.SerialPortAdapter.Read(Byte[] buffer, Int32 offset, Int32 count)
   在 Modbus.IO.ModbusIpTransport.ReadRequestResponse(IStreamResource streamResource)
   在 Modbus.IO.ModbusIpTransport.ReadResponse[T]()
   在 Modbus.IO.ModbusTransport.UnicastMessage[T](IModbusMessage message)
   在 Modbus.Device.ModbusMaster.ReadDiscretes(Byte functionCode, Byte slaveAddress, UInt16 startAddress, UInt16 numberOfPoints)
   在 Modbus.Device.ModbusMaster.ReadCoils(Byte slaveAddress, UInt16 startAddress, UInt16 numberOfPoints)
   在 text.doors.Common.SerialPortClient.SendGYBD(Boolean logon) 位置 E:\08-GitHub\jky-doors-3x-new\text.doors\Common\SerialPortClient.cs:行号 1588
------------------------------------------------------------
2020-12-06 22:16:32,089 [1] - 发送-0.8
2020-12-06 22:16:32,229 [1] - 发送-0.8
2020-12-06 22:16:32,274 [1] - 发送-37.6
2020-12-06 22:16:32,317 [1] - 发送-151.2
2020-12-06 22:16:32,362 [1] - 发送-188.8
2020-12-06 22:16:32,417 [1] - 发送-226.4
2020-12-06 22:16:32,824 [1] - 获取-226
2020-12-06 22:16:32,981 [1] - 发送-160
2020-12-06 22:16:33,031 [1] - 发送-301.6
2020-12-06 22:16:33,171 [1] - 发送-377.6
2020-12-06 22:16:33,350 [1] - 发送-415.2
2020-12-06 22:16:33,390 [1] - 发送-415.2
2020-12-06 22:16:33,795 [1] - 获取-415
2020-12-06 22:16:34,789 [1] - 获取-415
2020-12-06 22:16:35,748 [1] - 发送-400
2020-12-06 22:16:35,842 [1] - 获取-415
2020-12-06 22:16:35,842 [1] - 发送-400
2020-12-06 22:16:36,063 [1] - 发送-1056.8
2020-12-06 22:16:36,100 [1] - 发送-1056.8
2020-12-06 22:16:36,789 [1] - 获取-1056
2020-12-06 22:16:37,804 [1] - 获取-1040
2020-12-06 22:16:38,786 [1] - 获取-1040
2020-12-06 22:16:38,939 [1] - 发送-1040
2020-12-06 22:16:39,015 [1] - 发送-1040
2020-12-06 22:16:39,063 [1] - 发送-1019.2
2020-12-06 22:16:39,105 [1] - 发送-415.2
2020-12-06 22:16:39,150 [1] - 发送-37.6
2020-12-06 22:16:39,249 [1] - 发送-0
2020-12-06 22:16:39,296 [1] - 发送-0
------------------------------------------------------------
------------------------------------------------------------
2020-12-06 23:02:40,322 [1] - 获取-400
2020-12-06 23:02:41,314 [1] - 获取-400
2020-12-06 23:02:42,319 [1] - 获取-400
2020-12-06 23:02:43,324 [1] - 获取-400
2020-12-06 23:02:44,329 [1] - 获取-400
2020-12-06 23:02:45,345 [1] - 获取-400
2020-12-06 23:02:46,315 [1] - 获取-400
2020-12-06 23:03:03,115 [1] - 获取-400
2020-12-06 23:03:03,875 [1] - 获取-400
2020-12-06 23:03:04,281 [1] - 获取-400
2020-12-06 23:03:04,327 [1] - 获取-400
2020-12-06 23:03:05,321 [1] - 获取-400
2020-12-06 23:03:06,314 [1] - 获取-400
2020-12-06 23:03:07,319 [1] - 获取-400
2020-12-06 23:03:08,312 [1] - 获取-400
2020-12-06 23:03:09,317 [1] - 获取-400
2020-12-06 23:03:10,322 [1] - 获取-400
2020-12-06 23:03:11,327 [1] - 获取-400
2020-12-06 23:03:12,321 [1] - 获取-400
2020-12-06 23:03:13,326 [1] - 获取-400
2020-12-06 23:03:14,330 [1] - 获取-400
2020-12-06 23:03:15,324 [1] - 获取-400
2020-12-06 23:03:16,341 [1] - 获取-400
2020-12-06 23:03:17,334 [1] - 获取-400
2020-12-06 23:03:18,316 [1] - 获取-400
2020-12-06 23:03:19,321 [1] - 获取-400
2020-12-06 23:03:20,338 [1] - 获取-400
2020-12-06 23:03:21,320 [1] - 获取-400
2020-12-06 23:03:22,325 [1] - 获取-400
2020-12-06 23:03:23,331 [1] - 获取-400
2020-12-06 23:03:24,324 [1] - 获取-400
2020-12-06 23:03:25,328 [1] - 获取-400
2020-12-06 23:03:26,323 [1] - 获取-400
2020-12-06 23:03:27,327 [1] - 获取-400
2020-12-06 23:03:28,321 [1] - 获取-400
2020-12-06 23:03:29,326 [1] - 获取-400
2020-12-06 23:03:30,320 [1] - 获取-400
2020-12-06 23:03:31,346 [1] - 获取-400
2020-12-06 23:03:32,318 [1] - 获取-400
2020-12-06 23:03:33,323 [1] - 获取-400
2020-12-06 23:03:34,328 [1] - 获取-400
2020-12-06 23:03:35,321 [1] - 获取-400
2020-12-06 23:03:36,326 [1] - 获取-400
2020-12-06 23:03:37,320 [1] - 获取-400
2020-12-06 23:03:38,325 [1] - 获取-400
2020-12-06 23:03:39,319 [1] - 获取-400
2020-12-06 23:03:40,323 [1] - 获取-400
2020-12-06 23:03:41,317 [1] - 获取-400
2020-12-06 23:03:42,321 [1] - 获取-400
2020-12-06 23:03:43,316 [1] - 获取-400
2020-12-06 23:03:44,320 [1] - 获取-400
2020-12-06 23:03:45,326 [1] - 获取-400
2020-12-06 23:03:46,330 [1] - 获取-400
2020-12-06 23:03:47,324 [1] - 获取-400
2020-12-06 23:03:48,317 [1] - 获取-400
2020-12-06 23:03:49,322 [1] - 获取-400
2020-12-06 23:03:50,317 [1] - 获取-400
2020-12-06 23:03:51,321 [1] - 获取-400
2020-12-06 23:03:52,315 [1] - 获取-400
2020-12-06 23:03:53,319 [1] - 获取-400
2020-12-06 23:03:54,325 [1] - 获取-400
2020-12-06 23:03:55,329 [1] - 获取-400
2020-12-06 23:03:56,324 [1] - 获取-400
2020-12-06 23:03:57,317 [1] - 获取-400
2020-12-06 23:03:58,322 [1] - 获取-400
2020-12-06 23:03:59,315 [1] - 获取-400
2020-12-06 23:04:00,320 [1] - 获取-400
2020-12-06 23:04:01,382 [1] - 获取-400
2020-12-06 23:04:02,319 [1] - 获取-400
2020-12-06 23:04:03,324 [1] - 获取-400
2020-12-06 23:04:04,317 [1] - 获取-400
2020-12-06 23:04:05,322 [1] - 获取-400
2020-12-06 23:04:06,327 [1] - 获取-400
2020-12-06 23:04:07,321 [1] - 获取-400
2020-12-06 23:04:09,595 [1] - 获取-400
2020-12-06 23:04:10,381 [1] - 获取-400
2020-12-06 23:04:10,426 [1] - 获取-400
2020-12-06 23:04:16,067 [1] - System.ArgumentException: 列“ZongMianJi”不属于表 Table。
   在 System.Data.DataRow.GetDataColumn(String columnName)
   在 System.Data.DataRow.get_Item(String columnName)
   在 text.doors.Detection.AirtightDetection.GetDatabaseLevelIndex() 位置 E:\08-GitHub\jky-doors-3x-new\text.doors\Detection\AirtightDetection.cs:行号 1244
   在 text.doors.Detection.AirtightDetection.BindLevelIndex() 位置 E:\08-GitHub\jky-doors-3x-new\text.doors\Detection\AirtightDetection.cs:行号 328
   在 text.doors.Detection.AirtightDetection.Init() 位置 E:\08-GitHub\jky-doors-3x-new\text.doors\Detection\AirtightDetection.cs:行号 76
   在 text.doors.Detection.AirtightDetection..ctor(SerialPortClient tcpClient, String tempCode, String tempTong) 位置 E:\08-GitHub\jky-doors-3x-new\text.doors\Detection\AirtightDetection.cs:行号 70
   在 text.doors.MainForm.ShowAirtightDetection() 位置 E:\08-GitHub\jky-doors-3x-new\text.doors\MainForm.cs:行号 191
   在 text.doors.MainForm.SelectDangHao(BottomType bt) 位置 E:\08-GitHub\jky-doors-3x-new\text.doors\MainForm.cs:行号 156
   在 text.doors.Detection.DetectionSet.btn_Ok_Click(Object sender, EventArgs e) 位置 E:\08-GitHub\jky-doors-3x-new\text.doors\Detection\DetectionSet.cs:行号 71
2020-12-06 23:04:16,587 [1] - 获取-400
2020-12-06 23:04:17,366 [1] - 获取-400
------------------------------------------------------------
2020-12-06 23:04:42,033 [1] - 获取-400
2020-12-06 23:04:42,947 [1] - 获取-400
2020-12-06 23:04:43,952 [1] - 获取-400
2020-12-06 23:04:44,946 [1] - 获取-400
2020-12-06 23:04:45,950 [1] - 获取-400
2020-12-06 23:04:46,944 [1] - 获取-400
2020-12-06 23:04:47,949 [1] - 获取-400
2020-12-06 23:04:48,943 [1] - 获取-400
2020-12-06 23:04:49,948 [1] - 获取-400
2020-12-06 23:04:50,941 [1] - 获取-400
2020-12-06 23:04:51,947 [1] - 获取-400
2020-12-06 23:04:52,951 [1] - 获取-400
2020-12-06 23:04:53,945 [1] - 获取-400
2020-12-06 23:04:54,950 [1] - 获取-400
2020-12-06 23:04:55,970 [1] - 获取-400
2020-12-06 23:04:56,949 [1] - 获取-400
2020-12-06 23:04:57,942 [1] - 获取-400
2020-12-06 23:04:58,947 [1] - 获取-400
2020-12-06 23:04:59,941 [1] - 获取-400
2020-12-06 23:05:00,945 [1] - 获取-400
2020-12-06 23:05:01,951 [1] - 获取-400
2020-12-06 23:05:02,944 [1] - 获取-400
2020-12-06 23:05:03,949 [1] - 获取-400
2020-12-06 23:05:04,943 [1] - 获取-400
2020-12-06 23:05:05,948 [1] - 获取-400
2020-12-06 23:05:06,952 [1] - 获取-400
2020-12-06 23:05:10,224 [1] - System.ArgumentException: 列“ZongMianJi”不属于表 Table。
   在 System.Data.DataRow.GetDataColumn(String columnName)
   在 System.Data.DataRow.get_Item(String columnName)
   在 text.doors.Detection.AirtightDetection.GetDatabaseLevelIndex() 位置 E:\08-GitHub\jky-doors-3x-new\text.doors\Detection\AirtightDetection.cs:行号 1244
   在 text.doors.Detection.AirtightDetection.BindLevelIndex() 位置 E:\08-GitHub\jky-doors-3x-new\text.doors\Detection\AirtightDetection.cs:行号 328
   在 text.doors.Detection.AirtightDetection.Init() 位置 E:\08-GitHub\jky-doors-3x-new\text.doors\Detection\AirtightDetection.cs:行号 76
   在 text.doors.Detection.AirtightDetection..ctor(SerialPortClient tcpClient, String tempCode, String tempTong) 位置 E:\08-GitHub\jky-doors-3x-new\text.doors\Detection\AirtightDetection.cs:行号 70
   在 text.doors.MainForm.ShowAirtightDetection() 位置 E:\08-GitHub\jky-doors-3x-new\text.doors\MainForm.cs:行号 191
   在 text.doors.MainForm.SelectDangHao(BottomType bt) 位置 E:\08-GitHub\jky-doors-3x-new\text.doors\MainForm.cs:行号 156
   在 text.doors.Detection.DetectionSet.btn_Ok_Click(Object sender, EventArgs e) 位置 E:\08-GitHub\jky-doors-3x-new\text.doors\Detection\DetectionSet.cs:行号 71
2020-12-06 23:05:10,237 [1] - 获取-400
2020-12-06 23:05:11,051 [1] - 获取-400
2020-12-06 23:05:11,141 [1] - 获取-400
2020-12-06 23:05:11,988 [1] - 获取-400
2020-12-06 23:05:12,948 [1] - 获取-400
2020-12-06 23:05:13,942 [1] - 获取-400
2020-12-06 23:05:14,992 [1] - 获取-400
2020-12-06 23:05:15,997 [1] - 获取-400
2020-12-06 23:05:16,945 [1] - 获取-400
2020-12-06 23:05:17,939 [1] - 获取-400
2020-12-06 23:05:18,989 [1] - 获取-400
2020-12-06 23:05:19,994 [1] - 获取-400
2020-12-06 23:05:20,989 [1] - 获取-400
2020-12-06 23:05:21,949 [1] - 获取-400
2020-12-06 23:05:22,942 [1] - 获取-400
2020-12-06 23:05:23,993 [1] - 获取-400
2020-12-06 23:05:24,975 [1] - 获取-400
2020-12-06 23:05:25,946 [1] - 获取-400
2020-12-06 23:05:26,975 [1] - 获取-400
2020-12-06 23:05:27,990 [1] - 获取-400
2020-12-06 23:05:28,995 [1] - 获取-400
2020-12-06 23:05:29,944 [1] - 获取-400
2020-12-06 23:05:30,949 [1] - 获取-400
2020-12-06 23:05:31,988 [1] - 获取-400
2020-12-06 23:05:33,005 [1] - 获取-400
2020-12-06 23:05:33,987 [1] - 获取-400
2020-12-06 23:05:54,608 [1] - System.ArgumentException: 列“ZongMianJi”不属于表 Table。
   在 System.Data.DataRow.GetDataColumn(String columnName)
   在 System.Data.DataRow.get_Item(String columnName)
   在 text.doors.Detection.AirtightDetection.GetDatabaseLevelIndex() 位置 E:\08-GitHub\jky-doors-3x-new\text.doors\Detection\AirtightDetection.cs:行号 1244
   在 text.doors.Detection.AirtightDetection.BindLevelIndex() 位置 E:\08-GitHub\jky-doors-3x-new\text.doors\Detection\AirtightDetection.cs:行号 328
   在 text.doors.Detection.AirtightDetection.Init() 位置 E:\08-GitHub\jky-doors-3x-new\text.doors\Detection\AirtightDetection.cs:行号 76
   在 text.doors.Detection.AirtightDetection..ctor(SerialPortClient tcpClient, String tempCode, String tempTong) 位置 E:\08-GitHub\jky-doors-3x-new\text.doors\Detection\AirtightDetection.cs:行号 70
   在 text.doors.MainForm.ShowAirtightDetection() 位置 E:\08-GitHub\jky-doors-3x-new\text.doors\MainForm.cs:行号 191
   在 text.doors.MainForm.SelectDangHao(BottomType bt) 位置 E:\08-GitHub\jky-doors-3x-new\text.doors\MainForm.cs:行号 156
   在 text.doors.Detection.DetectionSet.btn_Ok_Click(Object sender, EventArgs e) 位置 E:\08-GitHub\jky-doors-3x-new\text.doors\Detection\DetectionSet.cs:行号 71
2020-12-06 23:05:54,609 [1] - 获取-400
2020-12-06 23:05:55,303 [1] - 获取-400
2020-12-06 23:05:55,992 [1] - 获取-400
------------------------------------------------------------
2020-12-06 23:08:52,181 [1] - 获取-400
2020-12-06 23:08:58,411 [1] - 获取-400
2020-12-06 23:08:58,501 [1] - 获取-400
2020-12-06 23:08:59,235 [1] - 获取-400
2020-12-06 23:09:00,206 [1] - 获取-400
2020-12-06 23:09:01,166 [1] - 获取-400
2020-12-06 23:09:02,160 [1] - 获取-400
2020-12-06 23:09:03,210 [1] - 获取-400
2020-12-06 23:09:04,204 [1] - 获取-400
2020-12-06 23:09:05,164 [1] - 获取-400
2020-12-06 23:09:06,169 [1] - 获取-400
2020-12-06 23:09:07,208 [1] - 获取-400
2020-12-06 23:09:08,214 [1] - 获取-400
2020-12-06 23:09:09,174 [1] - 获取-400
2020-12-06 23:09:10,167 [1] - 获取-400
2020-12-06 23:09:11,206 [1] - 获取-400
2020-12-06 23:09:12,211 [1] - 获取-400
2020-12-06 23:09:13,206 [1] - 获取-400
2020-12-06 23:09:14,165 [1] - 获取-400
2020-12-06 23:09:15,159 [1] - 获取-400
2020-12-06 23:09:16,209 [1] - 获取-400
2020-12-06 23:09:17,215 [1] - 获取-400
2020-12-06 23:09:18,163 [1] - 获取-400
2020-12-06 23:09:19,169 [1] - 获取-400
2020-12-06 23:09:20,207 [1] - 获取-400
2020-12-06 23:09:21,212 [1] - 获取-400
2020-12-06 23:09:22,160 [1] - 获取-400
2020-12-06 23:09:23,165 [1] - 获取-400
2020-12-06 23:09:24,204 [1] - 获取-400
2020-12-06 23:09:25,210 [1] - 获取-400
2020-12-06 23:09:26,215 [1] - 获取-400
2020-12-06 23:09:27,163 [1] - 获取-400
2020-12-06 23:09:28,168 [1] - 获取-400
2020-12-06 23:09:29,207 [1] - 获取-400
2020-12-06 23:09:30,213 [1] - 获取-400
2020-12-06 23:09:31,161 [1] - 获取-400
2020-12-06 23:09:32,167 [1] - 获取-400
2020-12-06 23:09:33,205 [1] - 获取-400
2020-12-06 23:09:34,211 [1] - 获取-400
2020-12-06 23:09:35,171 [1] - 获取-400
2020-12-06 23:09:36,165 [1] - 获取-400
2020-12-06 23:09:37,215 [1] - 获取-400
2020-12-06 23:09:38,209 [1] - 获取-400
2020-12-06 23:09:39,214 [1] - 获取-400
2020-12-06 23:09:40,162 [1] - 获取-400
2020-12-06 23:09:41,168 [1] - 获取-400
2020-12-06 23:09:42,207 [1] - 获取-400
------------------------------------------------------------
2020-12-06 23:09:53,334 [1] - 获取-400
2020-12-06 23:10:00,387 [1] - 获取-400
2020-12-06 23:10:00,480 [1] - 获取-400
2020-12-06 23:10:01,381 [1] - 获取-400
2020-12-06 23:10:02,330 [1] - 获取-400
2020-12-06 23:10:03,335 [1] - 获取-400
2020-12-06 23:10:04,385 [1] - 获取-400
2020-12-06 23:10:05,391 [1] - 获取-400
2020-12-06 23:10:06,362 [1] - 获取-400
2020-12-06 23:10:07,346 [1] - 获取-400
2020-12-06 23:10:08,383 [1] - 获取-400
2020-12-06 23:10:09,377 [1] - 获取-400
2020-12-06 23:10:10,383 [1] - 获取-400
2020-12-06 23:10:11,331 [1] - 获取-400
2020-12-06 23:10:12,336 [1] - 获取-400
2020-12-06 23:10:13,387 [1] - 获取-400
2020-12-06 23:10:14,380 [1] - 获取-400
2020-12-06 23:10:15,340 [1] - 获取-400
2020-12-06 23:10:16,334 [1] - 获取-400
2020-12-06 23:10:17,386 [1] - 获取-400
2020-12-06 23:10:18,390 [1] - 获取-400
2020-12-06 23:10:19,349 [1] - 获取-400
2020-12-06 23:10:20,332 [1] - 获取-400
2020-12-06 23:10:21,382 [1] - 获取-400
2020-12-06 23:10:22,376 [1] - 获取-400
2020-12-06 23:10:23,382 [1] - 获取-400
2020-12-06 23:10:24,330 [1] - 获取-400
2020-12-06 23:10:25,346 [1] - 获取-400
2020-12-06 23:10:26,386 [1] - 获取-400
2020-12-06 23:10:27,391 [1] - 获取-400
2020-12-06 23:10:28,340 [1] - 获取-400
2020-12-06 23:10:29,333 [1] - 获取-400
2020-12-06 23:10:30,383 [1] - 获取-400
2020-12-06 23:10:31,377 [1] - 获取-400
2020-12-06 23:10:32,349 [1] - 获取-400
2020-12-06 23:10:33,342 [1] - 获取-400
2020-12-06 23:10:34,382 [1] - 获取-400
2020-12-06 23:10:35,387 [1] - 获取-400
2020-12-06 23:10:36,391 [1] - 获取-400
2020-12-06 23:10:37,464 [1] - 获取-400
2020-12-06 23:10:38,345 [1] - 获取-400
2020-12-06 23:10:39,385 [1] - 获取-400
2020-12-06 23:10:40,390 [1] - 获取-400
2020-12-06 23:10:41,339 [1] - 获取-400
2020-12-06 23:10:42,332 [1] - 获取-400
2020-12-06 23:10:43,382 [1] - 获取-400
2020-12-06 23:10:44,387 [1] - 获取-400
2020-12-06 23:10:45,347 [1] - 获取-400
2020-12-06 23:10:46,341 [1] - 获取-400
2020-12-06 23:10:47,433 [1] - 获取-400
2020-12-06 23:10:48,385 [1] - 获取-400
2020-12-06 23:10:49,401 [1] - 获取-400
2020-12-06 23:10:50,339 [1] - 获取-400
2020-12-06 23:10:51,332 [1] - 获取-400
2020-12-06 23:10:52,382 [1] - 获取-400
2020-12-06 23:10:53,376 [1] - 获取-400
2020-12-06 23:10:54,336 [1] - 获取-400
2020-12-06 23:10:55,341 [1] - 获取-400
2020-12-06 23:10:56,380 [1] - 获取-400
2020-12-06 23:10:57,385 [1] - 获取-400
2020-12-06 23:10:58,345 [1] - 获取-400
2020-12-06 23:10:59,351 [1] - 获取-400
2020-12-06 23:11:00,378 [1] - 获取-400
2020-12-06 23:11:01,383 [1] - 获取-400
2020-12-06 23:11:02,388 [1] - 获取-400
2020-12-06 23:11:03,337 [1] - 获取-400
2020-12-06 23:11:04,342 [1] - 获取-400
2020-12-06 23:11:05,380 [1] - 获取-400
2020-12-06 23:11:06,374 [1] - 获取-400
2020-12-06 23:11:07,334 [1] - 获取-400
2020-12-06 23:11:08,339 [1] - 获取-400
------------------------------------------------------------
2020-12-06 23:13:06,699 [1] - 获取-400
2020-12-06 23:13:11,881 [1] - 获取-400
2020-12-06 23:13:11,881 [1] - 获取-400
2020-12-06 23:13:12,728 [1] - 获取-400
2020-12-06 23:13:13,686 [1] - 获取-400
2020-12-06 23:13:14,770 [1] - 获取-400
2020-12-06 23:13:15,730 [1] - 获取-400
2020-12-06 23:13:16,747 [1] - 获取-400
2020-12-06 23:13:17,683 [1] - 获取-400
2020-12-06 23:13:18,734 [1] - 获取-400
2020-12-06 23:13:19,727 [1] - 获取-400
2020-12-06 23:13:20,790 [1] - 获取-400
2020-12-06 23:13:21,681 [1] - 获取-400
2020-12-06 23:13:22,731 [1] - 获取-400
2020-12-06 23:13:23,726 [1] - 获取-400
2020-12-06 23:13:24,764 [1] - 获取-400
2020-12-06 23:13:25,679 [1] - 获取-400
2020-12-06 23:13:26,730 [1] - 获取-400
2020-12-06 23:13:27,723 [1] - 获取-400
2020-12-06 23:13:28,774 [1] - 获取-400
------------------------------------------------------------
2020-12-06 23:13:47,190 [1] - 获取-400
2020-12-06 23:13:49,424 [1] - 获取-400
2020-12-06 23:13:49,517 [1] - 获取-400
2020-12-06 23:13:50,237 [1] - 获取-400
2020-12-06 23:13:51,243 [1] - 获取-400
2020-12-06 23:13:52,191 [1] - 获取-400
2020-12-06 23:13:53,196 [1] - 获取-400
2020-12-06 23:13:54,236 [1] - 获取-400
2020-12-06 23:13:55,241 [1] - 获取-400
2020-12-06 23:13:56,200 [1] - 获取-400
2020-12-06 23:13:57,195 [1] - 获取-400
2020-12-06 23:13:58,245 [1] - 获取-400
------------------------------------------------------------
2020-12-06 23:14:10,907 [1] - 获取-400
2020-12-06 23:14:12,802 [1] - 获取-400
2020-12-06 23:14:13,843 [1] - 获取-400
2020-12-06 23:14:14,914 [1] - 获取-400
2020-12-06 23:14:15,807 [1] - 获取-400
2020-12-06 23:14:16,755 [1] - 获取-400
2020-12-06 23:14:17,760 [1] - 获取-400
2020-12-06 23:14:18,799 [1] - 获取-400
2020-12-06 23:14:19,805 [1] - 获取-400
2020-12-06 23:14:20,763 [1] - 获取-400
------------------------------------------------------------
2020-12-06 23:14:40,082 [1] - 获取-400
2020-12-06 23:14:42,193 [1] - 获取-400
2020-12-06 23:14:43,138 [1] - 获取-400
2020-12-06 23:14:44,136 [1] - 获取-400
2020-12-06 23:14:45,129 [1] - 获取-400
2020-12-06 23:14:46,089 [1] - 获取-400
2020-12-06 23:14:47,090 [1] - 获取-400
2020-12-06 23:14:48,133 [1] - 获取-400
2020-12-06 23:14:49,127 [1] - 获取-400
2020-12-06 23:14:50,132 [1] - 获取-400
2020-12-06 23:14:51,092 [1] - 获取-400
2020-12-06 23:14:52,130 [1] - 获取-400
2020-12-06 23:14:53,136 [1] - 获取-400
------------------------------------------------------------
2020-12-06 23:16:03,974 [1] - 获取-400
2020-12-06 23:16:06,311 [1] - 获取-400
2020-12-06 23:16:06,404 [1] - 获取-400
2020-12-06 23:16:07,023 [1] - 获取-400
2020-12-06 23:16:08,016 [1] - 获取-400
2020-12-06 23:16:08,977 [1] - 获取-400
2020-12-06 23:16:09,982 [1] - 获取-400
2020-12-06 23:16:11,020 [1] - 获取-400
2020-12-06 23:16:12,025 [1] - 获取-400
2020-12-06 23:16:13,031 [1] - 获取-400
2020-12-06 23:16:13,979 [1] - 获取-400
2020-12-06 23:16:14,973 [1] - 获取-400
2020-12-06 23:16:16,024 [1] - 获取-400
2020-12-06 23:16:17,018 [1] - 获取-400
2020-12-06 23:16:17,977 [1] - 获取-400
2020-12-06 23:16:18,972 [1] - 获取-400
2020-12-06 23:16:20,022 [1] - 获取-400
2020-12-06 23:16:21,016 [1] - 获取-400
------------------------------------------------------------
2020-12-06 23:17:25,252 [1] - 获取-400
2020-12-06 23:17:27,476 [1] - 获取-400
2020-12-06 23:17:28,221 [1] - 获取-400
2020-12-06 23:17:29,294 [1] - 获取-400
2020-12-06 23:17:30,253 [1] - 获取-400
2020-12-06 23:17:31,282 [1] - 获取-400
2020-12-06 23:17:32,219 [1] - 获取-400
2020-12-06 23:17:33,236 [1] - 获取-400
2020-12-06 23:17:34,264 [1] - 获取-400
2020-12-06 23:17:35,291 [1] - 获取-400
2020-12-06 23:17:36,217 [1] - 获取-400
2020-12-06 23:17:37,245 [1] - 获取-400
2020-12-06 23:17:38,260 [1] - 获取-400
2020-12-06 23:17:39,299 [1] - 获取-400
2020-12-06 23:17:41,479 [1] - 获取-400
2020-12-06 23:17:41,569 [1] - 获取-400
2020-12-06 23:17:42,213 [1] - 获取-400
2020-12-06 23:18:04,713 [1] - 获取-400
2020-12-06 23:18:05,289 [1] - 获取-400
2020-12-06 23:18:06,238 [1] - 获取-400
2020-12-06 23:18:07,243 [1] - 获取-400
2020-12-06 23:18:08,214 [1] - 获取-400
2020-12-06 23:18:12,334 [1] - 获取-400
2020-12-06 23:18:12,425 [1] - 获取-400
2020-12-06 23:18:13,294 [1] - 获取-400
2020-12-06 23:18:14,254 [1] - 获取-400
2020-12-06 23:18:15,271 [1] - 获取-400
2020-12-06 23:18:16,219 [1] - 获取-400
2020-12-06 23:18:17,292 [1] - 获取-400
2020-12-06 23:18:18,252 [1] - 获取-400
2020-12-06 23:18:19,307 [1] - 获取-400
2020-12-06 23:18:20,217 [1] - 获取-400
2020-12-06 23:18:21,290 [1] - 获取-400
2020-12-06 23:18:22,260 [1] - 获取-400
2020-12-06 23:18:23,288 [1] - 获取-400
2020-12-06 23:18:24,214 [1] - 获取-400
2020-12-06 23:18:25,242 [1] - 获取-400
2020-12-06 23:18:26,259 [1] - 获取-400
2020-12-06 23:18:27,286 [1] - 获取-400
2020-12-06 23:18:28,212 [1] - 获取-400
2020-12-06 23:18:29,239 [1] - 获取-400
2020-12-06 23:18:30,257 [1] - 获取-400
2020-12-06 23:18:31,296 [1] - 获取-400
2020-12-06 23:18:32,244 [1] - 获取-400
2020-12-06 23:18:33,238 [1] - 获取-400
2020-12-06 23:18:34,209 [1] - 获取-400
2020-12-06 23:18:35,293 [1] - 获取-400
2020-12-06 23:18:36,252 [1] - 获取-400
------------------------------------------------------------
------------------------------------------------------------
2020-12-06 23:34:34,954 [1] - 获取-400
2020-12-06 23:34:37,167 [1] - 获取-400
2020-12-06 23:34:37,259 [1] - 获取-400
2020-12-06 23:34:37,992 [1] - 获取-400
2020-12-06 23:34:38,997 [1] - 获取-400
2020-12-06 23:34:39,946 [1] - 获取-400
2020-12-06 23:34:40,951 [1] - 获取-400
2020-12-06 23:34:41,990 [1] - 获取-400
2020-12-06 23:34:42,995 [1] - 获取-400
2020-12-06 23:34:43,943 [1] - 获取-400
2020-12-06 23:34:44,948 [1] - 获取-400
2020-12-06 23:34:45,988 [1] - 获取-400
2020-12-06 23:34:46,992 [1] - 获取-400
2020-12-06 23:34:48,124 [1] - 获取-400
2020-12-06 23:34:49,007 [1] - 获取-400
2020-12-06 23:34:50,175 [1] - 获取-10274
------------------------------------------------------------
2020-12-06 23:41:13,379 [1] - 获取-10357
------------------------------------------------------------
------------------------------------------------------------
2020-12-06 23:43:45,335 [1] - 获取-7417
------------------------------------------------------------
2020-12-06 23:47:05,286 [1] - Modbus.SlaveException: 引发类型为“Modbus.SlaveException”的异常。
Function Code: 131
Exception Code: 2 - The data address received in the query is not an allowable address for the server (or slave). More specifically, the combination of reference number and transfer length is invalid. For a controller with 100 registers, the PDU addresses the first register as 0, and the last one as 99. If a request is submitted with a starting register address of 96 and a quantity of registers of 4, then this request will successfully operate (address-wise at least) on registers 96, 97, 98, 99. If a request is submitted with a starting register address of 96 and a quantity of registers of 5, then this request will fail with Exception Code 0x02 “Illegal Data Address” since it attempts to operate on registers 96, 97, 98, 99 and 100, and there is no register with address 100.
   在 Modbus.IO.ModbusTransport.UnicastMessage[T](IModbusMessage message)
   在 Modbus.Device.ModbusMaster.ReadRegisters(Byte functionCode, Byte slaveAddress, UInt16 startAddress, UInt16 numberOfPoints)
   在 Modbus.Device.ModbusMaster.ReadHoldingRegisters(Byte slaveAddress, UInt16 startAddress, UInt16 numberOfPoints)
   在 text.doors.Common.SerialPortClient.GetQiMiTimeStart(String ylType) 位置 E:\08-GitHub\jky-doors-3x-new\text.doors\Common\SerialPortClient.cs:行号 484
------------------------------------------------------------
2020-12-06 23:49:09,437 [1] - 获取-10172
2020-12-06 23:49:09,443 [1] - 获取-10158
2020-12-06 23:49:09,444 [1] - 获取-10132
2020-12-06 23:49:09,444 [1] - 获取-10172
2020-12-06 23:49:09,444 [1] - 获取-10230
------------------------------------------------------------
------------------------------------------------------------
2020-12-06 23:51:08,827 [1] - 获取-10379
2020-12-06 23:51:09,803 [1] - 获取-10128
2020-12-06 23:51:10,757 [1] - 获取-10110
2020-12-06 23:51:11,755 [1] - 获取-10130
2020-12-06 23:51:12,710 [1] - 获取-10105
2020-12-06 23:51:13,799 [1] - 获取-10143
------------------------------------------------------------
2020-12-06 23:56:27,398 [1] - 获取-10569
2020-12-06 23:56:28,204 [1] - 获取-10277
2020-12-06 23:56:29,394 [1] - 获取-10248
2020-12-06 23:56:30,269 [1] - 获取-10269
2020-12-06 23:56:31,392 [1] - 获取-10320
2020-12-06 23:56:32,345 [1] - 获取-10283
2020-12-06 23:56:41,301 [1] - 获取-9575
2020-12-06 23:56:42,390 [1] - 获取-10318
2020-12-06 23:56:43,468 [1] - 获取-10259
2020-12-06 23:56:44,251 [1] - 获取-10236
2020-12-06 23:56:45,398 [1] - 获取-10273
2020-12-06 23:56:46,396 [1] - 获取-10352
2020-12-06 23:56:55,443 [1] - 获取-8797
2020-12-06 23:56:56,441 [1] - 获取-10349
2020-12-06 23:56:57,373 [1] - 获取-10215
2020-12-06 23:56:58,235 [1] - 获取-10252
2020-12-06 23:56:59,450 [1] - 获取-10234
2020-12-06 23:57:00,391 [1] - 获取-10307
2020-12-06 23:57:01,277 [1] - 获取-10275
2020-12-06 23:57:15,812 [1] - Modbus.SlaveException: 引发类型为“Modbus.SlaveException”的异常。
Function Code: 131
Exception Code: 2 - The data address received in the query is not an allowable address for the server (or slave). More specifically, the combination of reference number and transfer length is invalid. For a controller with 100 registers, the PDU addresses the first register as 0, and the last one as 99. If a request is submitted with a starting register address of 96 and a quantity of registers of 4, then this request will successfully operate (address-wise at least) on registers 96, 97, 98, 99. If a request is submitted with a starting register address of 96 and a quantity of registers of 5, then this request will fail with Exception Code 0x02 “Illegal Data Address” since it attempts to operate on registers 96, 97, 98, 99 and 100, and there is no register with address 100.
   在 Modbus.IO.ModbusTransport.UnicastMessage[T](IModbusMessage message)
   在 Modbus.Device.ModbusMaster.ReadRegisters(Byte functionCode, Byte slaveAddress, UInt16 startAddress, UInt16 numberOfPoints)
   在 Modbus.Device.ModbusMaster.ReadHoldingRegisters(Byte slaveAddress, UInt16 startAddress, UInt16 numberOfPoints)
   在 text.doors.Common.SerialPortClient.GetQiMiTimeStart(String ylType) 位置 E:\08-GitHub\jky-doors-3x-new\text.doors\Common\SerialPortClient.cs:行号 484
------------------------------------------------------------
2020-12-06 23:59:50,628 [1] - 获取-7446
2020-12-06 23:59:52,989 [1] - 获取-7456
2020-12-06 23:59:58,911 [1] - 获取-7475
2020-12-06 23:59:59,947 [1] - 获取-7465
2020-12-06 23:59:59,947 [1] - 获取-7476
