------------------------------------------------------------
2020-12-23 22:14:41,224 [1] - System.InvalidCastException: 指定的转换无效。
   在 text.doors.Detection.AirtightDetection.GetDatabaseLevelIndex(QM_TestCount qm_TestCount) 位置 E:\08-GitHub\jky-doors-3x-new\text.doors\Detection\AirtightDetection.cs:行号 1694
   在 text.doors.Detection.AirtightDetection.BindLevelIndex(QM_TestCount qm_TestCount) 位置 E:\08-GitHub\jky-doors-3x-new\text.doors\Detection\AirtightDetection.cs:行号 413
   在 text.doors.Detection.AirtightDetection.Init() 位置 E:\08-GitHub\jky-doors-3x-new\text.doors\Detection\AirtightDetection.cs:行号 91
   在 text.doors.Detection.AirtightDetection..ctor(SerialPortClient tcpClient, String tempCode, String tempTong) 位置 E:\08-GitHub\jky-doors-3x-new\text.doors\Detection\AirtightDetection.cs:行号 83
   在 text.doors.MainForm.ShowAirtightDetection() 位置 E:\08-GitHub\jky-doors-3x-new\text.doors\MainForm.cs:行号 235
   在 text.doors.MainForm.SelectDangHao(BottomType bt) 位置 E:\08-GitHub\jky-doors-3x-new\text.doors\MainForm.cs:行号 156
   在 text.doors.Detection.DetectionSet.btn_Ok_Click(Object sender, EventArgs e) 位置 E:\08-GitHub\jky-doors-3x-new\text.doors\Detection\DetectionSet.cs:行号 71
2020-12-23 22:16:08,201 [1] - System.InvalidCastException: 指定的转换无效。
   在 text.doors.Detection.AirtightDetection.GetDatabaseLevelIndex(QM_TestCount qm_TestCount) 位置 E:\08-GitHub\jky-doors-3x-new\text.doors\Detection\AirtightDetection.cs:行号 1694
   在 text.doors.Detection.AirtightDetection.BindLevelIndex(QM_TestCount qm_TestCount) 位置 E:\08-GitHub\jky-doors-3x-new\text.doors\Detection\AirtightDetection.cs:行号 413
   在 text.doors.Detection.AirtightDetection.Init() 位置 E:\08-GitHub\jky-doors-3x-new\text.doors\Detection\AirtightDetection.cs:行号 91
   在 text.doors.Detection.AirtightDetection..ctor(SerialPortClient tcpClient, String tempCode, String tempTong) 位置 E:\08-GitHub\jky-doors-3x-new\text.doors\Detection\AirtightDetection.cs:行号 83
   在 text.doors.MainForm.ShowAirtightDetection() 位置 E:\08-GitHub\jky-doors-3x-new\text.doors\MainForm.cs:行号 235
   在 text.doors.MainForm.tsb_watertight_Click(Object sender, EventArgs e) 位置 E:\08-GitHub\jky-doors-3x-new\text.doors\MainForm.cs:行号 563
   在 System.Windows.Forms.ToolStripItem.RaiseEvent(Object key, EventArgs e)
   在 System.Windows.Forms.ToolStripButton.OnClick(EventArgs e)
   在 System.Windows.Forms.ToolStripItem.HandleClick(EventArgs e)
   在 System.Windows.Forms.ToolStripItem.HandleMouseUp(MouseEventArgs e)
   在 System.Windows.Forms.ToolStripItem.FireEventInteractive(EventArgs e, ToolStripItemEventType met)
   在 System.Windows.Forms.ToolStripItem.FireEvent(EventArgs e, ToolStripItemEventType met)
   在 System.Windows.Forms.ToolStrip.OnMouseUp(MouseEventArgs mea)
   在 System.Windows.Forms.Control.WmMouseUp(Message& m, MouseButtons button, Int32 clicks)
   在 System.Windows.Forms.Control.WndProc(Message& m)
   在 System.Windows.Forms.ScrollableControl.WndProc(Message& m)
   在 System.Windows.Forms.ToolStrip.WndProc(Message& m)
   在 System.Windows.Forms.Control.ControlNativeWindow.OnMessage(Message& m)
   在 System.Windows.Forms.Control.ControlNativeWindow.WndProc(Message& m)
   在 System.Windows.Forms.NativeWindow.Callback(IntPtr hWnd, Int32 msg, IntPtr wparam, IntPtr lparam)
------------------------------------------------------------
------------------------------------------------------------
2020-12-23 22:20:19,958 [1] - System.ArgumentException: 列“sjz_z_fj”不属于表 Table。
   在 System.Data.DataRow.GetDataColumn(String columnName)
   在 System.Data.DataRow.get_Item(String columnName)
   在 text.doors.dal.DAL_dt_Settings.GetQMListByCode(String code) 位置 E:\08-GitHub\jky-doors-3x-new\text.doors\Service\DAL_dt_Settings.cs:行号 255
   在 text.doors.Detection.AirtightDetection.GetWindSpeedBase(Int32 qm_TestCount) 位置 E:\08-GitHub\jky-doors-3x-new\text.doors\Detection\AirtightDetection.cs:行号 220
   在 text.doors.Detection.AirtightDetection.GetPressureFlow(QM_TestCount qm_TestCount) 位置 E:\08-GitHub\jky-doors-3x-new\text.doors\Detection\AirtightDetection.cs:行号 134
   在 text.doors.Detection.AirtightDetection.BindFlowBase(QM_TestCount qm_TestCount) 位置 E:\08-GitHub\jky-doors-3x-new\text.doors\Detection\AirtightDetection.cs:行号 154
   在 text.doors.Detection.AirtightDetection.Init() 位置 E:\08-GitHub\jky-doors-3x-new\text.doors\Detection\AirtightDetection.cs:行号 90
   在 text.doors.Detection.AirtightDetection..ctor(SerialPortClient tcpClient, String tempCode, String tempTong) 位置 E:\08-GitHub\jky-doors-3x-new\text.doors\Detection\AirtightDetection.cs:行号 83
   在 text.doors.MainForm.ShowAirtightDetection() 位置 E:\08-GitHub\jky-doors-3x-new\text.doors\MainForm.cs:行号 235
   在 text.doors.MainForm.SelectDangHao(BottomType bt) 位置 E:\08-GitHub\jky-doors-3x-new\text.doors\MainForm.cs:行号 156
   在 text.doors.Detection.DetectionSet.btn_Ok_Click(Object sender, EventArgs e) 位置 E:\08-GitHub\jky-doors-3x-new\text.doors\Detection\DetectionSet.cs:行号 71
2020-12-23 22:20:31,164 [1] - System.ArgumentException: 列“sjz_z_fj”不属于表 Table。
   在 System.Data.DataRow.GetDataColumn(String columnName)
   在 System.Data.DataRow.get_Item(String columnName)
   在 text.doors.dal.DAL_dt_Settings.GetQMListByCode(String code) 位置 E:\08-GitHub\jky-doors-3x-new\text.doors\Service\DAL_dt_Settings.cs:行号 255
   在 text.doors.Detection.AirtightDetection.GetWindSpeedBase(Int32 qm_TestCount) 位置 E:\08-GitHub\jky-doors-3x-new\text.doors\Detection\AirtightDetection.cs:行号 220
   在 text.doors.Detection.AirtightDetection.GetPressureFlow(QM_TestCount qm_TestCount) 位置 E:\08-GitHub\jky-doors-3x-new\text.doors\Detection\AirtightDetection.cs:行号 134
   在 text.doors.Detection.AirtightDetection.BindFlowBase(QM_TestCount qm_TestCount) 位置 E:\08-GitHub\jky-doors-3x-new\text.doors\Detection\AirtightDetection.cs:行号 154
   在 text.doors.Detection.AirtightDetection.Init() 位置 E:\08-GitHub\jky-doors-3x-new\text.doors\Detection\AirtightDetection.cs:行号 90
   在 text.doors.Detection.AirtightDetection..ctor(SerialPortClient tcpClient, String tempCode, String tempTong) 位置 E:\08-GitHub\jky-doors-3x-new\text.doors\Detection\AirtightDetection.cs:行号 83
   在 text.doors.MainForm.ShowAirtightDetection() 位置 E:\08-GitHub\jky-doors-3x-new\text.doors\MainForm.cs:行号 235
   在 text.doors.MainForm.tsb_watertight_Click(Object sender, EventArgs e) 位置 E:\08-GitHub\jky-doors-3x-new\text.doors\MainForm.cs:行号 563
   在 System.Windows.Forms.ToolStripItem.RaiseEvent(Object key, EventArgs e)
   在 System.Windows.Forms.ToolStripButton.OnClick(EventArgs e)
   在 System.Windows.Forms.ToolStripItem.HandleClick(EventArgs e)
   在 System.Windows.Forms.ToolStripItem.HandleMouseUp(MouseEventArgs e)
   在 System.Windows.Forms.ToolStripItem.FireEventInteractive(EventArgs e, ToolStripItemEventType met)
   在 System.Windows.Forms.ToolStripItem.FireEvent(EventArgs e, ToolStripItemEventType met)
   在 System.Windows.Forms.ToolStrip.OnMouseUp(MouseEventArgs mea)
   在 System.Windows.Forms.Control.WmMouseUp(Message& m, MouseButtons button, Int32 clicks)
   在 System.Windows.Forms.Control.WndProc(Message& m)
   在 System.Windows.Forms.ScrollableControl.WndProc(Message& m)
   在 System.Windows.Forms.ToolStrip.WndProc(Message& m)
   在 System.Windows.Forms.Control.ControlNativeWindow.OnMessage(Message& m)
   在 System.Windows.Forms.Control.ControlNativeWindow.WndProc(Message& m)
   在 System.Windows.Forms.NativeWindow.Callback(IntPtr hWnd, Int32 msg, IntPtr wparam, IntPtr lparam)
------------------------------------------------------------
2020-12-23 22:20:57,523 [1] - System.ArgumentException: 列“sjz_z_fj”不属于表 Table。
   在 System.Data.DataRow.GetDataColumn(String columnName)
   在 System.Data.DataRow.get_Item(String columnName)
   在 text.doors.dal.DAL_dt_Settings.GetQMListByCode(String code) 位置 E:\08-GitHub\jky-doors-3x-new\text.doors\Service\DAL_dt_Settings.cs:行号 255
   在 text.doors.Detection.AirtightDetection.GetWindSpeedBase(Int32 qm_TestCount) 位置 E:\08-GitHub\jky-doors-3x-new\text.doors\Detection\AirtightDetection.cs:行号 220
   在 text.doors.Detection.AirtightDetection.GetPressureFlow(QM_TestCount qm_TestCount) 位置 E:\08-GitHub\jky-doors-3x-new\text.doors\Detection\AirtightDetection.cs:行号 134
   在 text.doors.Detection.AirtightDetection.BindFlowBase(QM_TestCount qm_TestCount) 位置 E:\08-GitHub\jky-doors-3x-new\text.doors\Detection\AirtightDetection.cs:行号 154
   在 text.doors.Detection.AirtightDetection.Init() 位置 E:\08-GitHub\jky-doors-3x-new\text.doors\Detection\AirtightDetection.cs:行号 90
   在 text.doors.Detection.AirtightDetection..ctor(SerialPortClient tcpClient, String tempCode, String tempTong) 位置 E:\08-GitHub\jky-doors-3x-new\text.doors\Detection\AirtightDetection.cs:行号 83
   在 text.doors.MainForm.ShowAirtightDetection() 位置 E:\08-GitHub\jky-doors-3x-new\text.doors\MainForm.cs:行号 235
   在 text.doors.MainForm.SelectDangHao(BottomType bt) 位置 E:\08-GitHub\jky-doors-3x-new\text.doors\MainForm.cs:行号 156
   在 text.doors.Detection.DetectionSet.btn_Ok_Click(Object sender, EventArgs e) 位置 E:\08-GitHub\jky-doors-3x-new\text.doors\Detection\DetectionSet.cs:行号 71
------------------------------------------------------------
2020-12-23 22:22:56,180 [1] - System.ArgumentOutOfRangeException: 索引超出范围。必须为非负值并小于集合大小。
参数名: index
   在 System.Collections.ArrayList.get_Item(Int32 index)
   在 System.Windows.Forms.DataGridViewRowCollection.SharedRow(Int32 rowIndex)
   在 System.Windows.Forms.DataGridViewRowCollection.get_Item(Int32 index)
   在 text.doors.Detection.AirtightDetection.GetDatabaseLevelIndex(QM_TestCount qm_TestCount) 位置 E:\08-GitHub\jky-doors-3x-new\text.doors\Detection\AirtightDetection.cs:行号 1694
   在 text.doors.Detection.AirtightDetection.BindLevelIndex(QM_TestCount qm_TestCount) 位置 E:\08-GitHub\jky-doors-3x-new\text.doors\Detection\AirtightDetection.cs:行号 413
   在 text.doors.Detection.AirtightDetection.Init() 位置 E:\08-GitHub\jky-doors-3x-new\text.doors\Detection\AirtightDetection.cs:行号 91
   在 text.doors.Detection.AirtightDetection..ctor(SerialPortClient tcpClient, String tempCode, String tempTong) 位置 E:\08-GitHub\jky-doors-3x-new\text.doors\Detection\AirtightDetection.cs:行号 83
   在 text.doors.MainForm.ShowAirtightDetection() 位置 E:\08-GitHub\jky-doors-3x-new\text.doors\MainForm.cs:行号 235
   在 text.doors.MainForm.SelectDangHao(BottomType bt) 位置 E:\08-GitHub\jky-doors-3x-new\text.doors\MainForm.cs:行号 156
   在 text.doors.Detection.DetectionSet.btn_Ok_Click(Object sender, EventArgs e) 位置 E:\08-GitHub\jky-doors-3x-new\text.doors\Detection\DetectionSet.cs:行号 71
2020-12-23 22:23:13,147 [1] - System.ArgumentOutOfRangeException: 索引超出范围。必须为非负值并小于集合大小。
参数名: index
   在 System.Collections.ArrayList.get_Item(Int32 index)
   在 System.Windows.Forms.DataGridViewRowCollection.SharedRow(Int32 rowIndex)
   在 System.Windows.Forms.DataGridViewRowCollection.get_Item(Int32 index)
   在 text.doors.Detection.AirtightDetection.GetDatabaseLevelIndex(QM_TestCount qm_TestCount) 位置 E:\08-GitHub\jky-doors-3x-new\text.doors\Detection\AirtightDetection.cs:行号 1694
   在 text.doors.Detection.AirtightDetection.BindLevelIndex(QM_TestCount qm_TestCount) 位置 E:\08-GitHub\jky-doors-3x-new\text.doors\Detection\AirtightDetection.cs:行号 413
   在 text.doors.Detection.AirtightDetection.Init() 位置 E:\08-GitHub\jky-doors-3x-new\text.doors\Detection\AirtightDetection.cs:行号 91
   在 text.doors.Detection.AirtightDetection..ctor(SerialPortClient tcpClient, String tempCode, String tempTong) 位置 E:\08-GitHub\jky-doors-3x-new\text.doors\Detection\AirtightDetection.cs:行号 83
   在 text.doors.MainForm.ShowAirtightDetection() 位置 E:\08-GitHub\jky-doors-3x-new\text.doors\MainForm.cs:行号 235
   在 text.doors.MainForm.SelectDangHao(BottomType bt) 位置 E:\08-GitHub\jky-doors-3x-new\text.doors\MainForm.cs:行号 156
   在 text.doors.Detection.DetectionSet.btn_Ok_Click(Object sender, EventArgs e) 位置 E:\08-GitHub\jky-doors-3x-new\text.doors\Detection\DetectionSet.cs:行号 71
2020-12-23 22:23:43,945 [1] - System.ArgumentOutOfRangeException: 索引超出范围。必须为非负值并小于集合大小。
参数名: index
   在 System.Collections.ArrayList.get_Item(Int32 index)
   在 System.Windows.Forms.DataGridViewRowCollection.SharedRow(Int32 rowIndex)
   在 System.Windows.Forms.DataGridViewRowCollection.get_Item(Int32 index)
   在 text.doors.Detection.AirtightDetection.GetDatabaseLevelIndex(QM_TestCount qm_TestCount) 位置 E:\08-GitHub\jky-doors-3x-new\text.doors\Detection\AirtightDetection.cs:行号 1694
   在 text.doors.Detection.AirtightDetection.BindLevelIndex(QM_TestCount qm_TestCount) 位置 E:\08-GitHub\jky-doors-3x-new\text.doors\Detection\AirtightDetection.cs:行号 413
   在 text.doors.Detection.AirtightDetection.Init() 位置 E:\08-GitHub\jky-doors-3x-new\text.doors\Detection\AirtightDetection.cs:行号 91
   在 text.doors.Detection.AirtightDetection..ctor(SerialPortClient tcpClient, String tempCode, String tempTong) 位置 E:\08-GitHub\jky-doors-3x-new\text.doors\Detection\AirtightDetection.cs:行号 83
   在 text.doors.MainForm.ShowAirtightDetection() 位置 E:\08-GitHub\jky-doors-3x-new\text.doors\MainForm.cs:行号 235
   在 text.doors.MainForm.SelectDangHao(BottomType bt) 位置 E:\08-GitHub\jky-doors-3x-new\text.doors\MainForm.cs:行号 156
   在 text.doors.Detection.DetectionSet.btn_Ok_Click(Object sender, EventArgs e) 位置 E:\08-GitHub\jky-doors-3x-new\text.doors\Detection\DetectionSet.cs:行号 71
------------------------------------------------------------
